#
# A fatal error has been detected by the Java Runtime Environment:
#
#  SIGSEGV (0xb) at pc=0x0000000105365614, pid=4145, tid=775
#
# JRE version: Java(TM) SE Runtime Environment (10.0.2+13) (build 10.0.2+13)
# Java VM: Java HotSpot(TM) 64-Bit Server VM (10.0.2+13, mixed mode, tiered, compressed oops, g1 gc, bsd-amd64)
# Problematic frame:
# V  [libjvm.dylib+0x765614]  JavaThread::set_thread_state(JavaThreadState)+0x4
#
# No core dump will be written. Core dumps have been disabled. To enable core dumping, try "ulimit -c unlimited" before starting Java again
#
# If you would like to submit a bug report, please visit:
#   http://bugreport.java.com/bugreport/crash.jsp
#

---------------  S U M M A R Y ------------

Command Line: -javaagent:/Applications/IntelliJ IDEA CE.app/Contents/lib/idea_rt.jar=52340:/Applications/IntelliJ IDEA CE.app/Contents/bin -Dfile.encoding=UTF-8 MainPrincipal

Host: MacBookPro14,1 x86_64 2300 MHz, 4 cores, 8G, Darwin 19.2.0
Time: Thu Jan 30 00:47:59 2020 CST elapsed time: 215 seconds (0d 0h 3m 35s)

---------------  T H R E A D  ---------------

Current thread is native thread

Stack: [0x00007ffeeb0da000,0x00007ffeeb8da000],  sp=0x00007ffeeb8d4e50,  free space=8171k
Native frames: (J=compiled Java code, A=aot compiled Java code, j=interpreted, Vv=VM code, C=native code)
V  [libjvm.dylib+0x765614]  JavaThread::set_thread_state(JavaThreadState)+0x4
V  [libjvm.dylib+0x765bb7]  ThreadStateTransition::transition_from_native(JavaThread*, JavaThreadState)+0x17
V  [libjvm.dylib+0x4113f8]  jni_IsSameObject+0x42
C  [JavaNativeFoundation+0x6f07]  -[JNFWeakJObjectWrapper _getWithEnv:]+0x1b
C  [JavaNativeFoundation+0x6d4c]  -[JNFJObjectWrapper jObjectWithEnv:]+0x16
C  [libawt_lwawt.dylib+0x1bc9c]  -[CGLLayer drawInCGLContext:pixelFormat:forLayerTime:displayTime:]+0xa1
C  [QuartzCore+0xc1ab9]  CAOpenGLLayerDraw(CAOpenGLLayer*, double, CVTimeStamp const*, unsigned int)+0x7ba
C  [QuartzCore+0xc1124]  -[CAOpenGLLayer _display]+0x244
C  [QuartzCore+0x249f1]  CA::Layer::display_if_needed(CA::Transaction*)+0x2e3
C  [QuartzCore+0x33da]  CA::Context::commit_transaction(CA::Transaction*, double)+0x14e
C  [QuartzCore+0x2002]  CA::Transaction::commit()+0x27e
C  [QuartzCore+0x3d966]  CA::Transaction::observer_callback(__CFRunLoopObserver*, unsigned long, void*)+0x42
C  [CoreFoundation+0x840ee]  __CFRUNLOOP_IS_CALLING_OUT_TO_AN_OBSERVER_CALLBACK_FUNCTION__+0x17
C  [CoreFoundation+0x84014]  __CFRunLoopDoObservers+0x1c9
C  [CoreFoundation+0x83832]  __CFRunLoopRun+0x5ea
C  [CoreFoundation+0x82bd3]  CFRunLoopRunSpecific+0x1f3
C  [java+0x6bc3]  CreateExecutionEnvironment+0x191
C  [java+0x2ebc]  JLI_Launch+0x620
C  [java+0x1d4c]  main+0x180
C  [java+0x1bc4]  start+0x34


siginfo: si_signo: 11 (SIGSEGV), si_code: 1 (SEGV_MAPERR), si_addr: 0x00000000000002e8

Register to memory mapping:

RAX=
[error occurred during error reporting (printing register info), id 0xb]

Registers:
RAX=0x000000000000dead, RBX=0x0000000000000000, RCX=0x0000000111695dc0, RDX=0x0000000000000000
RSP=0x00007ffeeb8d4e50, RBP=0x00007ffeeb8d4e50, RSI=0x0000000000000005, RDI=0x0000000000000000
R8 =0x0000000000000000, R9 =0x00000000000009b8, R10=0x00007fff943a9250, R11=0x00007fff3f553eec
R12=0x00007fd822d17a01, R13=0x00007fd8268860a0, R14=0x0000000000000006, R15=0x00007fd82578f710
RIP=0x0000000105365614, EFLAGS=0x0000000000010202, ERR=0x0000000000000006
  TRAPNO=0x000000000000000e

Top of Stack: (sp=0x00007ffeeb8d4e50)
0x00007ffeeb8d4e50:   00007ffeeb8d4e70 0000000105365bb7
0x00007ffeeb8d4e60:   00007fd823a1a270 0000000000000000
0x00007ffeeb8d4e70:   00007ffeeb8d4eb0 00000001050113f8
0x00007ffeeb8d4e80:   00007fd8268ed8e0 0000000000000000
0x00007ffeeb8d4e90:   00007fd826883bc0 00007fd8276e8800
0x00007ffeeb8d4ea0:   00007fff7104f000 00007fd82578f710
0x00007ffeeb8d4eb0:   00007ffeeb8d4ed0 00007fff3f553f07
0x00007ffeeb8d4ec0:   00007fd826883bc0 00007fd823a1a270
0x00007ffeeb8d4ed0:   00007ffeeb8d4ef0 00007fff3f553d4c
0x00007ffeeb8d4ee0:   00007fd826883bc0 00007fd823a1a270
0x00007ffeeb8d4ef0:   00007ffeeb8d4f50 000000012e615c9c
0x00007ffeeb8d4f00:   00007fd8276e8800 40c6d5097aac529e
0x00007ffeeb8d4f10:   0000000000000000 00007fd825102530
0x00007ffeeb8d4f20:   00007ffeeb8d4f50 00007fff7104f000
0x00007ffeeb8d4f30:   00007fd826886a80 00007fd8268860a0
0x00007ffeeb8d4f40:   00007fd8268860a0 00007fd825102530
0x00007ffeeb8d4f50:   00007ffeeb8d5010 00007fff46633ab9
0x00007ffeeb8d4f60:   00007ffeeb8d4fd0 0000000000000000
0x00007ffeeb8d4f70:   0000000000000000 00007fd8268860a0
0x00007ffeeb8d4f80:   0000000000000000 0000000400000000
0x00007ffeeb8d4f90:   00007fd822d1cc10 0000000000000000
0x00007ffeeb8d4fa0:   40c6d5097aac529e 00007fd8268860a0
0x00007ffeeb8d4fb0:   0000000000000004 0000000000000000
0x00007ffeeb8d4fc0:   0000000000000000 00007ffeeb8d4fe8
0x00007ffeeb8d4fd0:   00007ffeeb8d5010 00007fff465b675e
0x00007ffeeb8d4fe0:   5fb29cc348cd0021 00007fff7104f000
0x00007ffeeb8d4ff0:   0000000000000004 0000000000000000
0x00007ffeeb8d5000:   00007fd8268860a0 00007fff7c3e83bf
0x00007ffeeb8d5010:   00007ffeeb8d5090 00007fff46633124
0x00007ffeeb8d5020:   0000000000000000 4088500000000000
0x00007ffeeb8d5030:   4093700000000000 4000000000000000
0x00007ffeeb8d5040:   0000000000000000 0000000000000000 

Instructions: (pc=0x0000000105365614)
0x00000001053655f4:   48 89 df 44 89 f6 5b 41 5e 5d e9 0d 00 00 00 66
0x0000000105365604:   66 66 66 2e 0f 1f 84 00 00 00 00 00 55 48 89 e5
0x0000000105365614:   89 b7 e8 02 00 00 5d c3 0f 1f 40 00 55 48 89 e5
0x0000000105365624:   be 01 00 00 00 5d e9 a1 03 00 00 90 55 48 89 e5 


---------------  P R O C E S S  ---------------

VM state:not at safepoint (normal execution)

VM Mutex/Monitor currently owned by a thread: None

Heap address: 0x0000000740000000, size: 2048 MB, Compressed Oops mode: Zero based, Oop shift amount: 3
Narrow klass base: 0x0000000000000000, Narrow klass shift: 3
Compressed class space size: 1073741824 Address: 0x00000007c0000000

Heap:
 garbage-first heap   total 212992K, used 151050K [0x0000000740000000, 0x00000007c0000000)
  region size 1024K, 85 young (87040K), 11 survivors (11264K)
 Metaspace       used 68711K, capacity 70660K, committed 71372K, reserved 1112064K
  class space    used 7975K, capacity 8808K, committed 8908K, reserved 1048576K
Heap Regions: E=young(eden), S=young(survivor), O=old, HS=humongous(starts), HC=humongous(continues), CS=collection set, F=free, A=archive, TS=gc time stamp, AC=allocation context, TAMS=top-at-mark-start (previous, next)
|   0|0x0000000740000000, 0x0000000740100000, 0x0000000740100000|100%| O|  |TS  0|AC  0|TAMS 0x0000000740100000, 0x0000000740100000|
|   1|0x0000000740100000, 0x0000000740200000, 0x0000000740200000|100%| O|  |TS  0|AC  0|TAMS 0x0000000740200000, 0x0000000740200000|
|   2|0x0000000740200000, 0x0000000740300000, 0x0000000740300000|100%| O|  |TS  0|AC  0|TAMS 0x0000000740300000, 0x0000000740300000|
|   3|0x0000000740300000, 0x0000000740400000, 0x0000000740400000|100%| O|  |TS  0|AC  0|TAMS 0x0000000740400000, 0x0000000740400000|
|   4|0x0000000740400000, 0x0000000740500000, 0x0000000740500000|100%| O|  |TS  0|AC  0|TAMS 0x0000000740500000, 0x0000000740500000|
|   5|0x0000000740500000, 0x0000000740600000, 0x0000000740600000|100%|HS|  |TS  0|AC  0|TAMS 0x0000000740600000, 0x0000000740600000|
|   6|0x0000000740600000, 0x0000000740700000, 0x0000000740700000|100%|HC|  |TS  0|AC  0|TAMS 0x0000000740700000, 0x0000000740700000|
|   7|0x0000000740700000, 0x0000000740800000, 0x0000000740800000|100%| O|  |TS  0|AC  0|TAMS 0x0000000740800000, 0x0000000740800000|
|   8|0x0000000740800000, 0x0000000740900000, 0x0000000740900000|100%| O|  |TS  0|AC  0|TAMS 0x0000000740900000, 0x0000000740900000|
|   9|0x0000000740900000, 0x0000000740a00000, 0x0000000740a00000|100%| O|  |TS  0|AC  0|TAMS 0x0000000740a00000, 0x0000000740a00000|
|  10|0x0000000740a00000, 0x0000000740b00000, 0x0000000740b00000|100%| O|  |TS  0|AC  0|TAMS 0x0000000740b00000, 0x0000000740b00000|
|  11|0x0000000740b00000, 0x0000000740c00000, 0x0000000740c00000|100%| O|  |TS  0|AC  0|TAMS 0x0000000740c00000, 0x0000000740c00000|
|  12|0x0000000740c00000, 0x0000000740d00000, 0x0000000740d00000|100%| O|  |TS  0|AC  0|TAMS 0x0000000740d00000, 0x0000000740d00000|
|  13|0x0000000740d00000, 0x0000000740e00000, 0x0000000740e00000|100%| O|  |TS  0|AC  0|TAMS 0x0000000740e00000, 0x0000000740e00000|
|  14|0x0000000740e00000, 0x0000000740f00000, 0x0000000740f00000|100%| O|  |TS  0|AC  0|TAMS 0x0000000740f00000, 0x0000000740f00000|
|  15|0x0000000740f00000, 0x0000000741000000, 0x0000000741000000|100%| O|  |TS  0|AC  0|TAMS 0x0000000741000000, 0x0000000741000000|
|  16|0x0000000741000000, 0x0000000741100000, 0x0000000741100000|100%| O|  |TS  0|AC  0|TAMS 0x0000000741100000, 0x0000000741100000|
|  17|0x0000000741100000, 0x0000000741200000, 0x0000000741200000|100%| O|  |TS  0|AC  0|TAMS 0x0000000741200000, 0x0000000741200000|
|  18|0x0000000741200000, 0x0000000741300000, 0x0000000741300000|100%| O|  |TS  0|AC  0|TAMS 0x0000000741300000, 0x0000000741300000|
|  19|0x0000000741300000, 0x0000000741400000, 0x0000000741400000|100%| O|  |TS  0|AC  0|TAMS 0x0000000741400000, 0x0000000741400000|
|  20|0x0000000741400000, 0x0000000741500000, 0x0000000741500000|100%| O|  |TS  0|AC  0|TAMS 0x0000000741500000, 0x0000000741500000|
|  21|0x0000000741500000, 0x0000000741600000, 0x0000000741600000|100%| O|  |TS  0|AC  0|TAMS 0x0000000741600000, 0x0000000741600000|
|  22|0x0000000741600000, 0x0000000741700000, 0x0000000741700000|100%| O|  |TS  0|AC  0|TAMS 0x0000000741700000, 0x0000000741700000|
|  23|0x0000000741700000, 0x0000000741800000, 0x0000000741800000|100%| O|  |TS  0|AC  0|TAMS 0x0000000741800000, 0x0000000741800000|
|  24|0x0000000741800000, 0x0000000741900000, 0x0000000741900000|100%| O|  |TS  0|AC  0|TAMS 0x0000000741900000, 0x0000000741900000|
|  25|0x0000000741900000, 0x0000000741a00000, 0x0000000741a00000|100%| O|  |TS 14|AC  0|TAMS 0x0000000741900000, 0x0000000741900000|
|  26|0x0000000741a00000, 0x0000000741b00000, 0x0000000741b00000|100%| O|  |TS  0|AC  0|TAMS 0x0000000741b00000, 0x0000000741b00000|
|  27|0x0000000741b00000, 0x0000000741c00000, 0x0000000741c00000|100%| O|  |TS  0|AC  0|TAMS 0x0000000741c00000, 0x0000000741c00000|
|  28|0x0000000741c00000, 0x0000000741d00000, 0x0000000741d00000|100%|HS|  |TS  0|AC  0|TAMS 0x0000000741d00000, 0x0000000741d00000|
|  29|0x0000000741d00000, 0x0000000741e00000, 0x0000000741e00000|100%|HC|  |TS  0|AC  0|TAMS 0x0000000741e00000, 0x0000000741e00000|
|  30|0x0000000741e00000, 0x0000000741f00000, 0x0000000741f00000|100%|HS|  |TS  0|AC  0|TAMS 0x0000000741f00000, 0x0000000741f00000|
|  31|0x0000000741f00000, 0x0000000742000000, 0x0000000742000000|100%|HC|  |TS  0|AC  0|TAMS 0x0000000742000000, 0x0000000742000000|
|  32|0x0000000742000000, 0x0000000742100000, 0x0000000742100000|100%|HC|  |TS  0|AC  0|TAMS 0x0000000742100000, 0x0000000742100000|
|  33|0x0000000742100000, 0x0000000742200000, 0x0000000742200000|100%|HS|  |TS  0|AC  0|TAMS 0x0000000742200000, 0x0000000742200000|
|  34|0x0000000742200000, 0x0000000742300000, 0x0000000742300000|100%|HC|  |TS  0|AC  0|TAMS 0x0000000742300000, 0x0000000742300000|
|  35|0x0000000742300000, 0x0000000742400000, 0x0000000742400000|100%|HC|  |TS  0|AC  0|TAMS 0x0000000742400000, 0x0000000742400000|
|  36|0x0000000742400000, 0x0000000742500000, 0x0000000742500000|100%| O|  |TS  0|AC  0|TAMS 0x0000000742500000, 0x0000000742500000|
|  37|0x0000000742500000, 0x0000000742600000, 0x0000000742600000|100%| O|  |TS  0|AC  0|TAMS 0x0000000742600000, 0x0000000742600000|
|  38|0x0000000742600000, 0x0000000742700000, 0x0000000742700000|100%| O|  |TS  0|AC  0|TAMS 0x0000000742700000, 0x0000000742700000|
|  39|0x0000000742700000, 0x0000000742800000, 0x0000000742800000|100%| O|  |TS  0|AC  0|TAMS 0x0000000742800000, 0x0000000742800000|
|  40|0x0000000742800000, 0x0000000742900000, 0x0000000742900000|100%| O|  |TS  0|AC  0|TAMS 0x0000000742900000, 0x0000000742900000|
|  41|0x0000000742900000, 0x0000000742a00000, 0x0000000742a00000|100%| O|  |TS  1|AC  0|TAMS 0x00000007429a6c00, 0x00000007429a6c00|
|  42|0x0000000742a00000, 0x0000000742b00000, 0x0000000742b00000|100%|HS|  |TS  0|AC  0|TAMS 0x0000000742a00000, 0x0000000742a00000|
|  43|0x0000000742b00000, 0x0000000742c00000, 0x0000000742c00000|100%|HC|  |TS  0|AC  0|TAMS 0x0000000742b00000, 0x0000000742b00000|
|  44|0x0000000742c00000, 0x0000000742d00000, 0x0000000742d00000|100%| O|  |TS 31|AC  0|TAMS 0x0000000742c00000, 0x0000000742c00000|
|  45|0x0000000742d00000, 0x0000000742e00000, 0x0000000742e00000|100%| O|  |TS 33|AC  0|TAMS 0x0000000742d00000, 0x0000000742d00000|
|  46|0x0000000742e00000, 0x0000000742f00000, 0x0000000742f00000|100%| O|  |TS 37|AC  0|TAMS 0x0000000742e00000, 0x0000000742e00000|
|  47|0x0000000742f00000, 0x0000000743000000, 0x0000000743000000|100%| O|  |TS  1|AC  0|TAMS 0x0000000742f00000, 0x0000000742f00000|
|  48|0x0000000743000000, 0x0000000743100000, 0x0000000743100000|100%| O|  |TS  1|AC  0|TAMS 0x0000000743000000, 0x0000000743000000|
|  49|0x0000000743100000, 0x0000000743200000, 0x0000000743200000|100%| O|  |TS  2|AC  0|TAMS 0x0000000743100000, 0x0000000743100000|
|  50|0x0000000743200000, 0x0000000743300000, 0x0000000743300000|100%| O|  |TS  2|AC  0|TAMS 0x0000000743200000, 0x0000000743200000|
|  51|0x0000000743300000, 0x0000000743400000, 0x0000000743400000|100%| O|  |TS  2|AC  0|TAMS 0x0000000743300000, 0x0000000743300000|
|  52|0x0000000743400000, 0x0000000743500000, 0x0000000743500000|100%| O|  |TS 11|AC  0|TAMS 0x0000000743400000, 0x0000000743400000|
|  53|0x0000000743500000, 0x0000000743600000, 0x0000000743600000|100%|HS|  |TS 45|AC  0|TAMS 0x0000000743500000, 0x0000000743500000|
|  54|0x0000000743600000, 0x0000000743700000, 0x0000000743700000|100%|HC|  |TS 45|AC  0|TAMS 0x0000000743600000, 0x0000000743600000|
|  55|0x0000000743700000, 0x0000000743800000, 0x0000000743800000|100%|HC|  |TS 45|AC  0|TAMS 0x0000000743700000, 0x0000000743700000|
|  56|0x0000000743800000, 0x0000000743900000, 0x0000000743900000|100%| O|  |TS 19|AC  0|TAMS 0x0000000743800000, 0x0000000743800000|
|  57|0x0000000743900000, 0x0000000743a00000, 0x0000000743a00000|100%| O|  |TS 24|AC  0|TAMS 0x0000000743900000, 0x0000000743900000|
|  58|0x0000000743a00000, 0x0000000743b00000, 0x0000000743b00000|100%| O|  |TS 29|AC  0|TAMS 0x0000000743a00000, 0x0000000743a00000|
|  59|0x0000000743b00000, 0x0000000743c00000, 0x0000000743c00000|100%|HS|  |TS 25|AC  0|TAMS 0x0000000743b00000, 0x0000000743b00000|
|  60|0x0000000743c00000, 0x0000000743d00000, 0x0000000743d00000|100%|HC|  |TS 25|AC  0|TAMS 0x0000000743c00000, 0x0000000743c00000|
|  61|0x0000000743d00000, 0x0000000743e00000, 0x0000000743e00000|100%| O|  |TS 26|AC  0|TAMS 0x0000000743d00000, 0x0000000743d00000|
|  62|0x0000000743e00000, 0x0000000743e00000, 0x0000000743f00000|  0%| F|  |TS 46|AC  0|TAMS 0x0000000743e00000, 0x0000000743e00000|
|  63|0x0000000743f00000, 0x0000000743f00000, 0x0000000744000000|  0%| F|  |TS 46|AC  0|TAMS 0x0000000743f00000, 0x0000000743f00000|
|  64|0x0000000744000000, 0x0000000744000000, 0x0000000744100000|  0%| F|  |TS 46|AC  0|TAMS 0x0000000744000000, 0x0000000744000000|
|  65|0x0000000744100000, 0x0000000744200000, 0x0000000744200000|100%| O|  |TS 39|AC  0|TAMS 0x0000000744100000, 0x0000000744100000|
|  66|0x0000000744200000, 0x0000000744200000, 0x0000000744300000|  0%| F|  |TS 44|AC  0|TAMS 0x0000000744200000, 0x0000000744200000|
|  67|0x0000000744300000, 0x0000000744300000, 0x0000000744400000|  0%| F|  |TS 44|AC  0|TAMS 0x0000000744300000, 0x0000000744300000|
|  68|0x0000000744400000, 0x0000000744400000, 0x0000000744500000|  0%| F|  |TS 44|AC  0|TAMS 0x0000000744400000, 0x0000000744400000|
|  69|0x0000000744500000, 0x0000000744544200, 0x0000000744600000| 26%| O|  |TS 46|AC  0|TAMS 0x0000000744500000, 0x0000000744500000|
|  70|0x0000000744600000, 0x0000000744600000, 0x0000000744700000|  0%| F|  |TS 39|AC  0|TAMS 0x0000000744600000, 0x0000000744600000|
|  71|0x0000000744700000, 0x0000000744700000, 0x0000000744800000|  0%| F|  |TS 39|AC  0|TAMS 0x0000000744700000, 0x0000000744700000|
|  72|0x0000000744800000, 0x0000000744800000, 0x0000000744900000|  0%| F|  |TS 40|AC  0|TAMS 0x0000000744800000, 0x0000000744800000|
|  73|0x0000000744900000, 0x0000000744900000, 0x0000000744a00000|  0%| F|  |TS 40|AC  0|TAMS 0x0000000744900000, 0x0000000744900000|
|  74|0x0000000744a00000, 0x0000000744a00000, 0x0000000744b00000|  0%| F|  |TS 40|AC  0|TAMS 0x0000000744a00000, 0x0000000744a00000|
|  75|0x0000000744b00000, 0x0000000744c00000, 0x0000000744c00000|100%| O|  |TS 42|AC  0|TAMS 0x0000000744b00000, 0x0000000744b00000|
|  76|0x0000000744c00000, 0x0000000744c00000, 0x0000000744d00000|  0%| F|  |TS 16|AC  0|TAMS 0x0000000744c00000, 0x0000000744c00000|
|  77|0x0000000744d00000, 0x0000000744d00000, 0x0000000744e00000|  0%| F|  |TS 20|AC  0|TAMS 0x0000000744d00000, 0x0000000744d00000|
|  78|0x0000000744e00000, 0x0000000744e00000, 0x0000000744f00000|  0%| F|  |TS 19|AC  0|TAMS 0x0000000744e00000, 0x0000000744e00000|
|  79|0x0000000744f00000, 0x0000000744f00000, 0x0000000745000000|  0%| F|  |TS 19|AC  0|TAMS 0x0000000744f00000, 0x0000000744f00000|
|  80|0x0000000745000000, 0x0000000745000000, 0x0000000745100000|  0%| F|  |TS 19|AC  0|TAMS 0x0000000745000000, 0x0000000745000000|
|  81|0x0000000745100000, 0x0000000745100000, 0x0000000745200000|  0%| F|  |TS 30|AC  0|TAMS 0x0000000745100000, 0x0000000745100000|
|  82|0x0000000745200000, 0x000000074523e7e0, 0x0000000745300000| 24%| S|CS|TS 46|AC  0|TAMS 0x0000000745200000, 0x0000000745200000|
|  83|0x0000000745300000, 0x0000000745400000, 0x0000000745400000|100%| S|CS|TS 46|AC  0|TAMS 0x0000000745300000, 0x0000000745300000|
|  84|0x0000000745400000, 0x0000000745500000, 0x0000000745500000|100%| S|CS|TS 46|AC  0|TAMS 0x0000000745400000, 0x0000000745400000|
|  85|0x0000000745500000, 0x0000000745500000, 0x0000000745600000|  0%| F|  |TS 46|AC  0|TAMS 0x0000000745500000, 0x0000000745500000|
|  86|0x0000000745600000, 0x0000000745600000, 0x0000000745700000|  0%| F|  |TS 46|AC  0|TAMS 0x0000000745600000, 0x0000000745600000|
|  87|0x0000000745700000, 0x0000000745700000, 0x0000000745800000|  0%| F|  |TS 46|AC  0|TAMS 0x0000000745700000, 0x0000000745700000|
|  88|0x0000000745800000, 0x0000000745800000, 0x0000000745900000|  0%| F|  |TS 46|AC  0|TAMS 0x0000000745800000, 0x0000000745800000|
|  89|0x0000000745900000, 0x0000000745900000, 0x0000000745a00000|  0%| F|  |TS 46|AC  0|TAMS 0x0000000745900000, 0x0000000745900000|
|  90|0x0000000745a00000, 0x0000000745a00000, 0x0000000745b00000|  0%| F|  |TS 46|AC  0|TAMS 0x0000000745a00000, 0x0000000745a00000|
|  91|0x0000000745b00000, 0x0000000745b00000, 0x0000000745c00000|  0%| F|  |TS 46|AC  0|TAMS 0x0000000745b00000, 0x0000000745b00000|
|  92|0x0000000745c00000, 0x0000000745d00000, 0x0000000745d00000|100%| S|CS|TS 46|AC  0|TAMS 0x0000000745c00000, 0x0000000745c00000|
|  93|0x0000000745d00000, 0x0000000745e00000, 0x0000000745e00000|100%| S|CS|TS 46|AC  0|TAMS 0x0000000745d00000, 0x0000000745d00000|
|  94|0x0000000745e00000, 0x0000000745f00000, 0x0000000745f00000|100%| S|CS|TS 46|AC  0|TAMS 0x0000000745e00000, 0x0000000745e00000|
|  95|0x0000000745f00000, 0x0000000746000000, 0x0000000746000000|100%| S|CS|TS 46|AC  0|TAMS 0x0000000745f00000, 0x0000000745f00000|
|  96|0x0000000746000000, 0x0000000746100000, 0x0000000746100000|100%| S|CS|TS 46|AC  0|TAMS 0x0000000746000000, 0x0000000746000000|
|  97|0x0000000746100000, 0x0000000746200000, 0x0000000746200000|100%| S|CS|TS 46|AC  0|TAMS 0x0000000746100000, 0x0000000746100000|
|  98|0x0000000746200000, 0x0000000746300000, 0x0000000746300000|100%| S|CS|TS 46|AC  0|TAMS 0x0000000746200000, 0x0000000746200000|
|  99|0x0000000746300000, 0x0000000746400000, 0x0000000746400000|100%| S|CS|TS 46|AC  0|TAMS 0x0000000746300000, 0x0000000746300000|
| 100|0x0000000746400000, 0x0000000746400000, 0x0000000746500000|  0%| F|  |TS 46|AC  0|TAMS 0x0000000746400000, 0x0000000746400000|
| 101|0x0000000746500000, 0x0000000746500000, 0x0000000746600000|  0%| F|  |TS 46|AC  0|TAMS 0x0000000746500000, 0x0000000746500000|
| 102|0x0000000746600000, 0x0000000746600000, 0x0000000746700000|  0%| F|  |TS 46|AC  0|TAMS 0x0000000746600000, 0x0000000746600000|
| 103|0x0000000746700000, 0x0000000746700000, 0x0000000746800000|  0%| F|  |TS 46|AC  0|TAMS 0x0000000746700000, 0x0000000746700000|
| 104|0x0000000746800000, 0x0000000746800000, 0x0000000746900000|  0%| F|  |TS 46|AC  0|TAMS 0x0000000746800000, 0x0000000746800000|
| 105|0x0000000746900000, 0x0000000746900000, 0x0000000746a00000|  0%| F|  |TS 46|AC  0|TAMS 0x0000000746900000, 0x0000000746900000|
| 106|0x0000000746a00000, 0x0000000746a00000, 0x0000000746b00000|  0%| F|  |TS 46|AC  0|TAMS 0x0000000746a00000, 0x0000000746a00000|
| 107|0x0000000746b00000, 0x0000000746b00000, 0x0000000746c00000|  0%| F|  |TS 46|AC  0|TAMS 0x0000000746b00000, 0x0000000746b00000|
| 108|0x0000000746c00000, 0x0000000746c00000, 0x0000000746d00000|  0%| F|  |TS 46|AC  0|TAMS 0x0000000746c00000, 0x0000000746c00000|
| 109|0x0000000746d00000, 0x0000000746d00000, 0x0000000746e00000|  0%| F|  |TS 46|AC  0|TAMS 0x0000000746d00000, 0x0000000746d00000|
| 110|0x0000000746e00000, 0x0000000746e00000, 0x0000000746f00000|  0%| F|  |TS 46|AC  0|TAMS 0x0000000746e00000, 0x0000000746e00000|
| 111|0x0000000746f00000, 0x0000000746f00000, 0x0000000747000000|  0%| F|  |TS 46|AC  0|TAMS 0x0000000746f00000, 0x0000000746f00000|
| 112|0x0000000747000000, 0x0000000747000000, 0x0000000747100000|  0%| F|  |TS 46|AC  0|TAMS 0x0000000747000000, 0x0000000747000000|
| 113|0x0000000747100000, 0x0000000747100000, 0x0000000747200000|  0%| F|  |TS 46|AC  0|TAMS 0x0000000747100000, 0x0000000747100000|
| 114|0x0000000747200000, 0x0000000747200000, 0x0000000747300000|  0%| F|  |TS 46|AC  0|TAMS 0x0000000747200000, 0x0000000747200000|
| 115|0x0000000747300000, 0x0000000747300000, 0x0000000747400000|  0%| F|  |TS 46|AC  0|TAMS 0x0000000747300000, 0x0000000747300000|
| 116|0x0000000747400000, 0x0000000747400000, 0x0000000747500000|  0%| F|  |TS 46|AC  0|TAMS 0x0000000747400000, 0x0000000747400000|
| 117|0x0000000747500000, 0x0000000747500000, 0x0000000747600000|  0%| F|  |TS 46|AC  0|TAMS 0x0000000747500000, 0x0000000747500000|
| 118|0x0000000747600000, 0x0000000747600000, 0x0000000747700000|  0%| F|  |TS 46|AC  0|TAMS 0x0000000747600000, 0x0000000747600000|
| 119|0x0000000747700000, 0x0000000747700000, 0x0000000747800000|  0%| F|  |TS 46|AC  0|TAMS 0x0000000747700000, 0x0000000747700000|
| 120|0x0000000747800000, 0x0000000747800000, 0x0000000747900000|  0%| F|  |TS 46|AC  0|TAMS 0x0000000747800000, 0x0000000747800000|
| 121|0x0000000747900000, 0x0000000747900000, 0x0000000747a00000|  0%| F|  |TS 46|AC  0|TAMS 0x0000000747900000, 0x0000000747900000|
| 122|0x0000000747a00000, 0x0000000747a00000, 0x0000000747b00000|  0%| F|  |TS 46|AC  0|TAMS 0x0000000747a00000, 0x0000000747a00000|
| 123|0x0000000747b00000, 0x0000000747b00000, 0x0000000747c00000|  0%| F|  |TS 46|AC  0|TAMS 0x0000000747b00000, 0x0000000747b00000|
| 124|0x0000000747c00000, 0x0000000747c00000, 0x0000000747d00000|  0%| F|  |TS 46|AC  0|TAMS 0x0000000747c00000, 0x0000000747c00000|
| 125|0x0000000747d00000, 0x0000000747d00000, 0x0000000747e00000|  0%| F|  |TS 46|AC  0|TAMS 0x0000000747d00000, 0x0000000747d00000|
| 126|0x0000000747e00000, 0x0000000747e00000, 0x0000000747f00000|  0%| F|  |TS 46|AC  0|TAMS 0x0000000747e00000, 0x0000000747e00000|
| 127|0x0000000747f00000, 0x0000000747f00000, 0x0000000748000000|  0%| F|  |TS 46|AC  0|TAMS 0x0000000747f00000, 0x0000000747f00000|
| 128|0x0000000748000000, 0x0000000748000000, 0x0000000748100000|  0%| F|  |TS 46|AC  0|TAMS 0x0000000748000000, 0x0000000748000000|
| 129|0x0000000748100000, 0x0000000748100000, 0x0000000748200000|  0%| F|  |TS 46|AC  0|TAMS 0x0000000748100000, 0x0000000748100000|
| 130|0x0000000748200000, 0x0000000748200000, 0x0000000748300000|  0%| F|  |TS 46|AC  0|TAMS 0x0000000748200000, 0x0000000748200000|
| 131|0x0000000748300000, 0x0000000748300000, 0x0000000748400000|  0%| F|  |TS 46|AC  0|TAMS 0x0000000748300000, 0x0000000748300000|
| 132|0x0000000748400000, 0x0000000748400000, 0x0000000748500000|  0%| F|  |TS 46|AC  0|TAMS 0x0000000748400000, 0x0000000748400000|
| 133|0x0000000748500000, 0x0000000748500000, 0x0000000748600000|  0%| F|  |TS 46|AC  0|TAMS 0x0000000748500000, 0x0000000748500000|
| 134|0x0000000748600000, 0x000000074865c5b0, 0x0000000748700000| 36%| E|  |TS 46|AC  0|TAMS 0x0000000748600000, 0x0000000748600000|
| 135|0x0000000748700000, 0x0000000748800000, 0x0000000748800000|100%| E|CS|TS 46|AC  0|TAMS 0x0000000748700000, 0x0000000748700000|
| 136|0x0000000748800000, 0x0000000748900000, 0x0000000748900000|100%| E|CS|TS 46|AC  0|TAMS 0x0000000748800000, 0x0000000748800000|
| 137|0x0000000748900000, 0x0000000748a00000, 0x0000000748a00000|100%| E|CS|TS 46|AC  0|TAMS 0x0000000748900000, 0x0000000748900000|
| 138|0x0000000748a00000, 0x0000000748b00000, 0x0000000748b00000|100%| E|CS|TS 46|AC  0|TAMS 0x0000000748a00000, 0x0000000748a00000|
| 139|0x0000000748b00000, 0x0000000748c00000, 0x0000000748c00000|100%| E|CS|TS 46|AC  0|TAMS 0x0000000748b00000, 0x0000000748b00000|
| 140|0x0000000748c00000, 0x0000000748d00000, 0x0000000748d00000|100%| E|CS|TS 46|AC  0|TAMS 0x0000000748c00000, 0x0000000748c00000|
| 141|0x0000000748d00000, 0x0000000748e00000, 0x0000000748e00000|100%| E|CS|TS 46|AC  0|TAMS 0x0000000748d00000, 0x0000000748d00000|
| 142|0x0000000748e00000, 0x0000000748f00000, 0x0000000748f00000|100%| E|CS|TS 46|AC  0|TAMS 0x0000000748e00000, 0x0000000748e00000|
| 143|0x0000000748f00000, 0x0000000749000000, 0x0000000749000000|100%| E|CS|TS 46|AC  0|TAMS 0x0000000748f00000, 0x0000000748f00000|
| 144|0x0000000749000000, 0x0000000749100000, 0x0000000749100000|100%| E|CS|TS 46|AC  0|TAMS 0x0000000749000000, 0x0000000749000000|
| 145|0x0000000749100000, 0x0000000749200000, 0x0000000749200000|100%| E|CS|TS 46|AC  0|TAMS 0x0000000749100000, 0x0000000749100000|
| 146|0x0000000749200000, 0x0000000749300000, 0x0000000749300000|100%| E|CS|TS 46|AC  0|TAMS 0x0000000749200000, 0x0000000749200000|
| 147|0x0000000749300000, 0x0000000749400000, 0x0000000749400000|100%| E|CS|TS 46|AC  0|TAMS 0x0000000749300000, 0x0000000749300000|
| 148|0x0000000749400000, 0x0000000749500000, 0x0000000749500000|100%| E|CS|TS 46|AC  0|TAMS 0x0000000749400000, 0x0000000749400000|
| 149|0x0000000749500000, 0x0000000749600000, 0x0000000749600000|100%| E|CS|TS 46|AC  0|TAMS 0x0000000749500000, 0x0000000749500000|
| 150|0x0000000749600000, 0x0000000749700000, 0x0000000749700000|100%| E|CS|TS 46|AC  0|TAMS 0x0000000749600000, 0x0000000749600000|
| 151|0x0000000749700000, 0x0000000749800000, 0x0000000749800000|100%| E|CS|TS 46|AC  0|TAMS 0x0000000749700000, 0x0000000749700000|
| 152|0x0000000749800000, 0x0000000749900000, 0x0000000749900000|100%| E|CS|TS 46|AC  0|TAMS 0x0000000749800000, 0x0000000749800000|
| 153|0x0000000749900000, 0x0000000749a00000, 0x0000000749a00000|100%| E|CS|TS 46|AC  0|TAMS 0x0000000749900000, 0x0000000749900000|
| 154|0x0000000749a00000, 0x0000000749b00000, 0x0000000749b00000|100%| E|CS|TS 46|AC  0|TAMS 0x0000000749a00000, 0x0000000749a00000|
| 155|0x0000000749b00000, 0x0000000749c00000, 0x0000000749c00000|100%| E|CS|TS 46|AC  0|TAMS 0x0000000749b00000, 0x0000000749b00000|
| 156|0x0000000749c00000, 0x0000000749d00000, 0x0000000749d00000|100%| E|CS|TS 46|AC  0|TAMS 0x0000000749c00000, 0x0000000749c00000|
| 157|0x0000000749d00000, 0x0000000749e00000, 0x0000000749e00000|100%| E|CS|TS 46|AC  0|TAMS 0x0000000749d00000, 0x0000000749d00000|
| 158|0x0000000749e00000, 0x0000000749f00000, 0x0000000749f00000|100%| E|CS|TS 46|AC  0|TAMS 0x0000000749e00000, 0x0000000749e00000|
| 159|0x0000000749f00000, 0x000000074a000000, 0x000000074a000000|100%| E|CS|TS 46|AC  0|TAMS 0x0000000749f00000, 0x0000000749f00000|
| 160|0x000000074a000000, 0x000000074a100000, 0x000000074a100000|100%| E|CS|TS 46|AC  0|TAMS 0x000000074a000000, 0x000000074a000000|
| 161|0x000000074a100000, 0x000000074a200000, 0x000000074a200000|100%| E|CS|TS 46|AC  0|TAMS 0x000000074a100000, 0x000000074a100000|
| 162|0x000000074a200000, 0x000000074a300000, 0x000000074a300000|100%| E|CS|TS 46|AC  0|TAMS 0x000000074a200000, 0x000000074a200000|
| 163|0x000000074a300000, 0x000000074a400000, 0x000000074a400000|100%| E|CS|TS 46|AC  0|TAMS 0x000000074a300000, 0x000000074a300000|
| 164|0x000000074a400000, 0x000000074a500000, 0x000000074a500000|100%| E|CS|TS 46|AC  0|TAMS 0x000000074a400000, 0x000000074a400000|
| 165|0x000000074a500000, 0x000000074a600000, 0x000000074a600000|100%| E|CS|TS 46|AC  0|TAMS 0x000000074a500000, 0x000000074a500000|
| 166|0x000000074a600000, 0x000000074a700000, 0x000000074a700000|100%| E|CS|TS 46|AC  0|TAMS 0x000000074a600000, 0x000000074a600000|
| 167|0x000000074a700000, 0x000000074a800000, 0x000000074a800000|100%| E|CS|TS 46|AC  0|TAMS 0x000000074a700000, 0x000000074a700000|
| 168|0x000000074a800000, 0x000000074a900000, 0x000000074a900000|100%| E|CS|TS 46|AC  0|TAMS 0x000000074a800000, 0x000000074a800000|
| 169|0x000000074a900000, 0x000000074aa00000, 0x000000074aa00000|100%| E|CS|TS 46|AC  0|TAMS 0x000000074a900000, 0x000000074a900000|
| 170|0x000000074aa00000, 0x000000074ab00000, 0x000000074ab00000|100%| E|CS|TS 46|AC  0|TAMS 0x000000074aa00000, 0x000000074aa00000|
| 171|0x000000074ab00000, 0x000000074ac00000, 0x000000074ac00000|100%| E|CS|TS 46|AC  0|TAMS 0x000000074ab00000, 0x000000074ab00000|
| 172|0x000000074ac00000, 0x000000074ad00000, 0x000000074ad00000|100%| E|CS|TS 46|AC  0|TAMS 0x000000074ac00000, 0x000000074ac00000|
| 173|0x000000074ad00000, 0x000000074ae00000, 0x000000074ae00000|100%| E|CS|TS 46|AC  0|TAMS 0x000000074ad00000, 0x000000074ad00000|
| 174|0x000000074ae00000, 0x000000074af00000, 0x000000074af00000|100%| E|CS|TS 46|AC  0|TAMS 0x000000074ae00000, 0x000000074ae00000|
| 175|0x000000074af00000, 0x000000074b000000, 0x000000074b000000|100%| E|CS|TS 46|AC  0|TAMS 0x000000074af00000, 0x000000074af00000|
| 176|0x000000074b000000, 0x000000074b100000, 0x000000074b100000|100%| E|CS|TS 46|AC  0|TAMS 0x000000074b000000, 0x000000074b000000|
| 177|0x000000074b100000, 0x000000074b200000, 0x000000074b200000|100%| E|CS|TS 46|AC  0|TAMS 0x000000074b100000, 0x000000074b100000|
| 178|0x000000074b200000, 0x000000074b300000, 0x000000074b300000|100%| E|CS|TS 46|AC  0|TAMS 0x000000074b200000, 0x000000074b200000|
| 179|0x000000074b300000, 0x000000074b400000, 0x000000074b400000|100%| E|CS|TS 46|AC  0|TAMS 0x000000074b300000, 0x000000074b300000|
| 180|0x000000074b400000, 0x000000074b500000, 0x000000074b500000|100%| E|CS|TS 46|AC  0|TAMS 0x000000074b400000, 0x000000074b400000|
| 181|0x000000074b500000, 0x000000074b600000, 0x000000074b600000|100%| E|CS|TS 46|AC  0|TAMS 0x000000074b500000, 0x000000074b500000|
| 182|0x000000074b600000, 0x000000074b700000, 0x000000074b700000|100%| E|CS|TS 46|AC  0|TAMS 0x000000074b600000, 0x000000074b600000|
| 183|0x000000074b700000, 0x000000074b800000, 0x000000074b800000|100%| E|CS|TS 46|AC  0|TAMS 0x000000074b700000, 0x000000074b700000|
| 184|0x000000074b800000, 0x000000074b900000, 0x000000074b900000|100%| E|CS|TS 46|AC  0|TAMS 0x000000074b800000, 0x000000074b800000|
| 185|0x000000074b900000, 0x000000074ba00000, 0x000000074ba00000|100%| E|CS|TS 46|AC  0|TAMS 0x000000074b900000, 0x000000074b900000|
| 186|0x000000074ba00000, 0x000000074bb00000, 0x000000074bb00000|100%| E|CS|TS 46|AC  0|TAMS 0x000000074ba00000, 0x000000074ba00000|
| 187|0x000000074bb00000, 0x000000074bc00000, 0x000000074bc00000|100%| E|CS|TS 46|AC  0|TAMS 0x000000074bb00000, 0x000000074bb00000|
| 188|0x000000074bc00000, 0x000000074bd00000, 0x000000074bd00000|100%| E|CS|TS 46|AC  0|TAMS 0x000000074bc00000, 0x000000074bc00000|
| 189|0x000000074bd00000, 0x000000074be00000, 0x000000074be00000|100%| E|CS|TS 46|AC  0|TAMS 0x000000074bd00000, 0x000000074bd00000|
| 190|0x000000074be00000, 0x000000074bf00000, 0x000000074bf00000|100%| E|CS|TS 46|AC  0|TAMS 0x000000074be00000, 0x000000074be00000|
| 191|0x000000074bf00000, 0x000000074c000000, 0x000000074c000000|100%| E|CS|TS 46|AC  0|TAMS 0x000000074bf00000, 0x000000074bf00000|
| 192|0x000000074c000000, 0x000000074c100000, 0x000000074c100000|100%| E|CS|TS 46|AC  0|TAMS 0x000000074c000000, 0x000000074c000000|
| 193|0x000000074c100000, 0x000000074c200000, 0x000000074c200000|100%| E|CS|TS 46|AC  0|TAMS 0x000000074c100000, 0x000000074c100000|
| 194|0x000000074c200000, 0x000000074c300000, 0x000000074c300000|100%| E|CS|TS 46|AC  0|TAMS 0x000000074c200000, 0x000000074c200000|
| 195|0x000000074c300000, 0x000000074c400000, 0x000000074c400000|100%| E|CS|TS 46|AC  0|TAMS 0x000000074c300000, 0x000000074c300000|
| 196|0x000000074c400000, 0x000000074c500000, 0x000000074c500000|100%| E|CS|TS 46|AC  0|TAMS 0x000000074c400000, 0x000000074c400000|
| 197|0x000000074c500000, 0x000000074c600000, 0x000000074c600000|100%| E|CS|TS 46|AC  0|TAMS 0x000000074c500000, 0x000000074c500000|
| 198|0x000000074c600000, 0x000000074c700000, 0x000000074c700000|100%| E|CS|TS 46|AC  0|TAMS 0x000000074c600000, 0x000000074c600000|
| 199|0x000000074c700000, 0x000000074c800000, 0x000000074c800000|100%| E|CS|TS 46|AC  0|TAMS 0x000000074c700000, 0x000000074c700000|
| 200|0x000000074c800000, 0x000000074c900000, 0x000000074c900000|100%| E|CS|TS 46|AC  0|TAMS 0x000000074c800000, 0x000000074c800000|
| 201|0x000000074c900000, 0x000000074ca00000, 0x000000074ca00000|100%| E|CS|TS 46|AC  0|TAMS 0x000000074c900000, 0x000000074c900000|
| 202|0x000000074ca00000, 0x000000074cb00000, 0x000000074cb00000|100%| E|CS|TS 46|AC  0|TAMS 0x000000074ca00000, 0x000000074ca00000|
| 203|0x000000074cb00000, 0x000000074cc00000, 0x000000074cc00000|100%| E|CS|TS 46|AC  0|TAMS 0x000000074cb00000, 0x000000074cb00000|
| 204|0x000000074cc00000, 0x000000074cd00000, 0x000000074cd00000|100%| E|CS|TS 46|AC  0|TAMS 0x000000074cc00000, 0x000000074cc00000|
| 205|0x000000074cd00000, 0x000000074ce00000, 0x000000074ce00000|100%| E|CS|TS 46|AC  0|TAMS 0x000000074cd00000, 0x000000074cd00000|
| 206|0x000000074ce00000, 0x000000074cf00000, 0x000000074cf00000|100%| E|CS|TS 46|AC  0|TAMS 0x000000074ce00000, 0x000000074ce00000|
| 207|0x000000074cf00000, 0x000000074d000000, 0x000000074d000000|100%| E|CS|TS 46|AC  0|TAMS 0x000000074cf00000, 0x000000074cf00000|

Card table byte_map: [0x0000000120ad0000,0x0000000120ed0000] byte_map_base: 0x000000011d0d0000

Marking Bits (Prev, Next): (CMBitMap*) 0x00007fd823011298, (CMBitMap*) 0x00007fd823011260
 Prev Bits: [0x00000001232d0000, 0x00000001252d0000)
 Next Bits: [0x00000001212d0000, 0x00000001232d0000)

Polling page: 0x00000001043a4000

CodeHeap 'non-profiled nmethods': size=120032Kb used=8431Kb max_used=8431Kb free=111600Kb
 bounds [0x0000000119198000, 0x00000001199f8000, 0x00000001206d0000]
CodeHeap 'profiled nmethods': size=120032Kb used=23914Kb max_used=24919Kb free=96118Kb
 bounds [0x0000000111c60000, 0x00000001134f0000, 0x0000000119198000]
CodeHeap 'non-nmethods': size=5696Kb used=1584Kb max_used=1642Kb free=4111Kb
 bounds [0x00000001116d0000, 0x0000000111940000, 0x0000000111c60000]
 total_blobs=17080 nmethods=11082 adapters=1079
 compilation: enabled

Compilation events (10 events):
Event: 214.786 Thread 0x00007fd82381c000 12415       4       java.util.Arrays::hashCode (56 bytes)
Event: 214.790 Thread 0x00007fd82381c000 nmethod 12415 0x000000011957b110 code [0x000000011957b2a0, 0x000000011957b3f8]
Event: 214.798 Thread 0x00007fd823039800 12417       4       com.sun.javafx.css.StyleMap::getCascadingStyles (384 bytes)
Event: 214.915 Thread 0x00007fd823039800 nmethod 12417 0x00000001199e5890 code [0x00000001199e5c60, 0x00000001199e9180]
Event: 215.629 Thread 0x00007fd824052800 12418       1       javafx.stage.Window::access$1000 (5 bytes)
Event: 215.629 Thread 0x00007fd824052800 nmethod 12418 0x000000011957ad90 code [0x000000011957af40, 0x000000011957b030]
Event: 215.635 Thread 0x00007fd824052800 12419   !   3       java.util.ArrayList$Itr::remove (68 bytes)
Event: 215.636 Thread 0x00007fd824052800 nmethod 12419 0x000000011214fd90 code [0x000000011214ffe0, 0x00000001121507a8]
Event: 215.653 Thread 0x00007fd824052800 12420       3       java.util.IdentityHashMap::nextKeyIndex (15 bytes)
Event: 215.653 Thread 0x00007fd824052800 nmethod 12420 0x0000000112127310 code [0x00000001121274c0, 0x0000000112127650]

GC Heap History (10 events):
Event: 102.920 GC heap before
{Heap before GC invocations=54 (full 0):
 garbage-first heap   total 212992K, used 189212K [0x0000000740000000, 0x00000007c0000000)
  region size 1024K, 115 young (117760K), 5 survivors (5120K)
 Metaspace       used 61473K, capacity 63331K, committed 63948K, reserved 1105920K
  class space    used 7251K, capacity 8042K, committed 8140K, reserved 1048576K
}
Event: 102.928 GC heap after
{Heap after GC invocations=55 (full 0):
 garbage-first heap   total 212992K, used 70676K [0x0000000740000000, 0x00000007c0000000)
  region size 1024K, 5 young (5120K), 5 survivors (5120K)
 Metaspace       used 61473K, capacity 63331K, committed 63948K, reserved 1105920K
  class space    used 7251K, capacity 8042K, committed 8140K, reserved 1048576K
}
Event: 103.176 GC heap before
{Heap before GC invocations=55 (full 0):
 garbage-first heap   total 212992K, used 190484K [0x0000000740000000, 0x00000007c0000000)
  region size 1024K, 116 young (118784K), 5 survivors (5120K)
 Metaspace       used 61476K, capacity 63331K, committed 63948K, reserved 1105920K
  class space    used 7251K, capacity 8042K, committed 8140K, reserved 1048576K
}
Event: 103.190 GC heap after
{Heap after GC invocations=56 (full 0):
 garbage-first heap   total 212992K, used 74245K [0x0000000740000000, 0x00000007c0000000)
  region size 1024K, 6 young (6144K), 6 survivors (6144K)
 Metaspace       used 61476K, capacity 63331K, committed 63948K, reserved 1105920K
  class space    used 7251K, capacity 8042K, committed 8140K, reserved 1048576K
}
Event: 103.321 GC heap before
{Heap before GC invocations=56 (full 0):
 garbage-first heap   total 212992K, used 186885K [0x0000000740000000, 0x00000007c0000000)
  region size 1024K, 113 young (115712K), 6 survivors (6144K)
 Metaspace       used 61476K, capacity 63331K, committed 63948K, reserved 1105920K
  class space    used 7251K, capacity 8042K, committed 8140K, reserved 1048576K
}
Event: 103.325 GC heap after
{Heap after GC invocations=57 (full 0):
 garbage-first heap   total 212992K, used 71494K [0x0000000740000000, 0x00000007c0000000)
  region size 1024K, 6 young (6144K), 6 survivors (6144K)
 Metaspace       used 61476K, capacity 63331K, committed 63948K, reserved 1105920K
  class space    used 7251K, capacity 8042K, committed 8140K, reserved 1048576K
}
Event: 103.473 GC heap before
{Heap before GC invocations=57 (full 0):
 garbage-first heap   total 212992K, used 187206K [0x0000000740000000, 0x00000007c0000000)
  region size 1024K, 116 young (118784K), 6 survivors (6144K)
 Metaspace       used 61476K, capacity 63331K, committed 63948K, reserved 1105920K
  class space    used 7251K, capacity 8042K, committed 8140K, reserved 1048576K
}
Event: 103.488 GC heap after
{Heap after GC invocations=58 (full 0):
 garbage-first heap   total 212992K, used 72082K [0x0000000740000000, 0x00000007c0000000)
  region size 1024K, 7 young (7168K), 7 survivors (7168K)
 Metaspace       used 61476K, capacity 63331K, committed 63948K, reserved 1105920K
  class space    used 7251K, capacity 8042K, committed 8140K, reserved 1048576K
}
Event: 115.982 GC heap before
{Heap before GC invocations=58 (full 0):
 garbage-first heap   total 212992K, used 185746K [0x0000000740000000, 0x00000007c0000000)
  region size 1024K, 115 young (117760K), 7 survivors (7168K)
 Metaspace       used 62930K, capacity 64831K, committed 65484K, reserved 1105920K
  class space    used 7475K, capacity 8291K, committed 8396K, reserved 1048576K
}
Event: 115.987 GC heap after
{Heap after GC invocations=59 (full 0):
 garbage-first heap   total 212992K, used 76298K [0x0000000740000000, 0x00000007c0000000)
  region size 1024K, 11 young (11264K), 11 survivors (11264K)
 Metaspace       used 62930K, capacity 64831K, committed 65484K, reserved 1105920K
  class space    used 7475K, capacity 8291K, committed 8396K, reserved 1048576K
}

Deoptimization events (10 events):
Event: 179.024 Thread 0x00007fd827327800 Uncommon trap: reason=unstable_if action=reinterpret pc=0x000000011996f1c4 method=net.sf.jasperreports.export.PropertiesDefaultsConfigurationFactory.getPropertyValue(Lnet/sf/jasperreports/engine/JasperReportsContext;Lnet/sf/jasperreports/export/annotation
Event: 179.157 Thread 0x00007fd827327800 Uncommon trap: reason=unstable_if action=reinterpret pc=0x0000000119745774 method=net.sf.jasperreports.engine.util.StyleResolver.getBaseStyleFromStyleContainer(Lnet/sf/jasperreports/engine/JRStyleContainer;)Lnet/sf/jasperreports/engine/JRStyle; @ 25 c2
Event: 179.229 Thread 0x00007fd827327800 Uncommon trap: reason=unstable_if action=reinterpret pc=0x00000001199cae24 method=java.lang.AbstractStringBuilder.putStringAt(ILjava/lang/String;)V @ 8 c2
Event: 179.231 Thread 0x00007fd827327800 Uncommon trap: reason=unstable_if action=reinterpret pc=0x00000001198a8f38 method=java.lang.StringBuffer.toString()Ljava/lang/String; @ 12 c2
Event: 179.231 Thread 0x00007fd827327800 Uncommon trap: reason=unstable_if action=reinterpret pc=0x00000001196ac07c method=java.lang.AbstractStringBuilder.putStringAt(ILjava/lang/String;)V @ 8 c2
Event: 179.379 Thread 0x00007fd827327800 Uncommon trap: reason=unstable_if action=reinterpret pc=0x00000001194a8678 method=com.lowagie.text.pdf.ByteBuffer.formatDouble(DLcom/lowagie/text/pdf/ByteBuffer;)Ljava/lang/String; @ 56 c2
Event: 179.430 Thread 0x00007fd827327800 Uncommon trap: reason=unstable_if action=reinterpret pc=0x00000001194a02e8 method=java.lang.Character$UnicodeBlock.of(I)Ljava/lang/Character$UnicodeBlock; @ 39 c2
Event: 179.461 Thread 0x00007fd827327800 Uncommon trap: reason=unstable_if action=reinterpret pc=0x000000011949cad8 method=com.lowagie.text.pdf.ByteBuffer.formatDouble(DLcom/lowagie/text/pdf/ByteBuffer;)Ljava/lang/String; @ 74 c2
Event: 215.652 Thread 0x00007fd82484d000 Uncommon trap: reason=unstable_if action=reinterpret pc=0x000000011930542c method=java.util.concurrent.locks.AbstractQueuedSynchronizer$ConditionObject.checkInterruptWhileWaiting(Ljava/util/concurrent/locks/AbstractQueuedSynchronizer$Node;)I @ 3 c2
Event: 215.653 Thread 0x00007fd827fc1800 Uncommon trap: reason=unstable_if action=reinterpret pc=0x00000001197deb40 method=java.security.AccessControlContext.optimize()Ljava/security/AccessControlContext; @ 49 c2

Classes redefined (0 events):
No events

Internal exceptions (10 events):
Event: 124.398 Thread 0x00007fd827327800 Implicit null exception at 0x0000000119752f91 to 0x00000001197533ee
Event: 124.398 Thread 0x00007fd827327800 Implicit null exception at 0x00000001191c9373 to 0x00000001191c989e
Event: 124.545 Thread 0x00007fd827327800 Implicit null exception at 0x00000001191d6874 to 0x00000001191d6d92
Event: 179.157 Thread 0x00007fd827327800 Implicit null exception at 0x00000001197456fc to 0x0000000119745764
Event: 179.379 Thread 0x00007fd827327800 Implicit null exception at 0x00000001194a6966 to 0x00000001194a8666
Event: 214.784 Thread 0x00007fd823a1a000 Exception <a 'java/lang/NoSuchMethodError'{0x00000007487b62c8}: java.lang.invoke.DirectMethodHandle$Holder.invokeSpecial(Ljava/lang/Object;Ljava/lang/Object;IIIIILjava/lang/Object;)Ljava/lang/Object;> (0x00000007487b62c8) thrown at [/scratch/mesos/slaves/
Event: 214.785 Thread 0x00007fd823a1a000 Exception <a 'java/lang/NoSuchMethodError'{0x00000007487bd7b8}: java.lang.invoke.DirectMethodHandle$Holder.invokeStatic(Ljava/lang/Object;Ljava/lang/Object;IIIIILjava/lang/Object;)Ljava/lang/Object;> (0x00000007487bd7b8) thrown at [/scratch/mesos/slaves/9
Event: 214.785 Thread 0x00007fd823a1a000 Exception <a 'java/lang/NoSuchMethodError'{0x00000007487c11a8}: method resolution failed> (0x00000007487c11a8) thrown at [/scratch/mesos/slaves/9190d864-6621-4810-ba08-d8d8c75ba674-S34/frameworks/1735e8a2-a1db-478c-8104-60c8b0af87dd-0196/executors/f87b489
Event: 214.786 Thread 0x00007fd823a1a000 Exception <a 'java/lang/NoSuchMethodError'{0x00000007487c7c48}: java.lang.invoke.DirectMethodHandle$Holder.invokeSpecial(Ljava/lang/Object;Ljava/lang/Object;Ljava/lang/Object;IIIII)Ljava/lang/Object;> (0x00000007487c7c48) thrown at [/scratch/mesos/slaves/
Event: 215.653 Thread 0x00007fd827fc1800 Implicit null exception at 0x00000001197dddcd to 0x00000001197deb2a

Events (10 events):
Event: 215.652 loading class com/sun/javafx/tk/quantum/QuantumToolkit
Event: 215.652 loading class com/sun/javafx/tk/quantum/QuantumToolkit done
Event: 215.652 Thread 0x00007fd82484d000 Thread exited: 0x00007fd82484d000
Event: 215.653 Thread 0x00007fd823a1a000 Thread exited: 0x00007fd823a1a000
Event: 215.653 Thread 0x00007fd8248d7000 Thread exited: 0x00007fd8248d7000
Event: 215.653 Thread 0x00007fd824800800 Thread exited: 0x00007fd824800800
Event: 215.653 Thread 0x00007fd827fc1800 Thread added: 0x00007fd827fc1800
Event: 215.653 Thread 0x00007fd827fc1800 Uncommon trap: trap_request=0xffffff55 fr.pc=0x00000001197deb40 relative=0x0000000000000dc0
Event: 215.653 Thread 0x00007fd827fc1800 DEOPT PACKING pc=0x00000001197deb40 sp=0x0000700000543840
Event: 215.653 Thread 0x00007fd827fc1800 DEOPT UNPACKING pc=0x00000001116f8325 sp=0x0000700000543810 mode 2


Dynamic libraries:
0x00007fff39d74000 	/System/Library/Frameworks/Cocoa.framework/Versions/A/Cocoa
0x00007fff47340000 	/System/Library/Frameworks/Security.framework/Versions/A/Security
0x00007fff38cff000 	/System/Library/Frameworks/ApplicationServices.framework/Versions/A/ApplicationServices
0x00007fff71725000 	/usr/lib/libz.1.dylib
0x00007fff6f1f8000 	/usr/lib/libSystem.B.dylib
0x00007fff3acea000 	/System/Library/Frameworks/CoreFoundation.framework/Versions/A/CoreFoundation
0x00007fff3d3af000 	/System/Library/Frameworks/Foundation.framework/Versions/C/Foundation
0x00007fff71049000 	/usr/lib/libobjc.A.dylib
0x00007fff37ef4000 	/System/Library/Frameworks/AppKit.framework/Versions/C/AppKit
0x00007fff3a7f7000 	/System/Library/Frameworks/CoreData.framework/Versions/A/CoreData
0x00007fff6baa3000 	/System/Library/PrivateFrameworks/UIFoundation.framework/Versions/A/UIFoundation
0x00007fff6628e000 	/System/Library/PrivateFrameworks/RemoteViewServices.framework/Versions/A/RemoteViewServices
0x00007fff6e533000 	/System/Library/PrivateFrameworks/XCTTargetBootstrap.framework/Versions/A/XCTTargetBootstrap
0x00007fff3abda000 	/System/Library/Frameworks/CoreDisplay.framework/Versions/A/CoreDisplay
0x00007fff40127000 	/System/Library/Frameworks/Metal.framework/Versions/A/Metal
0x00007fff546af000 	/System/Library/PrivateFrameworks/DesktopServicesPriv.framework/Versions/A/DesktopServicesPriv
0x00007fff7032e000 	/usr/lib/liblangid.dylib
0x00007fff53806000 	/System/Library/PrivateFrameworks/CoreSVG.framework/Versions/A/CoreSVG
0x00007fff69050000 	/System/Library/PrivateFrameworks/SkyLight.framework/Versions/A/SkyLight
0x00007fff3b16c000 	/System/Library/Frameworks/CoreGraphics.framework/Versions/A/CoreGraphics
0x00007fff36a93000 	/System/Library/Frameworks/Accelerate.framework/Versions/A/Accelerate
0x00007fff71616000 	/usr/lib/libxml2.2.dylib
0x00007fff5f3cd000 	/System/Library/PrivateFrameworks/IconServices.framework/Versions/A/IconServices
0x00007fff3db93000 	/System/Library/Frameworks/IOSurface.framework/Versions/A/IOSurface
0x00007fff6ed30000 	/usr/lib/libDiagnosticMessagesClient.dylib
0x00007fff54528000 	/System/Library/PrivateFrameworks/DFRFoundation.framework/Versions/A/DFRFoundation
0x00007fff700bc000 	/usr/lib/libicucore.A.dylib
0x00007fff39031000 	/System/Library/Frameworks/AudioToolbox.framework/Versions/A/AudioToolbox
0x00007fff39113000 	/System/Library/Frameworks/AudioUnit.framework/Versions/A/AudioUnit
0x00007fff6f3f9000 	/usr/lib/libauto.dylib
0x00007fff545a9000 	/System/Library/PrivateFrameworks/DataDetectorsCore.framework/Versions/A/DataDetectorsCore
0x00007fff39894000 	/System/Library/Frameworks/Carbon.framework/Versions/A/Frameworks/HIToolbox.framework/Versions/A/HIToolbox
0x00007fff46572000 	/System/Library/Frameworks/QuartzCore.framework/Versions/A/QuartzCore
0x00007fff39bd3000 	/System/Library/Frameworks/Carbon.framework/Versions/A/Frameworks/SpeechRecognition.framework/Versions/A/SpeechRecognition
0x00007fff53eae000 	/System/Library/PrivateFrameworks/CoreUI.framework/Versions/A/CoreUI
0x00007fff3a25d000 	/System/Library/Frameworks/CoreAudio.framework/Versions/A/CoreAudio
0x00007fff3d077000 	/System/Library/Frameworks/DiskArbitration.framework/Versions/A/DiskArbitration
0x00007fff613e1000 	/System/Library/PrivateFrameworks/MultitouchSupport.framework/Versions/A/MultitouchSupport
0x00007fff6ff82000 	/usr/lib/libenergytrace.dylib
0x00007fff3daee000 	/System/Library/Frameworks/IOKit.framework/Versions/A/IOKit
0x00007fff3c0da000 	/System/Library/Frameworks/CoreServices.framework/Versions/A/CoreServices
0x00007fff634eb000 	/System/Library/PrivateFrameworks/PerformanceAnalysis.framework/Versions/A/PerformanceAnalysis
0x00007fff455a8000 	/System/Library/Frameworks/OpenGL.framework/Versions/A/OpenGL
0x00007fff39d82000 	/System/Library/Frameworks/ColorSync.framework/Versions/A/ColorSync
0x00007fff3b7f3000 	/System/Library/Frameworks/CoreImage.framework/Versions/A/CoreImage
0x00007fff3cb50000 	/System/Library/Frameworks/CoreText.framework/Versions/A/CoreText
0x00007fff3dc19000 	/System/Library/Frameworks/ImageIO.framework/Versions/A/ImageIO
0x00007fff6f4de000 	/usr/lib/libc++.1.dylib
0x00007fff6f55a000 	/usr/lib/libcompression.dylib
0x00007fff6f072000 	/usr/lib/libMobileGestalt.dylib
0x00007fff6ab85000 	/System/Library/PrivateFrameworks/TextureIO.framework/Versions/A/TextureIO
0x00007fff6f35f000 	/usr/lib/libate.dylib
0x00007fff5f5d6000 	/System/Library/PrivateFrameworks/InternationalSupport.framework/Versions/A/InternationalSupport
0x00007fff7219b000 	/usr/lib/system/libcache.dylib
0x00007fff721a1000 	/usr/lib/system/libcommonCrypto.dylib
0x00007fff721ad000 	/usr/lib/system/libcompiler_rt.dylib
0x00007fff721b5000 	/usr/lib/system/libcopyfile.dylib
0x00007fff721bf000 	/usr/lib/system/libcorecrypto.dylib
0x00007fff7236d000 	/usr/lib/system/libdispatch.dylib
0x00007fff723af000 	/usr/lib/system/libdyld.dylib
0x00007fff723e5000 	/usr/lib/system/libkeymgr.dylib
0x00007fff723f3000 	/usr/lib/system/liblaunch.dylib
0x00007fff723f4000 	/usr/lib/system/libmacho.dylib
0x00007fff723fa000 	/usr/lib/system/libquarantine.dylib
0x00007fff723fd000 	/usr/lib/system/libremovefile.dylib
0x00007fff723ff000 	/usr/lib/system/libsystem_asl.dylib
0x00007fff72417000 	/usr/lib/system/libsystem_blocks.dylib
0x00007fff72418000 	/usr/lib/system/libsystem_c.dylib
0x00007fff724a0000 	/usr/lib/system/libsystem_configuration.dylib
0x00007fff724a4000 	/usr/lib/system/libsystem_coreservices.dylib
0x00007fff724a8000 	/usr/lib/system/libsystem_darwin.dylib
0x00007fff724b1000 	/usr/lib/system/libsystem_dnssd.dylib
0x00007fff724b9000 	/usr/lib/system/libsystem_featureflags.dylib
0x00007fff724bb000 	/usr/lib/system/libsystem_info.dylib
0x00007fff72536000 	/usr/lib/system/libsystem_m.dylib
0x00007fff7257e000 	/usr/lib/system/libsystem_malloc.dylib
0x00007fff725a6000 	/usr/lib/system/libsystem_networkextension.dylib
0x00007fff725b4000 	/usr/lib/system/libsystem_notify.dylib
0x00007fff725d3000 	/usr/lib/system/libsystem_sandbox.dylib
0x00007fff725d8000 	/usr/lib/system/libsystem_secinit.dylib
0x00007fff72509000 	/usr/lib/system/libsystem_kernel.dylib
0x00007fff725be000 	/usr/lib/system/libsystem_platform.dylib
0x00007fff725c8000 	/usr/lib/system/libsystem_pthread.dylib
0x00007fff725db000 	/usr/lib/system/libsystem_symptoms.dylib
0x00007fff725e3000 	/usr/lib/system/libsystem_trace.dylib
0x00007fff725fb000 	/usr/lib/system/libunwind.dylib
0x00007fff72601000 	/usr/lib/system/libxpc.dylib
0x00007fff6f532000 	/usr/lib/libc++abi.dylib
0x00007fff70330000 	/usr/lib/liblzma.5.dylib
0x00007fff6ffaa000 	/usr/lib/libfakelink.dylib
0x00007fff6f2ec000 	/usr/lib/libarchive.2.dylib
0x00007fff484e0000 	/System/Library/Frameworks/SystemConfiguration.framework/Versions/A/SystemConfiguration
0x00007fff6ec61000 	/usr/lib/libCRFSuite.dylib
0x00007fff39489000 	/System/Library/Frameworks/CFNetwork.framework/Versions/A/CFNetwork
0x00007fff6f4c0000 	/usr/lib/libbsm.0.dylib
0x00007fff723e6000 	/usr/lib/system/libkxld.dylib
0x00007fff4dfea000 	/System/Library/PrivateFrameworks/AppleFSCompression.framework/Versions/A/AppleFSCompression
0x00007fff6f841000 	/usr/lib/libcoretls.dylib
0x00007fff6f858000 	/usr/lib/libcoretls_cfhelpers.dylib
0x00007fff7108d000 	/usr/lib/libpam.2.dylib
0x00007fff711c0000 	/usr/lib/libsqlite3.dylib
0x00007fff71603000 	/usr/lib/libxar.1.dylib
0x00007fff6f4d1000 	/usr/lib/libbz2.1.0.dylib
0x00007fff6ffcb000 	/usr/lib/libiconv.2.dylib
0x00007fff6f547000 	/usr/lib/libcharset.1.dylib
0x00007fff70b34000 	/usr/lib/libnetwork.dylib
0x00007fff71094000 	/usr/lib/libpcap.A.dylib
0x00007fff6f2a1000 	/usr/lib/libapple_nghttp2.dylib
0x00007fff3c491000 	/System/Library/Frameworks/CoreServices.framework/Versions/A/Frameworks/FSEvents.framework/Versions/A/FSEvents
0x00007fff3c161000 	/System/Library/Frameworks/CoreServices.framework/Versions/A/Frameworks/CarbonCore.framework/Versions/A/CarbonCore
0x00007fff3c6d4000 	/System/Library/Frameworks/CoreServices.framework/Versions/A/Frameworks/Metadata.framework/Versions/A/Metadata
0x00007fff3c76d000 	/System/Library/Frameworks/CoreServices.framework/Versions/A/Frameworks/OSServices.framework/Versions/A/OSServices
0x00007fff3c79b000 	/System/Library/Frameworks/CoreServices.framework/Versions/A/Frameworks/SearchKit.framework/Versions/A/SearchKit
0x00007fff3c0db000 	/System/Library/Frameworks/CoreServices.framework/Versions/A/Frameworks/AE.framework/Versions/A/AE
0x00007fff3c49a000 	/System/Library/Frameworks/CoreServices.framework/Versions/A/Frameworks/LaunchServices.framework/Versions/A/LaunchServices
0x00007fff3c443000 	/System/Library/Frameworks/CoreServices.framework/Versions/A/Frameworks/DictionaryServices.framework/Versions/A/DictionaryServices
0x00007fff3c803000 	/System/Library/Frameworks/CoreServices.framework/Versions/A/Frameworks/SharedFileList.framework/Versions/A/SharedFileList
0x00007fff413fc000 	/System/Library/Frameworks/NetFS.framework/Versions/A/NetFS
0x00007fff6190e000 	/System/Library/PrivateFrameworks/NetAuth.framework/Versions/A/NetAuth
0x00007fff6e8fe000 	/System/Library/PrivateFrameworks/login.framework/Versions/A/Frameworks/loginsupport.framework/Versions/A/loginsupport
0x00007fff6a680000 	/System/Library/PrivateFrameworks/TCC.framework/Versions/A/TCC
0x00007fff52bd5000 	/System/Library/PrivateFrameworks/CoreNLP.framework/Versions/A/CoreNLP
0x00007fff60e11000 	/System/Library/PrivateFrameworks/MetadataUtilities.framework/Versions/A/MetadataUtilities
0x00007fff70408000 	/usr/lib/libmecabra.dylib
0x00007fff70360000 	/usr/lib/libmecab.dylib
0x00007fff6ffbb000 	/usr/lib/libgermantok.dylib
0x00007fff6f288000 	/usr/lib/libThaiTokenizer.dylib
0x00007fff6ec99000 	/usr/lib/libChineseTokenizer.dylib
0x00007fff36aab000 	/System/Library/Frameworks/Accelerate.framework/Versions/A/Frameworks/vImage.framework/Versions/A/vImage
0x00007fff37d4e000 	/System/Library/Frameworks/Accelerate.framework/Versions/A/Frameworks/vecLib.framework/Versions/A/vecLib
0x00007fff37c92000 	/System/Library/Frameworks/Accelerate.framework/Versions/A/Frameworks/vecLib.framework/Versions/A/libvMisc.dylib
0x00007fff37ab8000 	/System/Library/Frameworks/Accelerate.framework/Versions/A/Frameworks/vecLib.framework/Versions/A/libvDSP.dylib
0x00007fff37117000 	/System/Library/Frameworks/Accelerate.framework/Versions/A/Frameworks/vecLib.framework/Versions/A/libBLAS.dylib
0x00007fff37672000 	/System/Library/Frameworks/Accelerate.framework/Versions/A/Frameworks/vecLib.framework/Versions/A/libLAPACK.dylib
0x00007fff37a18000 	/System/Library/Frameworks/Accelerate.framework/Versions/A/Frameworks/vecLib.framework/Versions/A/libLinearAlgebra.dylib
0x00007fff37aa5000 	/System/Library/Frameworks/Accelerate.framework/Versions/A/Frameworks/vecLib.framework/Versions/A/libSparseBLAS.dylib
0x00007fff37a2e000 	/System/Library/Frameworks/Accelerate.framework/Versions/A/Frameworks/vecLib.framework/Versions/A/libQuadrature.dylib
0x00007fff37381000 	/System/Library/Frameworks/Accelerate.framework/Versions/A/Frameworks/vecLib.framework/Versions/A/libBNNS.dylib
0x00007fff37a34000 	/System/Library/Frameworks/Accelerate.framework/Versions/A/Frameworks/vecLib.framework/Versions/A/libSparse.dylib
0x00007fff5f995000 	/System/Library/PrivateFrameworks/LanguageModeling.framework/Versions/A/LanguageModeling
0x00007fff52571000 	/System/Library/PrivateFrameworks/CoreEmoji.framework/Versions/A/CoreEmoji
0x00007fff5fab3000 	/System/Library/PrivateFrameworks/LinguisticData.framework/Versions/A/LinguisticData
0x00007fff5fa64000 	/System/Library/PrivateFrameworks/Lexicon.framework/Versions/A/Lexicon
0x00007fff6f548000 	/usr/lib/libcmph.dylib
0x00007fff43fce000 	/System/Library/Frameworks/OpenDirectory.framework/Versions/A/Frameworks/CFOpenDirectory.framework/Versions/A/CFOpenDirectory
0x00007fff43feb000 	/System/Library/Frameworks/OpenDirectory.framework/Versions/A/OpenDirectory
0x00007fff4c2b9000 	/System/Library/PrivateFrameworks/APFS.framework/Versions/A/APFS
0x00007fff47693000 	/System/Library/Frameworks/SecurityFoundation.framework/Versions/A/SecurityFoundation
0x00007fff715ff000 	/usr/lib/libutil.dylib
0x00007fff5385e000 	/System/Library/PrivateFrameworks/CoreServicesStore.framework/Versions/A/CoreServicesStore
0x00007fff4774b000 	/System/Library/Frameworks/ServiceManagement.framework/Versions/A/ServiceManagement
0x00007fff4f7a1000 	/System/Library/PrivateFrameworks/BackgroundTaskManagement.framework/Versions/A/BackgroundTaskManagement
0x00007fff716fc000 	/usr/lib/libxslt.1.dylib
0x00007fff4e64f000 	/System/Library/PrivateFrameworks/AppleSystemInfo.framework/Versions/A/AppleSystemInfo
0x00007fff3de36000 	/System/Library/Frameworks/ImageIO.framework/Versions/A/Resources/libJPEG.dylib
0x00007fff3e0f5000 	/System/Library/Frameworks/ImageIO.framework/Versions/A/Resources/libTIFF.dylib
0x00007fff3e0d8000 	/System/Library/Frameworks/ImageIO.framework/Versions/A/Resources/libPng.dylib
0x00007fff3dd77000 	/System/Library/Frameworks/ImageIO.framework/Versions/A/Resources/libGIF.dylib
0x00007fff3dd7b000 	/System/Library/Frameworks/ImageIO.framework/Versions/A/Resources/libJP2.dylib
0x00007fff3e0f3000 	/System/Library/Frameworks/ImageIO.framework/Versions/A/Resources/libRadiance.dylib
0x00007fff6ff83000 	/usr/lib/libexpat.1.dylib
0x00007fff4e145000 	/System/Library/PrivateFrameworks/AppleJPEG.framework/Versions/A/AppleJPEG
0x00007fff56acb000 	/System/Library/PrivateFrameworks/FontServices.framework/libFontParser.dylib
0x00007fff6d955000 	/System/Library/PrivateFrameworks/WatchdogClient.framework/Versions/A/WatchdogClient
0x00007fff5f022000 	/System/Library/PrivateFrameworks/IOAccelerator.framework/Versions/A/IOAccelerator
0x00007fff404b5000 	/System/Library/Frameworks/MetalPerformanceShaders.framework/Versions/A/MetalPerformanceShaders
0x00007fff5b819000 	/System/Library/PrivateFrameworks/GPUWrangler.framework/Versions/A/GPUWrangler
0x00007fff5f02d000 	/System/Library/PrivateFrameworks/IOPresentment.framework/Versions/A/IOPresentment
0x00007fff5453b000 	/System/Library/PrivateFrameworks/DSExternalDisplay.framework/Versions/A/DSExternalDisplay
0x00007fff44954000 	/System/Library/Frameworks/OpenGL.framework/Versions/A/Libraries/libCoreFSCache.dylib
0x00007fff40207000 	/System/Library/Frameworks/MetalPerformanceShaders.framework/Frameworks/MPSCore.framework/Versions/A/MPSCore
0x00007fff40244000 	/System/Library/Frameworks/MetalPerformanceShaders.framework/Frameworks/MPSImage.framework/Versions/A/MPSImage
0x00007fff40306000 	/System/Library/Frameworks/MetalPerformanceShaders.framework/Frameworks/MPSNeuralNetwork.framework/Versions/A/MPSNeuralNetwork
0x00007fff402cb000 	/System/Library/Frameworks/MetalPerformanceShaders.framework/Frameworks/MPSMatrix.framework/Versions/A/MPSMatrix
0x00007fff40466000 	/System/Library/Frameworks/MetalPerformanceShaders.framework/Frameworks/MPSRayIntersector.framework/Versions/A/MPSRayIntersector
0x00007fff402f0000 	/System/Library/Frameworks/MetalPerformanceShaders.framework/Frameworks/MPSNDArray.framework/Versions/A/MPSNDArray
0x00007fff60e5e000 	/System/Library/PrivateFrameworks/MetalTools.framework/Versions/A/MetalTools
0x00007fff4d470000 	/System/Library/PrivateFrameworks/AggregateDictionary.framework/Versions/A/AggregateDictionary
0x00007fff51ffb000 	/System/Library/PrivateFrameworks/CoreAnalytics.framework/Versions/A/CoreAnalytics
0x00007fff4e56d000 	/System/Library/PrivateFrameworks/AppleSauce.framework/Versions/A/AppleSauce
0x00007fff6ef55000 	/usr/lib/libIOReport.dylib
0x00007fff3cd05000 	/System/Library/Frameworks/CoreVideo.framework/Versions/A/CoreVideo
0x00007fff5cc85000 	/System/Library/PrivateFrameworks/GraphVisualizer.framework/Versions/A/GraphVisualizer
0x00007fff5604c000 	/System/Library/PrivateFrameworks/FaceCore.framework/Versions/A/FaceCore
0x00007fff43f75000 	/System/Library/Frameworks/OpenCL.framework/Versions/A/OpenCL
0x00007fff6ed77000 	/usr/lib/libFosl_dynamic.dylib
0x00007fff62309000 	/System/Library/PrivateFrameworks/OTSVG.framework/Versions/A/OTSVG
0x00007fff38e04000 	/System/Library/Frameworks/ApplicationServices.framework/Versions/A/Frameworks/ATS.framework/Versions/A/Resources/libFontRegistry.dylib
0x00007fff56c9c000 	/System/Library/PrivateFrameworks/FontServices.framework/libhvf.dylib
0x00007fff4495f000 	/System/Library/Frameworks/OpenGL.framework/Versions/A/Libraries/libGFXShared.dylib
0x00007fff44b3c000 	/System/Library/Frameworks/OpenGL.framework/Versions/A/Libraries/libGLU.dylib
0x00007fff44968000 	/System/Library/Frameworks/OpenGL.framework/Versions/A/Libraries/libGL.dylib
0x00007fff44973000 	/System/Library/Frameworks/OpenGL.framework/Versions/A/Libraries/libGLImage.dylib
0x00007fff44951000 	/System/Library/Frameworks/OpenGL.framework/Versions/A/Libraries/libCVMSPluginSupport.dylib
0x00007fff4495a000 	/System/Library/Frameworks/OpenGL.framework/Versions/A/Libraries/libCoreVMClient.dylib
0x00007fff709d6000 	/usr/lib/libncurses.5.4.dylib
0x00007fff38d00000 	/System/Library/Frameworks/ApplicationServices.framework/Versions/A/Frameworks/ATS.framework/Versions/A/ATS
0x00007fff38ecd000 	/System/Library/Frameworks/ApplicationServices.framework/Versions/A/Frameworks/ColorSyncLegacy.framework/Versions/A/ColorSyncLegacy
0x00007fff38f6c000 	/System/Library/Frameworks/ApplicationServices.framework/Versions/A/Frameworks/HIServices.framework/Versions/A/HIServices
0x00007fff38fc3000 	/System/Library/Frameworks/ApplicationServices.framework/Versions/A/Frameworks/LangAnalysis.framework/Versions/A/LangAnalysis
0x00007fff38fd2000 	/System/Library/Frameworks/ApplicationServices.framework/Versions/A/Frameworks/PrintCore.framework/Versions/A/PrintCore
0x00007fff39018000 	/System/Library/Frameworks/ApplicationServices.framework/Versions/A/Frameworks/QD.framework/Versions/A/QD
0x00007fff39023000 	/System/Library/Frameworks/ApplicationServices.framework/Versions/A/Frameworks/SpeechSynthesis.framework/Versions/A/SpeechSynthesis
0x00007fff38e9d000 	/System/Library/Frameworks/ApplicationServices.framework/Versions/A/Frameworks/ATSUI.framework/Versions/A/ATSUI
0x00007fff6fe17000 	/usr/lib/libcups.2.dylib
0x00007fff3f564000 	/System/Library/Frameworks/Kerberos.framework/Versions/A/Kerberos
0x00007fff3d7e4000 	/System/Library/Frameworks/GSS.framework/Versions/A/GSS
0x00007fff7114c000 	/usr/lib/libresolv.9.dylib
0x00007fff5ce26000 	/System/Library/PrivateFrameworks/Heimdal.framework/Versions/A/Heimdal
0x00007fff3f577000 	/System/Library/Frameworks/Kerberos.framework/Versions/A/Libraries/libHeimdalProxy.dylib
0x00007fff6ffc1000 	/usr/lib/libheimdal-asn1.dylib
0x00007fff514a1000 	/System/Library/PrivateFrameworks/CommonAuth.framework/Versions/A/CommonAuth
0x00007fff4e6ec000 	/System/Library/PrivateFrameworks/AssertionServices.framework/Versions/A/AssertionServices
0x00007fff4f28f000 	/System/Library/PrivateFrameworks/AudioToolboxCore.framework/Versions/A/AudioToolboxCore
0x00007fff6e5af000 	/System/Library/PrivateFrameworks/caulk.framework/Versions/A/caulk
0x00007fff4f84d000 	/System/Library/PrivateFrameworks/BaseBoard.framework/Versions/A/BaseBoard
0x00007fff6641d000 	/System/Library/PrivateFrameworks/RunningBoardServices.framework/Versions/A/RunningBoardServices
0x00007fff634f7000 	/System/Library/PrivateFrameworks/PersistentConnection.framework/Versions/A/PersistentConnection
0x00007fff65e6c000 	/System/Library/PrivateFrameworks/ProtocolBuffer.framework/Versions/A/ProtocolBuffer
0x00007fff514c6000 	/System/Library/PrivateFrameworks/CommonUtilities.framework/Versions/A/CommonUtilities
0x00007fff4f9d0000 	/System/Library/PrivateFrameworks/Bom.framework/Versions/A/Bom
0x00007fff6ec24000 	/usr/lib/libAudioToolboxUtility.dylib
0x00007fff4f7ab000 	/System/Library/PrivateFrameworks/Backup.framework/Versions/A/Backup
0x00007fff542ab000 	/System/Library/PrivateFrameworks/CrashReporterSupport.framework/Versions/A/CrashReporterSupport
0x00007fff67f14000 	/System/Library/PrivateFrameworks/Sharing.framework/Versions/A/Sharing
0x00007fff4de90000 	/System/Library/PrivateFrameworks/Apple80211.framework/Versions/A/Apple80211
0x00007fff4f4cd000 	/System/Library/PrivateFrameworks/AuthKit.framework/Versions/A/AuthKit
0x00007fff53fdb000 	/System/Library/PrivateFrameworks/CoreUtils.framework/Versions/A/CoreUtils
0x00007fff3cd4a000 	/System/Library/Frameworks/CoreWLAN.framework/Versions/A/CoreWLAN
0x00007fff3d96f000 	/System/Library/Frameworks/IOBluetooth.framework/Versions/A/IOBluetooth
0x00007fff6115c000 	/System/Library/PrivateFrameworks/MobileKeyBag.framework/Versions/A/MobileKeyBag
0x00007fff530b1000 	/System/Library/PrivateFrameworks/CorePhoneNumbers.framework/Versions/A/CorePhoneNumbers
0x00007fff4e0f8000 	/System/Library/PrivateFrameworks/AppleIDAuthSupport.framework/Versions/A/AppleIDAuthSupport
0x00007fff41409000 	/System/Library/Frameworks/Network.framework/Versions/A/Network
0x00007fff5f81d000 	/System/Library/PrivateFrameworks/KeychainCircle.framework/Versions/A/KeychainCircle
0x00007fff3a7bf000 	/System/Library/Frameworks/CoreBluetooth.framework/Versions/A/CoreBluetooth
0x00007fff69b90000 	/System/Library/PrivateFrameworks/SpeechRecognitionCore.framework/Versions/A/SpeechRecognitionCore
0x0000000104c00000 	/Library/Java/JavaVirtualMachines/jdk-10.0.2.jdk/Contents/Home/lib/server/libjvm.dylib
0x00007fff714d1000 	/usr/lib/libstdc++.6.dylib
0x000000010434b000 	/Library/Java/JavaVirtualMachines/jdk-10.0.2.jdk/Contents/Home/lib/libverify.dylib
0x0000000104358000 	/Library/Java/JavaVirtualMachines/jdk-10.0.2.jdk/Contents/Home/lib/libjava.dylib
0x00000001043a6000 	/Library/Java/JavaVirtualMachines/jdk-10.0.2.jdk/Contents/Home/lib/libinstrument.dylib
0x00000001059e0000 	/Library/Java/JavaVirtualMachines/jdk-10.0.2.jdk/Contents/Home/lib/libzip.dylib
0x00000001059e8000 	/Library/Java/JavaVirtualMachines/jdk-10.0.2.jdk/Contents/Home/lib/libjimage.dylib
0x000000012998b000 	/Library/Java/JavaVirtualMachines/jdk-10.0.2.jdk/Contents/Home/lib/libnio.dylib
0x0000000129a46000 	/Library/Java/JavaVirtualMachines/jdk-10.0.2.jdk/Contents/Home/lib/libnet.dylib
0x00000001299c5000 	/Library/Java/JavaVirtualMachines/jdk-10.0.2.jdk/Contents/Home/lib/libprism_es2.dylib
0x00007fff5382a000 	/System/Library/PrivateFrameworks/CoreServicesInternal.framework/Versions/A/CoreServicesInternal
0x00007fff455b8000 	/System/Library/Frameworks/OpenGL.framework/Versions/A/Resources/GLEngine.bundle/GLEngine
0x00007fff449a9000 	/System/Library/Frameworks/OpenGL.framework/Versions/A/Libraries/libGLProgrammability.dylib
0x00007fff32b8f000 	/System/Library/Extensions/AppleIntelKBLGraphicsGLDriver.bundle/Contents/MacOS/AppleIntelKBLGraphicsGLDriver
0x00007fff5b80d000 	/System/Library/PrivateFrameworks/GPUSupport.framework/Versions/A/Libraries/libGPUSupportMercury.dylib
0x00007fff45732000 	/System/Library/Frameworks/OpenGL.framework/Versions/A/Resources/GLRendererFloat.bundle/GLRendererFloat
0x00007fff43f6c000 	/System/Library/Frameworks/OpenCL.framework/Versions/A/Libraries/libcldcpuengine.dylib
0x00007fff6f9fc000 	/usr/lib/libcrypto.35.dylib
0x00007fff6adc9000 	/System/Library/PrivateFrameworks/TrustEvaluationAgent.framework/Versions/A/TrustEvaluationAgent
0x000000012a0ee000 	/Library/Java/JavaVirtualMachines/jdk-10.0.2.jdk/Contents/Home/lib/libglass.dylib
0x00007fff3d271000 	/System/Library/Frameworks/FileProvider.framework/Versions/A/FileProvider
0x00007fff37d4f000 	/System/Library/Frameworks/Accounts.framework/Versions/A/Accounts
0x00007fff5bb3b000 	/System/Library/PrivateFrameworks/GenerationalStorage.framework/Versions/A/GenerationalStorage
0x00007fff53d8f000 	/System/Library/PrivateFrameworks/CoreSymbolication.framework/Versions/A/CoreSymbolication
0x00007fff6a3c1000 	/System/Library/PrivateFrameworks/SymptomDiagnosticReporter.framework/Versions/A/SymptomDiagnosticReporter
0x00007fff4d981000 	/System/Library/PrivateFrameworks/AppContainer.framework/Versions/A/AppContainer
0x00007fff71166000 	/usr/lib/libsandbox.1.dylib
0x00007fff6c8f1000 	/System/Library/PrivateFrameworks/UserManagement.framework/Versions/A/UserManagement
0x00007fff50592000 	/System/Library/PrivateFrameworks/ChunkingLibrary.framework/Versions/A/ChunkingLibrary
0x00007fff54670000 	/System/Library/PrivateFrameworks/DebugSymbols.framework/Versions/A/DebugSymbols
0x00007fff4d9f3000 	/System/Library/PrivateFrameworks/AppSandbox.framework/Versions/A/AppSandbox
0x00007fff67d9e000 	/System/Library/PrivateFrameworks/SecCodeWrapper.framework/Versions/A/SecCodeWrapper
0x00007fff6f03b000 	/usr/lib/libMatch.1.dylib
0x00007fff2f36f000 	/System/Library/CoreServices/RawCamera.bundle/Contents/MacOS/RawCamera
0x00007fff60f86000 	/System/Library/PrivateFrameworks/MobileAsset.framework/Versions/A/MobileAsset
0x00007fff6a26f000 	/System/Library/PrivateFrameworks/StreamingZip.framework/Versions/A/StreamingZip
0x00007fff3f9e0000 	/System/Library/Frameworks/MediaToolbox.framework/Versions/A/MediaToolbox
0x00007fff51faa000 	/System/Library/PrivateFrameworks/CoreAVCHD.framework/Versions/A/CoreAVCHD
0x00007fff3f90a000 	/System/Library/Frameworks/MediaAccessibility.framework/Versions/A/MediaAccessibility
0x00007fff60351000 	/System/Library/PrivateFrameworks/Mangrove.framework/Versions/A/Mangrove
0x00007fff3bf14000 	/System/Library/Frameworks/CoreMedia.framework/Versions/A/CoreMedia
0x00007fff605bd000 	/System/Library/PrivateFrameworks/MediaExperience.framework/Versions/A/MediaExperience
0x00007fff487c6000 	/System/Library/Frameworks/VideoToolbox.framework/Versions/A/VideoToolbox
0x00007fff51bd4000 	/System/Library/PrivateFrameworks/CoreAUC.framework/Versions/A/CoreAUC
0x00007fff711be000 	/usr/lib/libspindump.dylib
0x00007fff4ec3a000 	/System/Library/PrivateFrameworks/AudioResourceArbitration.framework/Versions/A/AudioResourceArbitration
0x00007fff4e653000 	/System/Library/PrivateFrameworks/AppleVA.framework/Versions/A/AppleVA
0x00007fff36a94000 	/System/Library/Frameworks/Accelerate.framework/Versions/A/Frameworks/vImage.framework/Versions/A/Libraries/libCGInterfaces.dylib
0x0000000129a3c000 	/usr/lib/libobjc-trampolines.dylib
0x00007fff6d6c5000 	/System/Library/PrivateFrameworks/ViewBridge.framework/Versions/A/ViewBridge
0x00007fff56c03000 	/System/Library/PrivateFrameworks/FontServices.framework/libTrueTypeScaler.dylib
0x00007fff339b8000 	/System/Library/Extensions/AppleIntelKBLGraphicsMTLDriver.bundle/Contents/MacOS/AppleIntelKBLGraphicsMTLDriver
0x00007fff5a171000 	/System/Library/PrivateFrameworks/GPUCompiler.framework/Versions/3902/Libraries/libmetal_timestamp.dylib
0x00000001115a1000 	/Library/Java/JavaVirtualMachines/jdk-10.0.2.jdk/Contents/Home/lib/libjavafx_font.dylib
0x000000012e413000 	/Library/Java/JavaVirtualMachines/jdk-10.0.2.jdk/Contents/Home/lib/libawt.dylib
0x000000012e58c000 	/Library/Java/JavaVirtualMachines/jdk-10.0.2.jdk/Contents/Home/lib/libmlib_image.dylib
0x00007fff3f54d000 	/System/Library/Frameworks/JavaVM.framework/Versions/A/Frameworks/JavaNativeFoundation.framework/Versions/A/JavaNativeFoundation
0x00007fff3f556000 	/System/Library/Frameworks/JavaVM.framework/Versions/A/Frameworks/JavaRuntimeSupport.framework/Versions/A/JavaRuntimeSupport
0x00007fff3f55f000 	/System/Library/Frameworks/JavaVM.framework/Versions/A/JavaVM
0x00007fff5f680000 	/System/Library/PrivateFrameworks/JavaLaunching.framework/Versions/A/JavaLaunching
0x00007fff3988f000 	/System/Library/Frameworks/Carbon.framework/Versions/A/Carbon
0x00007fff39890000 	/System/Library/Frameworks/Carbon.framework/Versions/A/Frameworks/CommonPanels.framework/Versions/A/CommonPanels
0x00007fff39b89000 	/System/Library/Frameworks/Carbon.framework/Versions/A/Frameworks/Help.framework/Versions/A/Help
0x00007fff39b8d000 	/System/Library/Frameworks/Carbon.framework/Versions/A/Frameworks/ImageCapture.framework/Versions/A/ImageCapture
0x00007fff39b94000 	/System/Library/Frameworks/Carbon.framework/Versions/A/Frameworks/OpenScripting.framework/Versions/A/OpenScripting
0x00007fff39b93000 	/System/Library/Frameworks/Carbon.framework/Versions/A/Frameworks/Ink.framework/Versions/A/Ink
0x00007fff39bcf000 	/System/Library/Frameworks/Carbon.framework/Versions/A/Frameworks/Print.framework/Versions/A/Print
0x00007fff39bd0000 	/System/Library/Frameworks/Carbon.framework/Versions/A/Frameworks/SecurityHI.framework/Versions/A/SecurityHI
0x000000012e5fa000 	/Library/Java/JavaVirtualMachines/jdk-10.0.2.jdk/Contents/Home/lib/libawt_lwawt.dylib
0x000000012b6ca000 	/Library/Java/JavaVirtualMachines/jdk-10.0.2.jdk/Contents/Home/lib/libosxapp.dylib
0x00007fff3d252000 	/System/Library/Frameworks/ExceptionHandling.framework/Versions/A/ExceptionHandling
0x000000012e7de000 	/Library/Java/JavaVirtualMachines/jdk-10.0.2.jdk/Contents/Home/lib/libfontmanager.dylib
0x000000012d99b000 	/Library/Java/JavaVirtualMachines/jdk-10.0.2.jdk/Contents/Home/lib/libjavafx_iio.dylib
0x00007fff715a3000 	/usr/lib/libusrtcp.dylib
0x00007fff6e901000 	/System/Library/PrivateFrameworks/login.framework/Versions/A/login
0x00007fff6a43c000 	/System/Library/PrivateFrameworks/SystemAdministration.framework/Versions/A/SystemAdministration
0x00007fff54a17000 	/System/Library/PrivateFrameworks/DiskManagement.framework/Versions/A/DiskManagement
0x00007fff3cf9b000 	/System/Library/Frameworks/DirectoryService.framework/Versions/A/DirectoryService
0x00007fff5494e000 	/System/Library/PrivateFrameworks/DiskImages.framework/Versions/A/DiskImages
0x00007fff5fb5b000 	/System/Library/PrivateFrameworks/LoginUIKit.framework/Versions/A/Frameworks/LoginUICore.framework/Versions/A/LoginUICore
0x00007fff6eca4000 	/usr/lib/libCoreStorage.dylib
0x00007fff6fe04000 	/usr/lib/libcsfde.dylib
0x00007fff7107b000 	/usr/lib/libodfde.dylib
0x00007fff60648000 	/System/Library/PrivateFrameworks/MediaKit.framework/Versions/A/MediaKit
0x00007fff3cfa7000 	/System/Library/Frameworks/DiscRecording.framework/Versions/A/DiscRecording
0x00007fff54bc6000 	/System/Library/PrivateFrameworks/EFILogin.framework/Versions/A/EFILogin
0x00007fff65e11000 	/System/Library/PrivateFrameworks/ProtectedCloudStorage.framework/Versions/A/ProtectedCloudStorage
0x00007fff6fe78000 	/usr/lib/libcurl.4.dylib
0x00007fff6fcfd000 	/usr/lib/libcrypto.44.dylib
0x00007fff714a1000 	/usr/lib/libssl.46.dylib
0x00007fff3f578000 	/System/Library/Frameworks/LDAP.framework/Versions/A/LDAP
0x00007fff711ab000 	/usr/lib/libsasl2.2.dylib
0x00007fff522e5000 	/System/Library/PrivateFrameworks/CoreDaemon.framework/Versions/B/CoreDaemon
0x00007fff4e568000 	/System/Library/PrivateFrameworks/AppleSRP.framework/Versions/A/AppleSRP
0x0000000133da5000 	/Library/Java/JavaVirtualMachines/jdk-10.0.2.jdk/Contents/Home/lib/libosxui.dylib
0x0000000172679000 	/Library/Java/JavaVirtualMachines/jdk-10.0.2.jdk/Contents/Home/lib/libjavajpeg.dylib
0x00007fff6529a000 	/System/Library/PrivateFrameworks/PrintingPrivate.framework/Versions/A/PrintingPrivate
0x00007fff3bb51000 	/System/Library/Frameworks/CoreLocation.framework/Versions/A/CoreLocation
0x00007fff3dbc1000 	/System/Library/Frameworks/ImageCaptureCore.framework/Versions/A/ImageCaptureCore
0x00007fff4771d000 	/System/Library/Frameworks/SecurityInterface.framework/Versions/A/SecurityInterface
0x00007fff5bb7a000 	/System/Library/PrivateFrameworks/GeoServices.framework/Versions/A/GeoServices
0x00007fff5fade000 	/System/Library/PrivateFrameworks/LocationSupport.framework/Versions/A/LocationSupport
0x0000000175853000 	/System/Library/PrivateFrameworks/PrintingPrivate.framework/Versions/Current/Plugins/PrintCocoaUI.bundle/Contents/MacOS/PrintCocoaUI
0x00007fff47327000 	/System/Library/Frameworks/ScriptingBridge.framework/Versions/A/ScriptingBridge
0x0000000175580000 	/System/Library/PrivateFrameworks/PrintingPrivate.framework/Versions/A/Plugins/PrintingCocoaPDEs.bundle/Contents/MacOS/PrintingCocoaPDEs
0x00007fff50710000 	/System/Library/PrivateFrameworks/CloudDocs.framework/Versions/A/CloudDocs
0x00007fff69c60000 	/System/Library/PrivateFrameworks/SpotlightIndex.framework/Versions/A/SpotlightIndex
0x00007fff64f90000 	/System/Library/PrivateFrameworks/PowerLog.framework/Versions/A/PowerLog


VM Arguments:
jvm_args: -javaagent:/Applications/IntelliJ IDEA CE.app/Contents/lib/idea_rt.jar=52340:/Applications/IntelliJ IDEA CE.app/Contents/bin -Dfile.encoding=UTF-8 
java_command: MainPrincipal
java_class_path (initial): /Users/roberto/_Programacin/JavaFX-MGM/out/production/MGM:/Users/roberto/_Programacin/JavaFX-MGM/libs_mgm/ant-1.7.1.jar:/Users/roberto/_Programacin/JavaFX-MGM/libs_mgm/bsh-2.0b4.jar:/Users/roberto/_Programacin/JavaFX-MGM/libs_mgm/ecj-4.3.1.jar:/Users/roberto/_Programacin/JavaFX-MGM/libs_mgm/core-3.2.1.jar:/Users/roberto/_Programacin/JavaFX-MGM/libs_mgm/gson-2.8.5.jar:/Users/roberto/_Programacin/JavaFX-MGM/libs_mgm/icu4j-57.1.jar:/Users/roberto/_Programacin/JavaFX-MGM/libs_mgm/jxl-2.6.10.jar:/Users/roberto/_Programacin/JavaFX-MGM/libs_mgm/poi-3.10.1.jar:/Users/roberto/_Programacin/JavaFX-MGM/libs_mgm/antlr-2.7.5.jar:/Users/roberto/_Programacin/JavaFX-MGM/libs_mgm/asm-all-4.0.jar:/Users/roberto/_Programacin/JavaFX-MGM/libs_mgm/jaxen-1.1.1.jar:/Users/roberto/_Programacin/JavaFX-MGM/libs_mgm/rhino-1.7.6.jar:/Users/roberto/_Programacin/JavaFX-MGM/libs_mgm/xalan-2.7.2.jar:/Users/roberto/_Programacin/JavaFX-MGM/libs_mgm/velocity-1.7.jar:/Users/roberto/_Programacin/JavaFX-MGM/libs_mgm/barcode4j-2.1.jar:/Users/roberto/_Programacin/JavaFX-MGM/libs_mgm/batik-css-1.8.jar:/Users/roberto/_Programacin/JavaFX-MGM/libs_mgm/batik-dom-1.8.jar:/Users/roberto/_Programacin/JavaFX-MGM/libs_mgm/batik-gvt-1.8.jar:/Users/roberto/_Programacin/JavaFX-MGM/libs_mgm/jfoenix-9.0.6.jar:/Users/roberto/_Programacin/JavaFX-MGM/libs_mgm/pdfbox-2.0.13.jar:/Users/roberto/_Programacin/JavaFX-MGM/libs_mgm/xmpcore-5.1.1.jar:/Users/roberto/_Programacin/JavaFX-MGM/libs_mgm/batik-anim-1.8.jar:/Users/roberto/_Programacin/JavaFX-MGM/libs_mgm/batik-util-1.8.jar:/Users/roberto/_Programacin/JavaFX-MGM/libs_mgm/fontbox-2.0.13.jar:/Users/roberto/_Programacin/JavaFX-MGM/libs_mgm/httpcore-4.3.2.jar:/Users/roberto/_Programacin/JavaFX-MGM/libs_mgm/jcommon-1.0.23.jar:/Users/roberto/_Programacin/JavaFX-MGM/libs_mgm/ZKFingerReader.jar:/Users/roberto/_Programacin/JavaFX-MGM/libs_mgm/itext-2.1.7.js5.jar:/Users/roberto/_Programacin/JavaFX-
Launcher Type: SUN_STANDARD

Logging:
Log output configuration:
#0: stdout all=warning uptime,level,tags
#1: stderr all=off uptime,level,tags

Environment Variables:
PATH=/usr/local/bin:/usr/bin:/bin:/usr/sbin:/sbin
SHELL=/bin/zsh

Signal Handlers:
SIGSEGV: [libjvm.dylib+0x79ac14], sa_mask[0]=11111111011111110111111111111111, sa_flags=SA_ONSTACK|SA_RESTART|SA_SIGINFO
SIGBUS: [libjvm.dylib+0x79ac14], sa_mask[0]=11111111011111110111111111111111, sa_flags=SA_RESTART|SA_SIGINFO
SIGFPE: [libjvm.dylib+0x79ac14], sa_mask[0]=11111111011111110111111111111111, sa_flags=SA_RESTART|SA_SIGINFO
SIGPIPE: [libjvm.dylib+0x635960], sa_mask[0]=11111111011111110111111111111111, sa_flags=SA_RESTART|SA_SIGINFO
SIGXFSZ: [libjvm.dylib+0x635960], sa_mask[0]=11111111011111110111111111111111, sa_flags=SA_RESTART|SA_SIGINFO
SIGILL: [libjvm.dylib+0x79ac14], sa_mask[0]=11111111011111110111111111111111, sa_flags=SA_RESTART|SA_SIGINFO
SIGUSR2: [libjvm.dylib+0x6361f0], sa_mask[0]=00100000000000000000000000000000, sa_flags=SA_RESTART|SA_SIGINFO
SIGHUP: [libjvm.dylib+0x6349db], sa_mask[0]=11111111011111110111111111111111, sa_flags=SA_RESTART|SA_SIGINFO
SIGINT: [libjvm.dylib+0x6349db], sa_mask[0]=11111111011111110111111111111111, sa_flags=SA_RESTART|SA_SIGINFO
SIGTERM: [libjvm.dylib+0x6349db], sa_mask[0]=11111111011111110111111111111111, sa_flags=SA_RESTART|SA_SIGINFO
SIGQUIT: [libjvm.dylib+0x6349db], sa_mask[0]=11111111011111110111111111111111, sa_flags=SA_RESTART|SA_SIGINFO


---------------  S Y S T E M  ---------------

OS:uname:Darwin 19.2.0 Darwin Kernel Version 19.2.0: Sat Nov  9 03:47:04 PST 2019; root:xnu-6153.61.1~20/RELEASE_X86_64 x86_64
rlimit: STACK 8192k, CORE 0k, NPROC 1392, NOFILE 10240, AS infinity, DATA infinity, FSIZE infinity
load average:2.36 2.59 2.29

CPU:total 4 (initial active 4) (2 cores per cpu, 2 threads per core) family 6 model 142 stepping 9, cmov, cx8, fxsr, mmx, sse, sse2, sse3, ssse3, sse4.1, sse4.2, popcnt, avx, avx2, aes, clmul, erms, rtm, 3dnowpref, lzcnt, ht, tsc, tscinvbit, bmi1, bmi2, adx, fma

Memory: 4k page, physical 8388608k(373192k free)

vm_info: Java HotSpot(TM) 64-Bit Server VM (10.0.2+13) for bsd-amd64 JRE (10.0.2+13), built on Jun 28 2018 00:49:51 by "mach5one" with gcc 4.2.1 Compatible Apple LLVM 6.1.0 (clang-602.0.49)

END.
