#
# A fatal error has been detected by the Java Runtime Environment:
#
#  SIGSEGV (0xb) at pc=0x0000000104165614, pid=734, tid=775
#
# JRE version: Java(TM) SE Runtime Environment (10.0.2+13) (build 10.0.2+13)
# Java VM: Java HotSpot(TM) 64-Bit Server VM (10.0.2+13, mixed mode, tiered, compressed oops, g1 gc, bsd-amd64)
# Problematic frame:
# V  [libjvm.dylib+0x765614]  JavaThread::set_thread_state(JavaThreadState)+0x4
#
# No core dump will be written. Core dumps have been disabled. To enable core dumping, try "ulimit -c unlimited" before starting Java again
#
# If you would like to submit a bug report, please visit:
#   http://bugreport.java.com/bugreport/crash.jsp
#

---------------  S U M M A R Y ------------

Command Line: -javaagent:/Applications/IntelliJ IDEA CE.app/Contents/lib/idea_rt.jar=49473:/Applications/IntelliJ IDEA CE.app/Contents/bin -Dfile.encoding=UTF-8 MainPrincipal

Host: MacBookPro14,1 x86_64 2300 MHz, 4 cores, 8G, Darwin 19.2.0
Time: Thu Jan 30 19:48:53 2020 CST elapsed time: 689 seconds (0d 0h 11m 29s)

---------------  T H R E A D  ---------------

Current thread is native thread

Stack: [0x00007ffeec27e000,0x00007ffeeca7e000],  sp=0x00007ffeeca78e60,  free space=8171k
Native frames: (J=compiled Java code, A=aot compiled Java code, j=interpreted, Vv=VM code, C=native code)
V  [libjvm.dylib+0x765614]  JavaThread::set_thread_state(JavaThreadState)+0x4
V  [libjvm.dylib+0x765bb7]  ThreadStateTransition::transition_from_native(JavaThread*, JavaThreadState)+0x17
V  [libjvm.dylib+0x410089]  jni_FindClass+0x45
C  [JavaNativeFoundation+0x26fc]  JNFLookupClass+0x19
C  [JavaNativeFoundation+0x27ff]  JNFLookupMemberID+0x20
C  [JavaNativeFoundation+0x449a]  JNFCallStaticObjectMethod+0x94
C  [libawt_lwawt.dylib+0x17a96]  -[CDropTarget draggingEntered:]+0x119
C  [AppKit+0x60af27]  -[NSDragDestination _draggingEntered]+0x24
C  [AppKit+0x3bc45c]  NSCoreDragTrackingProc+0x3d4
C  [HIServices+0xeeac]  DoTrackingMessage+0x17c
C  [HIServices+0x1425b]  CoreDragMessageHandler+0x1ea
C  [CoreFoundation+0x12c087]  __CFMessagePortPerform+0x27a
C  [CoreFoundation+0x850bf]  __CFRUNLOOP_IS_CALLING_OUT_TO_A_SOURCE1_PERFORM_FUNCTION__+0x29
C  [CoreFoundation+0x8500f]  __CFRunLoopDoSource1+0x21d
C  [CoreFoundation+0x83c7c]  __CFRunLoopRun+0xa34
C  [CoreFoundation+0x82bd3]  CFRunLoopRunSpecific+0x1f3
C  [java+0x6bc3]  CreateExecutionEnvironment+0x191
C  [java+0x2ebc]  JLI_Launch+0x620
C  [java+0x1d4c]  main+0x180
C  [java+0x1bc4]  start+0x34


siginfo: si_signo: 11 (SIGSEGV), si_code: 1 (SEGV_MAPERR), si_addr: 0x00000000000002e8

Register to memory mapping:

RAX=
[error occurred during error reporting (printing register info), id 0xb]

Registers:
RAX=0x000000000000dead, RBX=0x0000000000000000, RCX=0x02d1e28f64610093, RDX=0x0000000000000000
RSP=0x00007ffeeca78e60, RBP=0x00007ffeeca78e60, RSI=0x0000000000000005, RDI=0x0000000000000000
R8 =0x00007fea7977ab00, R9 =0x00000000000001ff, R10=0x00007fea745a4760, R11=0x00007fff3e8b7406
R12=0x00007fea787eb260, R13=0x00007fff703b5000, R14=0x0000000000000006, R15=0x000000012d3e5c52
RIP=0x0000000104165614, EFLAGS=0x0000000000010206, ERR=0x0000000000000006
  TRAPNO=0x000000000000000e

Top of Stack: (sp=0x00007ffeeca78e60)
0x00007ffeeca78e60:   00007ffeeca78e80 0000000104165bb7
0x00007ffeeca78e70:   00007fea75355a70 0000000000000000
0x00007ffeeca78e80:   00007ffeeca78f10 0000000103e10089
0x00007ffeeca78e90:   0000000000000000 0000000000000000
0x00007ffeeca78ea0:   0000000000000000 0000000000000000
0x00007ffeeca78eb0:   0000000000000000 0000000000000000
0x00007ffeeca78ec0:   0000000000000000 0000000000000000
0x00007ffeeca78ed0:   0000000000000000 0000000000000000
0x00007ffeeca78ee0:   0000000000000000 00007fea75355a70
0x00007ffeeca78ef0:   00007fea787eb260 00007fff703b5000
0x00007ffeeca78f00:   000000012d40f7a0 00007fea787ea720
0x00007ffeeca78f10:   00007ffeeca78f40 00007fff3e8b56fc
0x00007ffeeca78f20:   0000003000000010 00007ffeeca790c0
0x00007ffeeca78f30:   00007fea75355a70 00007fea787ea720
0x00007ffeeca78f40:   00007ffeeca78f60 00007fff3e8b57ff
0x00007ffeeca78f50:   00007fea75355a70 00007ffeeca790c0
0x00007ffeeca78f60:   00007ffeeca79050 00007fff3e8b749a
0x00007ffeeca78f70:   00007fea75355a70 00007fea787ea720
0x00007ffeeca78f80:   00007fea787ea720 000000010d1c4dc0
0x00007ffeeca78f90:   00007fea7977ab00 00000000000001ff
0x00007ffeeca78fa0:   000000010d1c4dc0 00007fea787ea720
0x00007ffeeca78fb0:   00007fff7bd69f6c 00007fea787ea720
0x00007ffeeca78fc0:   00007fea75355a70 00007fff718e62ae
0x00007ffeeca78fd0:   0000000000000000 0000000000000000
0x00007ffeeca78fe0:   0000000000000000 0000000000000000
0x00007ffeeca78ff0:   0000000000000000 0000000000000000
0x00007ffeeca79000:   00000000000001ff 00007fea7977ab00
0x00007ffeeca79010:   0000000000000000 0000000000000020
0x00007ffeeca79020:   0000003000000010 00007ffeeca79060
0x00007ffeeca79030:   00007ffeeca78f70 02d1e28f64610093
0x00007ffeeca79040:   0000000000000020 00007fea75355a70
0x00007ffeeca79050:   00007ffeeca79110 000000012d3a0a96 

Instructions: (pc=0x0000000104165614)
0x00000001041655f4:   48 89 df 44 89 f6 5b 41 5e 5d e9 0d 00 00 00 66
0x0000000104165604:   66 66 66 2e 0f 1f 84 00 00 00 00 00 55 48 89 e5
0x0000000104165614:   89 b7 e8 02 00 00 5d c3 0f 1f 40 00 55 48 89 e5
0x0000000104165624:   be 01 00 00 00 5d e9 a1 03 00 00 90 55 48 89 e5 


---------------  P R O C E S S  ---------------

VM state:not at safepoint (normal execution)

VM Mutex/Monitor currently owned by a thread: None

Heap address: 0x0000000740000000, size: 2048 MB, Compressed Oops mode: Zero based, Oop shift amount: 3
Narrow klass base: 0x0000000000000000, Narrow klass shift: 3
Compressed class space size: 1073741824 Address: 0x00000007c0000000

Heap:
 garbage-first heap   total 230400K, used 208951K [0x0000000740000000, 0x00000007c0000000)
  region size 1024K, 107 young (109568K), 8 survivors (8192K)
 Metaspace       used 61444K, capacity 63258K, committed 63900K, reserved 1105920K
  class space    used 7269K, capacity 8071K, committed 8140K, reserved 1048576K
Heap Regions: E=young(eden), S=young(survivor), O=old, HS=humongous(starts), HC=humongous(continues), CS=collection set, F=free, A=archive, TS=gc time stamp, AC=allocation context, TAMS=top-at-mark-start (previous, next)
|   0|0x0000000740000000, 0x0000000740100000, 0x0000000740100000|100%| O|  |TS  0|AC  0|TAMS 0x0000000740100000, 0x0000000740100000|
|   1|0x0000000740100000, 0x0000000740200000, 0x0000000740200000|100%| O|  |TS  0|AC  0|TAMS 0x0000000740200000, 0x0000000740200000|
|   2|0x0000000740200000, 0x0000000740300000, 0x0000000740300000|100%| O|  |TS  0|AC  0|TAMS 0x0000000740300000, 0x0000000740300000|
|   3|0x0000000740300000, 0x0000000740400000, 0x0000000740400000|100%| O|  |TS  0|AC  0|TAMS 0x0000000740400000, 0x0000000740400000|
|   4|0x0000000740400000, 0x0000000740500000, 0x0000000740500000|100%| O|  |TS  0|AC  0|TAMS 0x0000000740500000, 0x0000000740500000|
|   5|0x0000000740500000, 0x0000000740600000, 0x0000000740600000|100%| O|  |TS  0|AC  0|TAMS 0x0000000740600000, 0x0000000740600000|
|   6|0x0000000740600000, 0x0000000740700000, 0x0000000740700000|100%| O|  |TS  0|AC  0|TAMS 0x0000000740700000, 0x0000000740700000|
|   7|0x0000000740700000, 0x0000000740800000, 0x0000000740800000|100%| O|  |TS  0|AC  0|TAMS 0x0000000740800000, 0x0000000740800000|
|   8|0x0000000740800000, 0x0000000740900000, 0x0000000740900000|100%| O|  |TS  0|AC  0|TAMS 0x0000000740900000, 0x0000000740900000|
|   9|0x0000000740900000, 0x0000000740a00000, 0x0000000740a00000|100%|HS|  |TS  0|AC  0|TAMS 0x0000000740a00000, 0x0000000740a00000|
|  10|0x0000000740a00000, 0x0000000740b00000, 0x0000000740b00000|100%|HC|  |TS  0|AC  0|TAMS 0x0000000740b00000, 0x0000000740b00000|
|  11|0x0000000740b00000, 0x0000000740c00000, 0x0000000740c00000|100%| O|  |TS  0|AC  0|TAMS 0x0000000740c00000, 0x0000000740c00000|
|  12|0x0000000740c00000, 0x0000000740d00000, 0x0000000740d00000|100%| O|  |TS  0|AC  0|TAMS 0x0000000740d00000, 0x0000000740d00000|
|  13|0x0000000740d00000, 0x0000000740e00000, 0x0000000740e00000|100%| O|  |TS  0|AC  0|TAMS 0x0000000740e00000, 0x0000000740e00000|
|  14|0x0000000740e00000, 0x0000000740f00000, 0x0000000740f00000|100%| O|  |TS  0|AC  0|TAMS 0x0000000740f00000, 0x0000000740f00000|
|  15|0x0000000740f00000, 0x0000000741000000, 0x0000000741000000|100%| O|  |TS  0|AC  0|TAMS 0x0000000741000000, 0x0000000741000000|
|  16|0x0000000741000000, 0x0000000741100000, 0x0000000741100000|100%|HS|  |TS  0|AC  0|TAMS 0x0000000741100000, 0x0000000741100000|
|  17|0x0000000741100000, 0x0000000741200000, 0x0000000741200000|100%|HC|  |TS  0|AC  0|TAMS 0x0000000741200000, 0x0000000741200000|
|  18|0x0000000741200000, 0x0000000741300000, 0x0000000741300000|100%|HC|  |TS  0|AC  0|TAMS 0x0000000741300000, 0x0000000741300000|
|  19|0x0000000741300000, 0x0000000741400000, 0x0000000741400000|100%| O|  |TS  0|AC  0|TAMS 0x0000000741400000, 0x0000000741400000|
|  20|0x0000000741400000, 0x0000000741500000, 0x0000000741500000|100%| O|  |TS  0|AC  0|TAMS 0x0000000741500000, 0x0000000741500000|
|  21|0x0000000741500000, 0x0000000741600000, 0x0000000741600000|100%| O|  |TS  0|AC  0|TAMS 0x0000000741600000, 0x0000000741600000|
|  22|0x0000000741600000, 0x0000000741700000, 0x0000000741700000|100%| O|  |TS  0|AC  0|TAMS 0x0000000741700000, 0x0000000741700000|
|  23|0x0000000741700000, 0x0000000741800000, 0x0000000741800000|100%| O|  |TS  0|AC  0|TAMS 0x0000000741800000, 0x0000000741800000|
|  24|0x0000000741800000, 0x0000000741900000, 0x0000000741900000|100%| O|  |TS  0|AC  0|TAMS 0x0000000741900000, 0x0000000741900000|
|  25|0x0000000741900000, 0x0000000741a00000, 0x0000000741a00000|100%| O|  |TS  0|AC  0|TAMS 0x0000000741a00000, 0x0000000741a00000|
|  26|0x0000000741a00000, 0x0000000741b00000, 0x0000000741b00000|100%| O|  |TS  0|AC  0|TAMS 0x0000000741b00000, 0x0000000741b00000|
|  27|0x0000000741b00000, 0x0000000741c00000, 0x0000000741c00000|100%| O|  |TS  0|AC  0|TAMS 0x0000000741c00000, 0x0000000741c00000|
|  28|0x0000000741c00000, 0x0000000741d00000, 0x0000000741d00000|100%|HS|  |TS  0|AC  0|TAMS 0x0000000741d00000, 0x0000000741d00000|
|  29|0x0000000741d00000, 0x0000000741e00000, 0x0000000741e00000|100%|HC|  |TS  0|AC  0|TAMS 0x0000000741e00000, 0x0000000741e00000|
|  30|0x0000000741e00000, 0x0000000741f00000, 0x0000000741f00000|100%|HS|  |TS  0|AC  0|TAMS 0x0000000741f00000, 0x0000000741f00000|
|  31|0x0000000741f00000, 0x0000000742000000, 0x0000000742000000|100%|HC|  |TS  0|AC  0|TAMS 0x0000000742000000, 0x0000000742000000|
|  32|0x0000000742000000, 0x0000000742100000, 0x0000000742100000|100%|HS|  |TS  0|AC  0|TAMS 0x0000000742100000, 0x0000000742100000|
|  33|0x0000000742100000, 0x0000000742200000, 0x0000000742200000|100%|HC|  |TS  0|AC  0|TAMS 0x0000000742200000, 0x0000000742200000|
|  34|0x0000000742200000, 0x0000000742300000, 0x0000000742300000|100%| O|  |TS 10|AC  0|TAMS 0x0000000742200000, 0x0000000742200000|
|  35|0x0000000742300000, 0x0000000742400000, 0x0000000742400000|100%| O|  |TS  0|AC  0|TAMS 0x0000000742400000, 0x0000000742400000|
|  36|0x0000000742400000, 0x0000000742500000, 0x0000000742500000|100%| O|  |TS  0|AC  0|TAMS 0x0000000742500000, 0x0000000742500000|
|  37|0x0000000742500000, 0x0000000742600000, 0x0000000742600000|100%| O|  |TS  0|AC  0|TAMS 0x0000000742600000, 0x0000000742600000|
|  38|0x0000000742600000, 0x0000000742700000, 0x0000000742700000|100%| O|  |TS  0|AC  0|TAMS 0x0000000742700000, 0x0000000742700000|
|  39|0x0000000742700000, 0x0000000742800000, 0x0000000742800000|100%| O|  |TS  0|AC  0|TAMS 0x0000000742800000, 0x0000000742800000|
|  40|0x0000000742800000, 0x0000000742900000, 0x0000000742900000|100%| O|  |TS  0|AC  0|TAMS 0x0000000742900000, 0x0000000742900000|
|  41|0x0000000742900000, 0x0000000742a00000, 0x0000000742a00000|100%| O|  |TS  0|AC  0|TAMS 0x0000000742a00000, 0x0000000742a00000|
|  42|0x0000000742a00000, 0x0000000742b00000, 0x0000000742b00000|100%| O|  |TS  0|AC  0|TAMS 0x0000000742b00000, 0x0000000742b00000|
|  43|0x0000000742b00000, 0x0000000742c00000, 0x0000000742c00000|100%|HS|  |TS  0|AC  0|TAMS 0x0000000742c00000, 0x0000000742c00000|
|  44|0x0000000742c00000, 0x0000000742d00000, 0x0000000742d00000|100%|HC|  |TS  0|AC  0|TAMS 0x0000000742d00000, 0x0000000742d00000|
|  45|0x0000000742d00000, 0x0000000742e00000, 0x0000000742e00000|100%|HS|  |TS  0|AC  0|TAMS 0x0000000742e00000, 0x0000000742e00000|
|  46|0x0000000742e00000, 0x0000000742f00000, 0x0000000742f00000|100%|HC|  |TS  0|AC  0|TAMS 0x0000000742f00000, 0x0000000742f00000|
|  47|0x0000000742f00000, 0x0000000743000000, 0x0000000743000000|100%|HC|  |TS  0|AC  0|TAMS 0x0000000743000000, 0x0000000743000000|
|  48|0x0000000743000000, 0x0000000743100000, 0x0000000743100000|100%| O|  |TS  0|AC  0|TAMS 0x0000000743100000, 0x0000000743100000|
|  49|0x0000000743100000, 0x0000000743200000, 0x0000000743200000|100%| O|  |TS  0|AC  0|TAMS 0x0000000743200000, 0x0000000743200000|
|  50|0x0000000743200000, 0x0000000743300000, 0x0000000743300000|100%| O|  |TS  0|AC  0|TAMS 0x0000000743300000, 0x0000000743300000|
|  51|0x0000000743300000, 0x0000000743400000, 0x0000000743400000|100%| O|  |TS  0|AC  0|TAMS 0x0000000743400000, 0x0000000743400000|
|  52|0x0000000743400000, 0x0000000743500000, 0x0000000743500000|100%| O|  |TS  0|AC  0|TAMS 0x0000000743500000, 0x0000000743500000|
|  53|0x0000000743500000, 0x0000000743600000, 0x0000000743600000|100%|HS|  |TS  0|AC  0|TAMS 0x0000000743600000, 0x0000000743600000|
|  54|0x0000000743600000, 0x0000000743700000, 0x0000000743700000|100%|HC|  |TS  0|AC  0|TAMS 0x0000000743700000, 0x0000000743700000|
|  55|0x0000000743700000, 0x0000000743800000, 0x0000000743800000|100%|HS|  |TS 23|AC  0|TAMS 0x0000000743700000, 0x0000000743700000|
|  56|0x0000000743800000, 0x0000000743900000, 0x0000000743900000|100%|HC|  |TS 23|AC  0|TAMS 0x0000000743800000, 0x0000000743800000|
|  57|0x0000000743900000, 0x0000000743a00000, 0x0000000743a00000|100%|HC|  |TS 23|AC  0|TAMS 0x0000000743900000, 0x0000000743900000|
|  58|0x0000000743a00000, 0x0000000743b00000, 0x0000000743b00000|100%|HS|  |TS 14|AC  0|TAMS 0x0000000743a00000, 0x0000000743a00000|
|  59|0x0000000743b00000, 0x0000000743c00000, 0x0000000743c00000|100%|HC|  |TS 14|AC  0|TAMS 0x0000000743b00000, 0x0000000743b00000|
|  60|0x0000000743c00000, 0x0000000743d00000, 0x0000000743d00000|100%| O|  |TS 16|AC  0|TAMS 0x0000000743c00000, 0x0000000743c00000|
|  61|0x0000000743d00000, 0x0000000743e00000, 0x0000000743e00000|100%| O|  |TS  7|AC  0|TAMS 0x0000000743d2ec00, 0x0000000743d2ec00|
|  62|0x0000000743e00000, 0x0000000743f00000, 0x0000000743f00000|100%|HS|  |TS 24|AC  0|TAMS 0x0000000743e00000, 0x0000000743e00000|
|  63|0x0000000743f00000, 0x0000000744000000, 0x0000000744000000|100%|HC|  |TS 24|AC  0|TAMS 0x0000000743f00000, 0x0000000743f00000|
|  64|0x0000000744000000, 0x0000000744100000, 0x0000000744100000|100%|HC|  |TS 24|AC  0|TAMS 0x0000000744000000, 0x0000000744000000|
|  65|0x0000000744100000, 0x0000000744200000, 0x0000000744200000|100%| O|  |TS 15|AC  0|TAMS 0x0000000744100000, 0x0000000744100000|
|  66|0x0000000744200000, 0x0000000744300000, 0x0000000744300000|100%|HS|  |TS 23|AC  0|TAMS 0x0000000744200000, 0x0000000744200000|
|  67|0x0000000744300000, 0x0000000744400000, 0x0000000744400000|100%|HC|  |TS 23|AC  0|TAMS 0x0000000744300000, 0x0000000744300000|
|  68|0x0000000744400000, 0x0000000744500000, 0x0000000744500000|100%|HC|  |TS 23|AC  0|TAMS 0x0000000744400000, 0x0000000744400000|
|  69|0x0000000744500000, 0x0000000744600000, 0x0000000744600000|100%|HS|  |TS 22|AC  0|TAMS 0x0000000744500000, 0x0000000744500000|
|  70|0x0000000744600000, 0x0000000744700000, 0x0000000744700000|100%|HC|  |TS 22|AC  0|TAMS 0x0000000744600000, 0x0000000744600000|
|  71|0x0000000744700000, 0x0000000744800000, 0x0000000744800000|100%|HC|  |TS 22|AC  0|TAMS 0x0000000744700000, 0x0000000744700000|
|  72|0x0000000744800000, 0x0000000744900000, 0x0000000744900000|100%| O|  |TS 16|AC  0|TAMS 0x0000000744800000, 0x0000000744800000|
|  73|0x0000000744900000, 0x0000000744a00000, 0x0000000744a00000|100%| O|  |TS 16|AC  0|TAMS 0x0000000744900000, 0x0000000744900000|
|  74|0x0000000744a00000, 0x0000000744b00000, 0x0000000744b00000|100%| O|  |TS 16|AC  0|TAMS 0x0000000744a00000, 0x0000000744a00000|
|  75|0x0000000744b00000, 0x0000000744c00000, 0x0000000744c00000|100%| O|  |TS 17|AC  0|TAMS 0x0000000744b00000, 0x0000000744b00000|
|  76|0x0000000744c00000, 0x0000000744d00000, 0x0000000744d00000|100%| O|  |TS 17|AC  0|TAMS 0x0000000744c00000, 0x0000000744c00000|
|  77|0x0000000744d00000, 0x0000000744e00000, 0x0000000744e00000|100%| O|  |TS 17|AC  0|TAMS 0x0000000744d00000, 0x0000000744d00000|
|  78|0x0000000744e00000, 0x0000000744f00000, 0x0000000744f00000|100%| O|  |TS 17|AC  0|TAMS 0x0000000744e00000, 0x0000000744e00000|
|  79|0x0000000744f00000, 0x0000000745000000, 0x0000000745000000|100%| O|  |TS 17|AC  0|TAMS 0x0000000744f00000, 0x0000000744f00000|
|  80|0x0000000745000000, 0x0000000745100000, 0x0000000745100000|100%| O|  |TS 17|AC  0|TAMS 0x0000000745000000, 0x0000000745000000|
|  81|0x0000000745100000, 0x0000000745200000, 0x0000000745200000|100%| O|  |TS 17|AC  0|TAMS 0x0000000745100000, 0x0000000745100000|
|  82|0x0000000745200000, 0x0000000745300000, 0x0000000745300000|100%| O|  |TS 17|AC  0|TAMS 0x0000000745200000, 0x0000000745200000|
|  83|0x0000000745300000, 0x0000000745399600, 0x0000000745400000| 59%| O|  |TS 24|AC  0|TAMS 0x0000000745300000, 0x0000000745300000|
|  84|0x0000000745400000, 0x0000000745500000, 0x0000000745500000|100%|HS|  |TS 16|AC  0|TAMS 0x0000000745400000, 0x0000000745400000|
|  85|0x0000000745500000, 0x0000000745600000, 0x0000000745600000|100%|HC|  |TS 15|AC  0|TAMS 0x0000000745500000, 0x0000000745500000|
|  86|0x0000000745600000, 0x0000000745700000, 0x0000000745700000|100%|HC|  |TS 15|AC  0|TAMS 0x0000000745600000, 0x0000000745600000|
|  87|0x0000000745700000, 0x0000000745800000, 0x0000000745800000|100%|HS|  |TS 15|AC  0|TAMS 0x0000000745700000, 0x0000000745700000|
|  88|0x0000000745800000, 0x0000000745900000, 0x0000000745900000|100%|HC|  |TS 15|AC  0|TAMS 0x0000000745800000, 0x0000000745800000|
|  89|0x0000000745900000, 0x0000000745a00000, 0x0000000745a00000|100%|HC|  |TS 16|AC  0|TAMS 0x0000000745900000, 0x0000000745900000|
|  90|0x0000000745a00000, 0x0000000745b00000, 0x0000000745b00000|100%|HS|  |TS 16|AC  0|TAMS 0x0000000745a00000, 0x0000000745a00000|
|  91|0x0000000745b00000, 0x0000000745c00000, 0x0000000745c00000|100%|HC|  |TS 16|AC  0|TAMS 0x0000000745b00000, 0x0000000745b00000|
|  92|0x0000000745c00000, 0x0000000745d00000, 0x0000000745d00000|100%|HC|  |TS 16|AC  0|TAMS 0x0000000745c00000, 0x0000000745c00000|
|  93|0x0000000745d00000, 0x0000000745e00000, 0x0000000745e00000|100%|HS|  |TS 16|AC  0|TAMS 0x0000000745d00000, 0x0000000745d00000|
|  94|0x0000000745e00000, 0x0000000745f00000, 0x0000000745f00000|100%|HC|  |TS 16|AC  0|TAMS 0x0000000745e00000, 0x0000000745e00000|
|  95|0x0000000745f00000, 0x0000000746000000, 0x0000000746000000|100%|HC|  |TS 15|AC  0|TAMS 0x0000000745f00000, 0x0000000745f00000|
|  96|0x0000000746000000, 0x0000000746000000, 0x0000000746100000|  0%| F|  |TS 15|AC  0|TAMS 0x0000000746000000, 0x0000000746000000|
|  97|0x0000000746100000, 0x0000000746100000, 0x0000000746200000|  0%| F|  |TS 15|AC  0|TAMS 0x0000000746100000, 0x0000000746100000|
|  98|0x0000000746200000, 0x0000000746274870, 0x0000000746300000| 45%| S|CS|TS 24|AC  0|TAMS 0x0000000746200000, 0x0000000746200000|
|  99|0x0000000746300000, 0x0000000746400000, 0x0000000746400000|100%| S|CS|TS 24|AC  0|TAMS 0x0000000746300000, 0x0000000746300000|
| 100|0x0000000746400000, 0x0000000746500000, 0x0000000746500000|100%| S|CS|TS 24|AC  0|TAMS 0x0000000746400000, 0x0000000746400000|
| 101|0x0000000746500000, 0x0000000746600000, 0x0000000746600000|100%| S|CS|TS 24|AC  0|TAMS 0x0000000746500000, 0x0000000746500000|
| 102|0x0000000746600000, 0x0000000746700000, 0x0000000746700000|100%| S|CS|TS 24|AC  0|TAMS 0x0000000746600000, 0x0000000746600000|
| 103|0x0000000746700000, 0x0000000746700000, 0x0000000746800000|  0%| F|  |TS 24|AC  0|TAMS 0x0000000746700000, 0x0000000746700000|
| 104|0x0000000746800000, 0x0000000746800000, 0x0000000746900000|  0%| F|  |TS 24|AC  0|TAMS 0x0000000746800000, 0x0000000746800000|
| 105|0x0000000746900000, 0x0000000746a00000, 0x0000000746a00000|100%| S|CS|TS 24|AC  0|TAMS 0x0000000746900000, 0x0000000746900000|
| 106|0x0000000746a00000, 0x0000000746b00000, 0x0000000746b00000|100%| S|CS|TS 24|AC  0|TAMS 0x0000000746a00000, 0x0000000746a00000|
| 107|0x0000000746b00000, 0x0000000746c00000, 0x0000000746c00000|100%| S|CS|TS 24|AC  0|TAMS 0x0000000746b00000, 0x0000000746b00000|
| 108|0x0000000746c00000, 0x0000000746d00000, 0x0000000746d00000|100%|HS|  |TS 24|AC  0|TAMS 0x0000000746c00000, 0x0000000746c00000|
| 109|0x0000000746d00000, 0x0000000746e00000, 0x0000000746e00000|100%|HC|  |TS 24|AC  0|TAMS 0x0000000746d00000, 0x0000000746d00000|
| 110|0x0000000746e00000, 0x0000000746f00000, 0x0000000746f00000|100%|HC|  |TS 24|AC  0|TAMS 0x0000000746e00000, 0x0000000746e00000|
| 111|0x0000000746f00000, 0x0000000746f00000, 0x0000000747000000|  0%| F|  |TS 24|AC  0|TAMS 0x0000000746f00000, 0x0000000746f00000|
| 112|0x0000000747000000, 0x0000000747000000, 0x0000000747100000|  0%| F|  |TS 24|AC  0|TAMS 0x0000000747000000, 0x0000000747000000|
| 113|0x0000000747100000, 0x0000000747100000, 0x0000000747200000|  0%| F|  |TS 24|AC  0|TAMS 0x0000000747100000, 0x0000000747100000|
| 114|0x0000000747200000, 0x0000000747200000, 0x0000000747300000|  0%| F|  |TS 24|AC  0|TAMS 0x0000000747200000, 0x0000000747200000|
| 115|0x0000000747300000, 0x0000000747300000, 0x0000000747400000|  0%| F|  |TS 24|AC  0|TAMS 0x0000000747300000, 0x0000000747300000|
| 116|0x0000000747400000, 0x0000000747400000, 0x0000000747500000|  0%| F|  |TS 24|AC  0|TAMS 0x0000000747400000, 0x0000000747400000|
| 117|0x0000000747500000, 0x0000000747500000, 0x0000000747600000|  0%| F|  |TS 24|AC  0|TAMS 0x0000000747500000, 0x0000000747500000|
| 118|0x0000000747600000, 0x0000000747600000, 0x0000000747700000|  0%| F|  |TS 24|AC  0|TAMS 0x0000000747600000, 0x0000000747600000|
| 119|0x0000000747700000, 0x0000000747700000, 0x0000000747800000|  0%| F|  |TS 24|AC  0|TAMS 0x0000000747700000, 0x0000000747700000|
| 120|0x0000000747800000, 0x0000000747800000, 0x0000000747900000|  0%| F|  |TS 24|AC  0|TAMS 0x0000000747800000, 0x0000000747800000|
| 121|0x0000000747900000, 0x0000000747900000, 0x0000000747a00000|  0%| F|  |TS 24|AC  0|TAMS 0x0000000747900000, 0x0000000747900000|
| 122|0x0000000747a00000, 0x0000000747a00000, 0x0000000747b00000|  0%| F|  |TS 24|AC  0|TAMS 0x0000000747a00000, 0x0000000747a00000|
| 123|0x0000000747b00000, 0x0000000747b00000, 0x0000000747c00000|  0%| F|  |TS 24|AC  0|TAMS 0x0000000747b00000, 0x0000000747b00000|
| 124|0x0000000747c00000, 0x0000000747c00000, 0x0000000747d00000|  0%| F|  |TS 24|AC  0|TAMS 0x0000000747c00000, 0x0000000747c00000|
| 125|0x0000000747d00000, 0x0000000747d00000, 0x0000000747e00000|  0%| F|  |TS 24|AC  0|TAMS 0x0000000747d00000, 0x0000000747d00000|
| 126|0x0000000747e00000, 0x0000000747e76500, 0x0000000747f00000| 46%| E|  |TS 24|AC  0|TAMS 0x0000000747e00000, 0x0000000747e00000|
| 127|0x0000000747f00000, 0x0000000748000000, 0x0000000748000000|100%| E|CS|TS 24|AC  0|TAMS 0x0000000747f00000, 0x0000000747f00000|
| 128|0x0000000748000000, 0x0000000748100000, 0x0000000748100000|100%| E|CS|TS 24|AC  0|TAMS 0x0000000748000000, 0x0000000748000000|
| 129|0x0000000748100000, 0x0000000748200000, 0x0000000748200000|100%| E|CS|TS 24|AC  0|TAMS 0x0000000748100000, 0x0000000748100000|
| 130|0x0000000748200000, 0x0000000748300000, 0x0000000748300000|100%| E|CS|TS 24|AC  0|TAMS 0x0000000748200000, 0x0000000748200000|
| 131|0x0000000748300000, 0x0000000748400000, 0x0000000748400000|100%| E|CS|TS 24|AC  0|TAMS 0x0000000748300000, 0x0000000748300000|
| 132|0x0000000748400000, 0x0000000748500000, 0x0000000748500000|100%| E|CS|TS 24|AC  0|TAMS 0x0000000748400000, 0x0000000748400000|
| 133|0x0000000748500000, 0x0000000748600000, 0x0000000748600000|100%| E|CS|TS 24|AC  0|TAMS 0x0000000748500000, 0x0000000748500000|
| 134|0x0000000748600000, 0x0000000748700000, 0x0000000748700000|100%| E|CS|TS 24|AC  0|TAMS 0x0000000748600000, 0x0000000748600000|
| 135|0x0000000748700000, 0x0000000748800000, 0x0000000748800000|100%| E|CS|TS 24|AC  0|TAMS 0x0000000748700000, 0x0000000748700000|
| 136|0x0000000748800000, 0x0000000748900000, 0x0000000748900000|100%| E|CS|TS 24|AC  0|TAMS 0x0000000748800000, 0x0000000748800000|
| 137|0x0000000748900000, 0x0000000748a00000, 0x0000000748a00000|100%| E|CS|TS 24|AC  0|TAMS 0x0000000748900000, 0x0000000748900000|
| 138|0x0000000748a00000, 0x0000000748b00000, 0x0000000748b00000|100%| E|CS|TS 24|AC  0|TAMS 0x0000000748a00000, 0x0000000748a00000|
| 139|0x0000000748b00000, 0x0000000748c00000, 0x0000000748c00000|100%| E|CS|TS 24|AC  0|TAMS 0x0000000748b00000, 0x0000000748b00000|
| 140|0x0000000748c00000, 0x0000000748d00000, 0x0000000748d00000|100%| E|CS|TS 24|AC  0|TAMS 0x0000000748c00000, 0x0000000748c00000|
| 141|0x0000000748d00000, 0x0000000748e00000, 0x0000000748e00000|100%| E|CS|TS 24|AC  0|TAMS 0x0000000748d00000, 0x0000000748d00000|
| 142|0x0000000748e00000, 0x0000000748f00000, 0x0000000748f00000|100%| E|CS|TS 24|AC  0|TAMS 0x0000000748e00000, 0x0000000748e00000|
| 143|0x0000000748f00000, 0x0000000749000000, 0x0000000749000000|100%| E|CS|TS 24|AC  0|TAMS 0x0000000748f00000, 0x0000000748f00000|
| 144|0x0000000749000000, 0x0000000749100000, 0x0000000749100000|100%| E|CS|TS 24|AC  0|TAMS 0x0000000749000000, 0x0000000749000000|
| 145|0x0000000749100000, 0x0000000749200000, 0x0000000749200000|100%| E|CS|TS 24|AC  0|TAMS 0x0000000749100000, 0x0000000749100000|
| 146|0x0000000749200000, 0x0000000749300000, 0x0000000749300000|100%| E|CS|TS 24|AC  0|TAMS 0x0000000749200000, 0x0000000749200000|
| 147|0x0000000749300000, 0x0000000749400000, 0x0000000749400000|100%| E|CS|TS 24|AC  0|TAMS 0x0000000749300000, 0x0000000749300000|
| 148|0x0000000749400000, 0x0000000749500000, 0x0000000749500000|100%| E|CS|TS 24|AC  0|TAMS 0x0000000749400000, 0x0000000749400000|
| 149|0x0000000749500000, 0x0000000749600000, 0x0000000749600000|100%| E|CS|TS 24|AC  0|TAMS 0x0000000749500000, 0x0000000749500000|
| 150|0x0000000749600000, 0x0000000749700000, 0x0000000749700000|100%| E|CS|TS 24|AC  0|TAMS 0x0000000749600000, 0x0000000749600000|
| 151|0x0000000749700000, 0x0000000749800000, 0x0000000749800000|100%| E|CS|TS 24|AC  0|TAMS 0x0000000749700000, 0x0000000749700000|
| 152|0x0000000749800000, 0x0000000749900000, 0x0000000749900000|100%| E|CS|TS 24|AC  0|TAMS 0x0000000749800000, 0x0000000749800000|
| 153|0x0000000749900000, 0x0000000749a00000, 0x0000000749a00000|100%| E|CS|TS 24|AC  0|TAMS 0x0000000749900000, 0x0000000749900000|
| 154|0x0000000749a00000, 0x0000000749b00000, 0x0000000749b00000|100%| E|CS|TS 24|AC  0|TAMS 0x0000000749a00000, 0x0000000749a00000|
| 155|0x0000000749b00000, 0x0000000749c00000, 0x0000000749c00000|100%| E|CS|TS 24|AC  0|TAMS 0x0000000749b00000, 0x0000000749b00000|
| 156|0x0000000749c00000, 0x0000000749d00000, 0x0000000749d00000|100%| E|CS|TS 24|AC  0|TAMS 0x0000000749c00000, 0x0000000749c00000|
| 157|0x0000000749d00000, 0x0000000749e00000, 0x0000000749e00000|100%| E|CS|TS 24|AC  0|TAMS 0x0000000749d00000, 0x0000000749d00000|
| 158|0x0000000749e00000, 0x0000000749f00000, 0x0000000749f00000|100%| E|CS|TS 24|AC  0|TAMS 0x0000000749e00000, 0x0000000749e00000|
| 159|0x0000000749f00000, 0x000000074a000000, 0x000000074a000000|100%| E|CS|TS 24|AC  0|TAMS 0x0000000749f00000, 0x0000000749f00000|
| 160|0x000000074a000000, 0x000000074a100000, 0x000000074a100000|100%| E|CS|TS 24|AC  0|TAMS 0x000000074a000000, 0x000000074a000000|
| 161|0x000000074a100000, 0x000000074a200000, 0x000000074a200000|100%| E|CS|TS 24|AC  0|TAMS 0x000000074a100000, 0x000000074a100000|
| 162|0x000000074a200000, 0x000000074a300000, 0x000000074a300000|100%| E|CS|TS 24|AC  0|TAMS 0x000000074a200000, 0x000000074a200000|
| 163|0x000000074a300000, 0x000000074a400000, 0x000000074a400000|100%| E|CS|TS 24|AC  0|TAMS 0x000000074a300000, 0x000000074a300000|
| 164|0x000000074a400000, 0x000000074a500000, 0x000000074a500000|100%| E|CS|TS 24|AC  0|TAMS 0x000000074a400000, 0x000000074a400000|
| 165|0x000000074a500000, 0x000000074a600000, 0x000000074a600000|100%| E|CS|TS 24|AC  0|TAMS 0x000000074a500000, 0x000000074a500000|
| 166|0x000000074a600000, 0x000000074a700000, 0x000000074a700000|100%| E|CS|TS 24|AC  0|TAMS 0x000000074a600000, 0x000000074a600000|
| 167|0x000000074a700000, 0x000000074a800000, 0x000000074a800000|100%| E|CS|TS 24|AC  0|TAMS 0x000000074a700000, 0x000000074a700000|
| 168|0x000000074a800000, 0x000000074a900000, 0x000000074a900000|100%| E|CS|TS 24|AC  0|TAMS 0x000000074a800000, 0x000000074a800000|
| 169|0x000000074a900000, 0x000000074aa00000, 0x000000074aa00000|100%| E|CS|TS 24|AC  0|TAMS 0x000000074a900000, 0x000000074a900000|
| 170|0x000000074aa00000, 0x000000074ab00000, 0x000000074ab00000|100%| E|CS|TS 24|AC  0|TAMS 0x000000074aa00000, 0x000000074aa00000|
| 171|0x000000074ab00000, 0x000000074ac00000, 0x000000074ac00000|100%| E|CS|TS 24|AC  0|TAMS 0x000000074ab00000, 0x000000074ab00000|
| 172|0x000000074ac00000, 0x000000074ad00000, 0x000000074ad00000|100%| E|CS|TS 24|AC  0|TAMS 0x000000074ac00000, 0x000000074ac00000|
| 173|0x000000074ad00000, 0x000000074ae00000, 0x000000074ae00000|100%| E|CS|TS 24|AC  0|TAMS 0x000000074ad00000, 0x000000074ad00000|
| 174|0x000000074ae00000, 0x000000074af00000, 0x000000074af00000|100%| E|CS|TS 24|AC  0|TAMS 0x000000074ae00000, 0x000000074ae00000|
| 175|0x000000074af00000, 0x000000074b000000, 0x000000074b000000|100%| E|CS|TS 24|AC  0|TAMS 0x000000074af00000, 0x000000074af00000|
| 176|0x000000074b000000, 0x000000074b100000, 0x000000074b100000|100%| E|CS|TS 24|AC  0|TAMS 0x000000074b000000, 0x000000074b000000|
| 177|0x000000074b100000, 0x000000074b200000, 0x000000074b200000|100%| E|CS|TS 24|AC  0|TAMS 0x000000074b100000, 0x000000074b100000|
| 178|0x000000074b200000, 0x000000074b300000, 0x000000074b300000|100%| E|CS|TS 24|AC  0|TAMS 0x000000074b200000, 0x000000074b200000|
| 179|0x000000074b300000, 0x000000074b400000, 0x000000074b400000|100%| E|CS|TS 24|AC  0|TAMS 0x000000074b300000, 0x000000074b300000|
| 180|0x000000074b400000, 0x000000074b500000, 0x000000074b500000|100%| E|CS|TS 24|AC  0|TAMS 0x000000074b400000, 0x000000074b400000|
| 181|0x000000074b500000, 0x000000074b600000, 0x000000074b600000|100%| E|CS|TS 24|AC  0|TAMS 0x000000074b500000, 0x000000074b500000|
| 182|0x000000074b600000, 0x000000074b700000, 0x000000074b700000|100%| E|CS|TS 24|AC  0|TAMS 0x000000074b600000, 0x000000074b600000|
| 183|0x000000074b700000, 0x000000074b800000, 0x000000074b800000|100%| E|CS|TS 24|AC  0|TAMS 0x000000074b700000, 0x000000074b700000|
| 184|0x000000074b800000, 0x000000074b900000, 0x000000074b900000|100%| E|CS|TS 24|AC  0|TAMS 0x000000074b800000, 0x000000074b800000|
| 185|0x000000074b900000, 0x000000074ba00000, 0x000000074ba00000|100%| E|CS|TS 24|AC  0|TAMS 0x000000074b900000, 0x000000074b900000|
| 186|0x000000074ba00000, 0x000000074bb00000, 0x000000074bb00000|100%| E|CS|TS 24|AC  0|TAMS 0x000000074ba00000, 0x000000074ba00000|
| 187|0x000000074bb00000, 0x000000074bc00000, 0x000000074bc00000|100%| E|CS|TS 24|AC  0|TAMS 0x000000074bb00000, 0x000000074bb00000|
| 188|0x000000074bc00000, 0x000000074bd00000, 0x000000074bd00000|100%| E|CS|TS 24|AC  0|TAMS 0x000000074bc00000, 0x000000074bc00000|
| 189|0x000000074bd00000, 0x000000074be00000, 0x000000074be00000|100%| E|CS|TS 24|AC  0|TAMS 0x000000074bd00000, 0x000000074bd00000|
| 190|0x000000074be00000, 0x000000074bf00000, 0x000000074bf00000|100%| E|CS|TS 24|AC  0|TAMS 0x000000074be00000, 0x000000074be00000|
| 191|0x000000074bf00000, 0x000000074c000000, 0x000000074c000000|100%| E|CS|TS 24|AC  0|TAMS 0x000000074bf00000, 0x000000074bf00000|
| 192|0x000000074c000000, 0x000000074c100000, 0x000000074c100000|100%| E|CS|TS 24|AC  0|TAMS 0x000000074c000000, 0x000000074c000000|
| 193|0x000000074c100000, 0x000000074c200000, 0x000000074c200000|100%| E|CS|TS 24|AC  0|TAMS 0x000000074c100000, 0x000000074c100000|
| 194|0x000000074c200000, 0x000000074c300000, 0x000000074c300000|100%| E|CS|TS 24|AC  0|TAMS 0x000000074c200000, 0x000000074c200000|
| 195|0x000000074c300000, 0x000000074c400000, 0x000000074c400000|100%| E|CS|TS 24|AC  0|TAMS 0x000000074c300000, 0x000000074c300000|
| 196|0x000000074c400000, 0x000000074c500000, 0x000000074c500000|100%| E|CS|TS 24|AC  0|TAMS 0x000000074c400000, 0x000000074c400000|
| 197|0x000000074c500000, 0x000000074c600000, 0x000000074c600000|100%| E|CS|TS 24|AC  0|TAMS 0x000000074c500000, 0x000000074c500000|
| 198|0x000000074c600000, 0x000000074c700000, 0x000000074c700000|100%| E|CS|TS 24|AC  0|TAMS 0x000000074c600000, 0x000000074c600000|
| 199|0x000000074c700000, 0x000000074c800000, 0x000000074c800000|100%| E|CS|TS 24|AC  0|TAMS 0x000000074c700000, 0x000000074c700000|
| 200|0x000000074c800000, 0x000000074c900000, 0x000000074c900000|100%| E|CS|TS 24|AC  0|TAMS 0x000000074c800000, 0x000000074c800000|
| 201|0x000000074c900000, 0x000000074ca00000, 0x000000074ca00000|100%| E|CS|TS 24|AC  0|TAMS 0x000000074c900000, 0x000000074c900000|
| 202|0x000000074ca00000, 0x000000074cb00000, 0x000000074cb00000|100%| E|CS|TS 24|AC  0|TAMS 0x000000074ca00000, 0x000000074ca00000|
| 203|0x000000074cb00000, 0x000000074cc00000, 0x000000074cc00000|100%| E|CS|TS 24|AC  0|TAMS 0x000000074cb00000, 0x000000074cb00000|
| 204|0x000000074cc00000, 0x000000074cd00000, 0x000000074cd00000|100%| E|CS|TS 24|AC  0|TAMS 0x000000074cc00000, 0x000000074cc00000|
| 205|0x000000074cd00000, 0x000000074ce00000, 0x000000074ce00000|100%| E|CS|TS 24|AC  0|TAMS 0x000000074cd00000, 0x000000074cd00000|
| 206|0x000000074ce00000, 0x000000074cf00000, 0x000000074cf00000|100%| E|CS|TS 24|AC  0|TAMS 0x000000074ce00000, 0x000000074ce00000|
| 207|0x000000074cf00000, 0x000000074d000000, 0x000000074d000000|100%| E|CS|TS 24|AC  0|TAMS 0x000000074cf00000, 0x000000074cf00000|
| 208|0x000000074d000000, 0x000000074d100000, 0x000000074d100000|100%| E|CS|TS 24|AC  0|TAMS 0x000000074d000000, 0x000000074d000000|
| 209|0x000000074d100000, 0x000000074d200000, 0x000000074d200000|100%| E|CS|TS 24|AC  0|TAMS 0x000000074d100000, 0x000000074d100000|
| 210|0x000000074d200000, 0x000000074d300000, 0x000000074d300000|100%| E|CS|TS 24|AC  0|TAMS 0x000000074d200000, 0x000000074d200000|
| 211|0x000000074d300000, 0x000000074d400000, 0x000000074d400000|100%| E|CS|TS 24|AC  0|TAMS 0x000000074d300000, 0x000000074d300000|
| 212|0x000000074d400000, 0x000000074d500000, 0x000000074d500000|100%| E|CS|TS 24|AC  0|TAMS 0x000000074d400000, 0x000000074d400000|
| 213|0x000000074d500000, 0x000000074d600000, 0x000000074d600000|100%| E|CS|TS 24|AC  0|TAMS 0x000000074d500000, 0x000000074d500000|
| 214|0x000000074d600000, 0x000000074d700000, 0x000000074d700000|100%| E|CS|TS 24|AC  0|TAMS 0x000000074d600000, 0x000000074d600000|
| 215|0x000000074d700000, 0x000000074d800000, 0x000000074d800000|100%| E|CS|TS 24|AC  0|TAMS 0x000000074d700000, 0x000000074d700000|
| 216|0x000000074d800000, 0x000000074d900000, 0x000000074d900000|100%| E|CS|TS 24|AC  0|TAMS 0x000000074d800000, 0x000000074d800000|
| 217|0x000000074d900000, 0x000000074da00000, 0x000000074da00000|100%| E|CS|TS 24|AC  0|TAMS 0x000000074d900000, 0x000000074d900000|
| 218|0x000000074da00000, 0x000000074db00000, 0x000000074db00000|100%| E|CS|TS 24|AC  0|TAMS 0x000000074da00000, 0x000000074da00000|
| 219|0x000000074db00000, 0x000000074dc00000, 0x000000074dc00000|100%| E|CS|TS 24|AC  0|TAMS 0x000000074db00000, 0x000000074db00000|
| 220|0x000000074dc00000, 0x000000074dd00000, 0x000000074dd00000|100%| E|CS|TS 24|AC  0|TAMS 0x000000074dc00000, 0x000000074dc00000|
| 221|0x000000074dd00000, 0x000000074de00000, 0x000000074de00000|100%| E|CS|TS 24|AC  0|TAMS 0x000000074dd00000, 0x000000074dd00000|
| 222|0x000000074de00000, 0x000000074df00000, 0x000000074df00000|100%| E|CS|TS 24|AC  0|TAMS 0x000000074de00000, 0x000000074de00000|
| 223|0x000000074df00000, 0x000000074e000000, 0x000000074e000000|100%| E|CS|TS 24|AC  0|TAMS 0x000000074df00000, 0x000000074df00000|
| 224|0x000000074e000000, 0x000000074e100000, 0x000000074e100000|100%| E|CS|TS 24|AC  0|TAMS 0x000000074e000000, 0x000000074e000000|

Card table byte_map: [0x0000000105238000,0x0000000105638000] byte_map_base: 0x0000000101838000

Marking Bits (Prev, Next): (CMBitMap*) 0x00007fea75827098, (CMBitMap*) 0x00007fea75827060
 Prev Bits: [0x0000000107a38000, 0x0000000109a38000)
 Next Bits: [0x0000000105a38000, 0x0000000107a38000)

Polling page: 0x00000001047a0000

CodeHeap 'non-profiled nmethods': size=120032Kb used=6881Kb max_used=6881Kb free=113150Kb
 bounds [0x000000011ffc1000, 0x0000000120681000, 0x00000001274f9000]
CodeHeap 'profiled nmethods': size=120032Kb used=19994Kb max_used=20186Kb free=100037Kb
 bounds [0x0000000118a89000, 0x0000000119e69000, 0x000000011ffc1000]
CodeHeap 'non-nmethods': size=5696Kb used=1535Kb max_used=1582Kb free=4160Kb
 bounds [0x00000001184f9000, 0x0000000118769000, 0x0000000118a89000]
 total_blobs=15191 nmethods=9497 adapters=1006
 compilation: enabled

Compilation events (10 events):
Event: 677.145 Thread 0x00007fea75085000 nmethod 11053 0x0000000119292c90 code [0x0000000119292ea0, 0x00000001192934d0]
Event: 677.145 Thread 0x00007fea75085000 11054       3       java.util.stream.Collectors::access$000 (4 bytes)
Event: 677.145 Thread 0x00007fea75085000 nmethod 11054 0x0000000119294d10 code [0x0000000119294ee0, 0x00000001192951b0]
Event: 677.145 Thread 0x00007fea75085000 11055       3       java.util.stream.Collectors::castingIdentity (6 bytes)
Event: 677.146 Thread 0x00007fea75085000 nmethod 11055 0x0000000119248690 code [0x0000000119248860, 0x0000000119248af0]
Event: 677.146 Thread 0x00007fea75085000 11056   !   3       java.util.ArrayList$Itr::remove (68 bytes)
Event: 677.147 Thread 0x00007fea75085000 nmethod 11056 0x000000011929f810 code [0x000000011929fa60, 0x00000001192a01c8]
Event: 677.151 Thread 0x00007fea75084000 11057       4       java.lang.invoke.MemberName::getInvocationType (56 bytes)
Event: 677.158 Thread 0x00007fea75084000 nmethod 11057 0x0000000120671390 code [0x0000000120671580, 0x0000000120671b48]
Event: 677.293 Thread 0x00007fea75802000 nmethod 11051 0x0000000120672090 code [0x0000000120672700, 0x00000001206780f8]

GC Heap History (10 events):
Event: 661.221 GC heap before
{Heap before GC invocations=54 (full 0):
 garbage-first heap   total 230400K, used 202777K [0x0000000740000000, 0x00000007c0000000)
  region size 1024K, 115 young (117760K), 4 survivors (4096K)
 Metaspace       used 61074K, capacity 62917K, committed 63388K, reserved 1103872K
  class space    used 7250K, capacity 8063K, committed 8140K, reserved 1048576K
}
Event: 661.223 GC heap after
{Heap after GC invocations=55 (full 0):
 garbage-first heap   total 230400K, used 83994K [0x0000000740000000, 0x00000007c0000000)
  region size 1024K, 5 young (5120K), 5 survivors (5120K)
 Metaspace       used 61074K, capacity 62917K, committed 63388K, reserved 1103872K
  class space    used 7250K, capacity 8063K, committed 8140K, reserved 1048576K
}
Event: 661.653 GC heap before
{Heap before GC invocations=55 (full 0):
 garbage-first heap   total 230400K, used 203802K [0x0000000740000000, 0x00000007c0000000)
  region size 1024K, 116 young (118784K), 5 survivors (5120K)
 Metaspace       used 61079K, capacity 62917K, committed 63388K, reserved 1103872K
  class space    used 7250K, capacity 8063K, committed 8140K, reserved 1048576K
}
Event: 661.657 GC heap after
{Heap after GC invocations=56 (full 0):
 garbage-first heap   total 230400K, used 84964K [0x0000000740000000, 0x00000007c0000000)
  region size 1024K, 6 young (6144K), 6 survivors (6144K)
 Metaspace       used 61079K, capacity 62917K, committed 63388K, reserved 1103872K
  class space    used 7250K, capacity 8063K, committed 8140K, reserved 1048576K
}
Event: 661.869 GC heap before
{Heap before GC invocations=56 (full 0):
 garbage-first heap   total 230400K, used 204772K [0x0000000740000000, 0x00000007c0000000)
  region size 1024K, 117 young (119808K), 6 survivors (6144K)
 Metaspace       used 61086K, capacity 62917K, committed 63388K, reserved 1103872K
  class space    used 7250K, capacity 8063K, committed 8140K, reserved 1048576K
}
Event: 661.871 GC heap after
{Heap after GC invocations=57 (full 0):
 garbage-first heap   total 230400K, used 85875K [0x0000000740000000, 0x00000007c0000000)
  region size 1024K, 7 young (7168K), 7 survivors (7168K)
 Metaspace       used 61086K, capacity 62917K, committed 63388K, reserved 1103872K
  class space    used 7250K, capacity 8063K, committed 8140K, reserved 1048576K
}
Event: 662.043 GC heap before
{Heap before GC invocations=57 (full 0):
 garbage-first heap   total 230400K, used 201587K [0x0000000740000000, 0x00000007c0000000)
  region size 1024K, 117 young (119808K), 7 survivors (7168K)
 Metaspace       used 61091K, capacity 62917K, committed 63388K, reserved 1103872K
  class space    used 7250K, capacity 8063K, committed 8140K, reserved 1048576K
}
Event: 662.047 GC heap after
{Heap after GC invocations=58 (full 0):
 garbage-first heap   total 230400K, used 83383K [0x0000000740000000, 0x00000007c0000000)
  region size 1024K, 7 young (7168K), 7 survivors (7168K)
 Metaspace       used 61091K, capacity 62917K, committed 63388K, reserved 1103872K
  class space    used 7250K, capacity 8063K, committed 8140K, reserved 1048576K
}
Event: 662.253 GC heap before
{Heap before GC invocations=58 (full 0):
 garbage-first heap   total 230400K, used 204215K [0x0000000740000000, 0x00000007c0000000)
  region size 1024K, 119 young (121856K), 7 survivors (7168K)
 Metaspace       used 61095K, capacity 62917K, committed 63388K, reserved 1103872K
  class space    used 7250K, capacity 8063K, committed 8140K, reserved 1048576K
}
Event: 662.255 GC heap after
{Heap after GC invocations=59 (full 0):
 garbage-first heap   total 230400K, used 87095K [0x0000000740000000, 0x00000007c0000000)
  region size 1024K, 8 young (8192K), 8 survivors (8192K)
 Metaspace       used 61095K, capacity 62917K, committed 63388K, reserved 1103872K
  class space    used 7250K, capacity 8063K, committed 8140K, reserved 1048576K
}

Deoptimization events (10 events):
Event: 658.454 Thread 0x00007fea75355800 Uncommon trap: reason=class_check action=maybe_recompile pc=0x0000000120293e44 method=net.sf.jasperreports.engine.util.StyleResolver.getForecolor(Lnet/sf/jasperreports/engine/JRCommonElement;)Ljava/awt/Color; @ 1 c2
Event: 658.455 Thread 0x00007fea75355800 Uncommon trap: reason=class_check action=maybe_recompile pc=0x0000000120293e44 method=net.sf.jasperreports.engine.util.StyleResolver.getForecolor(Lnet/sf/jasperreports/engine/JRCommonElement;)Ljava/awt/Color; @ 1 c2
Event: 658.456 Thread 0x00007fea75355800 Uncommon trap: reason=class_check action=maybe_recompile pc=0x0000000120293e44 method=net.sf.jasperreports.engine.util.StyleResolver.getForecolor(Lnet/sf/jasperreports/engine/JRCommonElement;)Ljava/awt/Color; @ 1 c2
Event: 658.531 Thread 0x00007fea7637f800 Uncommon trap: reason=class_check action=maybe_recompile pc=0x0000000120233acc method=java.lang.Character.toUpperCase(I)I @ 5 c2
Event: 658.600 Thread 0x00007fea7637f800 Uncommon trap: reason=unstable_if action=reinterpret pc=0x0000000120428b14 method=sun.java2d.pipe.BufferedContext.validate(Lsun/java2d/pipe/hw/AccelSurface;Lsun/java2d/pipe/hw/AccelSurface;Lsun/java2d/pipe/Region;Ljava/awt/Composite;Ljava/awt/geom/AffineT
Event: 660.630 Thread 0x00007fea75355800 Uncommon trap: reason=unstable_if action=reinterpret pc=0x000000012037861c method=com.sun.javafx.css.StyleManager$RefList.remove(Ljava/lang/Object;)V @ 39 c2
Event: 661.901 Thread 0x00007fea7637f800 Uncommon trap: reason=range_check action=make_not_entrant pc=0x00000001206249d8 method=sun.font.ExtendedTextSourceLabel.createCharinfo()[F @ 338 c2
Event: 668.524 Thread 0x00007fea7637f800 Uncommon trap: reason=class_check action=make_not_entrant pc=0x0000000120668f58 method=java.util.ArrayList.toArray([Ljava/lang/Object;)[Ljava/lang/Object; @ 21 c2
Event: 677.180 Thread 0x00007fea75a3b000 Uncommon trap: reason=unstable_if action=reinterpret pc=0x00000001203caf44 method=java.util.concurrent.locks.AbstractQueuedSynchronizer$ConditionObject.checkInterruptWhileWaiting(Ljava/util/concurrent/locks/AbstractQueuedSynchronizer$Node;)I @ 3 c2
Event: 677.180 Thread 0x00007fea74a9a000 Uncommon trap: reason=unstable_if action=reinterpret pc=0x0000000120629434 method=java.security.AccessControlContext.optimize()Ljava/security/AccessControlContext; @ 49 c2

Classes redefined (0 events):
No events

Internal exceptions (10 events):
Event: 652.796 Thread 0x00007fea75355800 Exception <a 'java/io/FileNotFoundException'{0x0000000749d3f3b0}> (0x0000000749d3f3b0) thrown at [/scratch/mesos/slaves/9190d864-6621-4810-ba08-d8d8c75ba674-S34/frameworks/1735e8a2-a1db-478c-8104-60c8b0af87dd-0196/executors/f87b4890-2412-429e-bdfd-83788a2
Event: 652.796 Thread 0x00007fea75355800 Exception <a 'java/io/FileNotFoundException'{0x0000000749d50be8}> (0x0000000749d50be8) thrown at [/scratch/mesos/slaves/9190d864-6621-4810-ba08-d8d8c75ba674-S34/frameworks/1735e8a2-a1db-478c-8104-60c8b0af87dd-0196/executors/f87b4890-2412-429e-bdfd-83788a2
Event: 652.797 Thread 0x00007fea75355800 Exception <a 'java/io/FileNotFoundException'{0x0000000749d62250}> (0x0000000749d62250) thrown at [/scratch/mesos/slaves/9190d864-6621-4810-ba08-d8d8c75ba674-S34/frameworks/1735e8a2-a1db-478c-8104-60c8b0af87dd-0196/executors/f87b4890-2412-429e-bdfd-83788a2
Event: 655.380 Thread 0x00007fea75355800 Exception <a 'java/io/FileNotFoundException'{0x0000000749b8c778}> (0x0000000749b8c778) thrown at [/scratch/mesos/slaves/9190d864-6621-4810-ba08-d8d8c75ba674-S34/frameworks/1735e8a2-a1db-478c-8104-60c8b0af87dd-0196/executors/f87b4890-2412-429e-bdfd-83788a2
Event: 655.381 Thread 0x00007fea75355800 Exception <a 'java/io/FileNotFoundException'{0x0000000749b9ef70}> (0x0000000749b9ef70) thrown at [/scratch/mesos/slaves/9190d864-6621-4810-ba08-d8d8c75ba674-S34/frameworks/1735e8a2-a1db-478c-8104-60c8b0af87dd-0196/executors/f87b4890-2412-429e-bdfd-83788a2
Event: 655.382 Thread 0x00007fea75355800 Exception <a 'java/io/FileNotFoundException'{0x0000000749baf848}> (0x0000000749baf848) thrown at [/scratch/mesos/slaves/9190d864-6621-4810-ba08-d8d8c75ba674-S34/frameworks/1735e8a2-a1db-478c-8104-60c8b0af87dd-0196/executors/f87b4890-2412-429e-bdfd-83788a2
Event: 655.385 Thread 0x00007fea75355800 Exception <a 'java/io/FileNotFoundException'{0x0000000749bfcd68}> (0x0000000749bfcd68) thrown at [/scratch/mesos/slaves/9190d864-6621-4810-ba08-d8d8c75ba674-S34/frameworks/1735e8a2-a1db-478c-8104-60c8b0af87dd-0196/executors/f87b4890-2412-429e-bdfd-83788a2
Event: 658.409 Thread 0x00007fea75355800 Exception <a 'java/lang/ArrayIndexOutOfBoundsException'{0x00000007485fd170}> (0x00000007485fd170) thrown at [/scratch/mesos/slaves/9190d864-6621-4810-ba08-d8d8c75ba674-S34/frameworks/1735e8a2-a1db-478c-8104-60c8b0af87dd-0196/executors/f87b4890-2412-429e-b
Event: 660.387 Thread 0x00007fea7480c000 Exception <a 'java/lang/NullPointerException'{0x000000074e0632b8}> (0x000000074e0632b8) thrown at [/scratch/mesos/slaves/9190d864-6621-4810-ba08-d8d8c75ba674-S34/frameworks/1735e8a2-a1db-478c-8104-60c8b0af87dd-0196/executors/f87b4890-2412-429e-bdfd-83788a
Event: 677.180 Thread 0x00007fea74a9a000 Implicit null exception at 0x0000000120628ccd to 0x000000012062941a

Events (10 events):
Event: 677.180 Thread 0x00007fea75355800 Thread exited: 0x00007fea75355800
Event: 677.180 Thread 0x00007fea75005800 Thread exited: 0x00007fea75005800
Event: 677.180 Executing VM operation: RevokeBias
Event: 677.180 Executing VM operation: RevokeBias done
Event: 677.180 Thread 0x00007fea75a3b000 Thread exited: 0x00007fea75a3b000
Event: 677.180 Thread 0x00007fea761a7800 Thread exited: 0x00007fea761a7800
Event: 677.180 Thread 0x00007fea74a9a000 Thread added: 0x00007fea74a9a000
Event: 677.180 Thread 0x00007fea74a9a000 Uncommon trap: trap_request=0xffffff55 fr.pc=0x0000000120629434 relative=0x0000000000000e34
Event: 677.181 Thread 0x00007fea74a9a000 DEOPT PACKING pc=0x0000000120629434 sp=0x000070000dce2880
Event: 677.181 Thread 0x00007fea74a9a000 DEOPT UNPACKING pc=0x0000000118521325 sp=0x000070000dce2850 mode 2


Dynamic libraries:
0x00007fff390da000 	/System/Library/Frameworks/Cocoa.framework/Versions/A/Cocoa
0x00007fff466a6000 	/System/Library/Frameworks/Security.framework/Versions/A/Security
0x00007fff38065000 	/System/Library/Frameworks/ApplicationServices.framework/Versions/A/ApplicationServices
0x00007fff70a8b000 	/usr/lib/libz.1.dylib
0x00007fff6e55e000 	/usr/lib/libSystem.B.dylib
0x00007fff3a050000 	/System/Library/Frameworks/CoreFoundation.framework/Versions/A/CoreFoundation
0x00007fff3c715000 	/System/Library/Frameworks/Foundation.framework/Versions/C/Foundation
0x00007fff703af000 	/usr/lib/libobjc.A.dylib
0x00007fff3725a000 	/System/Library/Frameworks/AppKit.framework/Versions/C/AppKit
0x00007fff39b5d000 	/System/Library/Frameworks/CoreData.framework/Versions/A/CoreData
0x00007fff6ae09000 	/System/Library/PrivateFrameworks/UIFoundation.framework/Versions/A/UIFoundation
0x00007fff655f4000 	/System/Library/PrivateFrameworks/RemoteViewServices.framework/Versions/A/RemoteViewServices
0x00007fff6d899000 	/System/Library/PrivateFrameworks/XCTTargetBootstrap.framework/Versions/A/XCTTargetBootstrap
0x00007fff39f40000 	/System/Library/Frameworks/CoreDisplay.framework/Versions/A/CoreDisplay
0x00007fff3f48d000 	/System/Library/Frameworks/Metal.framework/Versions/A/Metal
0x00007fff53a15000 	/System/Library/PrivateFrameworks/DesktopServicesPriv.framework/Versions/A/DesktopServicesPriv
0x00007fff6f694000 	/usr/lib/liblangid.dylib
0x00007fff52b6c000 	/System/Library/PrivateFrameworks/CoreSVG.framework/Versions/A/CoreSVG
0x00007fff683b6000 	/System/Library/PrivateFrameworks/SkyLight.framework/Versions/A/SkyLight
0x00007fff3a4d2000 	/System/Library/Frameworks/CoreGraphics.framework/Versions/A/CoreGraphics
0x00007fff35df9000 	/System/Library/Frameworks/Accelerate.framework/Versions/A/Accelerate
0x00007fff7097c000 	/usr/lib/libxml2.2.dylib
0x00007fff5e733000 	/System/Library/PrivateFrameworks/IconServices.framework/Versions/A/IconServices
0x00007fff3cef9000 	/System/Library/Frameworks/IOSurface.framework/Versions/A/IOSurface
0x00007fff6e096000 	/usr/lib/libDiagnosticMessagesClient.dylib
0x00007fff5388e000 	/System/Library/PrivateFrameworks/DFRFoundation.framework/Versions/A/DFRFoundation
0x00007fff6f422000 	/usr/lib/libicucore.A.dylib
0x00007fff38397000 	/System/Library/Frameworks/AudioToolbox.framework/Versions/A/AudioToolbox
0x00007fff38479000 	/System/Library/Frameworks/AudioUnit.framework/Versions/A/AudioUnit
0x00007fff6e75f000 	/usr/lib/libauto.dylib
0x00007fff5390f000 	/System/Library/PrivateFrameworks/DataDetectorsCore.framework/Versions/A/DataDetectorsCore
0x00007fff38bfa000 	/System/Library/Frameworks/Carbon.framework/Versions/A/Frameworks/HIToolbox.framework/Versions/A/HIToolbox
0x00007fff458d8000 	/System/Library/Frameworks/QuartzCore.framework/Versions/A/QuartzCore
0x00007fff38f39000 	/System/Library/Frameworks/Carbon.framework/Versions/A/Frameworks/SpeechRecognition.framework/Versions/A/SpeechRecognition
0x00007fff53214000 	/System/Library/PrivateFrameworks/CoreUI.framework/Versions/A/CoreUI
0x00007fff395c3000 	/System/Library/Frameworks/CoreAudio.framework/Versions/A/CoreAudio
0x00007fff3c3dd000 	/System/Library/Frameworks/DiskArbitration.framework/Versions/A/DiskArbitration
0x00007fff60747000 	/System/Library/PrivateFrameworks/MultitouchSupport.framework/Versions/A/MultitouchSupport
0x00007fff6f2e8000 	/usr/lib/libenergytrace.dylib
0x00007fff3ce54000 	/System/Library/Frameworks/IOKit.framework/Versions/A/IOKit
0x00007fff3b440000 	/System/Library/Frameworks/CoreServices.framework/Versions/A/CoreServices
0x00007fff62851000 	/System/Library/PrivateFrameworks/PerformanceAnalysis.framework/Versions/A/PerformanceAnalysis
0x00007fff4490e000 	/System/Library/Frameworks/OpenGL.framework/Versions/A/OpenGL
0x00007fff390e8000 	/System/Library/Frameworks/ColorSync.framework/Versions/A/ColorSync
0x00007fff3ab59000 	/System/Library/Frameworks/CoreImage.framework/Versions/A/CoreImage
0x00007fff3beb6000 	/System/Library/Frameworks/CoreText.framework/Versions/A/CoreText
0x00007fff3cf7f000 	/System/Library/Frameworks/ImageIO.framework/Versions/A/ImageIO
0x00007fff6e844000 	/usr/lib/libc++.1.dylib
0x00007fff6e8c0000 	/usr/lib/libcompression.dylib
0x00007fff6e3d8000 	/usr/lib/libMobileGestalt.dylib
0x00007fff69eeb000 	/System/Library/PrivateFrameworks/TextureIO.framework/Versions/A/TextureIO
0x00007fff6e6c5000 	/usr/lib/libate.dylib
0x00007fff5e93c000 	/System/Library/PrivateFrameworks/InternationalSupport.framework/Versions/A/InternationalSupport
0x00007fff71501000 	/usr/lib/system/libcache.dylib
0x00007fff71507000 	/usr/lib/system/libcommonCrypto.dylib
0x00007fff71513000 	/usr/lib/system/libcompiler_rt.dylib
0x00007fff7151b000 	/usr/lib/system/libcopyfile.dylib
0x00007fff71525000 	/usr/lib/system/libcorecrypto.dylib
0x00007fff716d3000 	/usr/lib/system/libdispatch.dylib
0x00007fff71715000 	/usr/lib/system/libdyld.dylib
0x00007fff7174b000 	/usr/lib/system/libkeymgr.dylib
0x00007fff71759000 	/usr/lib/system/liblaunch.dylib
0x00007fff7175a000 	/usr/lib/system/libmacho.dylib
0x00007fff71760000 	/usr/lib/system/libquarantine.dylib
0x00007fff71763000 	/usr/lib/system/libremovefile.dylib
0x00007fff71765000 	/usr/lib/system/libsystem_asl.dylib
0x00007fff7177d000 	/usr/lib/system/libsystem_blocks.dylib
0x00007fff7177e000 	/usr/lib/system/libsystem_c.dylib
0x00007fff71806000 	/usr/lib/system/libsystem_configuration.dylib
0x00007fff7180a000 	/usr/lib/system/libsystem_coreservices.dylib
0x00007fff7180e000 	/usr/lib/system/libsystem_darwin.dylib
0x00007fff71817000 	/usr/lib/system/libsystem_dnssd.dylib
0x00007fff7181f000 	/usr/lib/system/libsystem_featureflags.dylib
0x00007fff71821000 	/usr/lib/system/libsystem_info.dylib
0x00007fff7189c000 	/usr/lib/system/libsystem_m.dylib
0x00007fff718e4000 	/usr/lib/system/libsystem_malloc.dylib
0x00007fff7190c000 	/usr/lib/system/libsystem_networkextension.dylib
0x00007fff7191a000 	/usr/lib/system/libsystem_notify.dylib
0x00007fff71939000 	/usr/lib/system/libsystem_sandbox.dylib
0x00007fff7193e000 	/usr/lib/system/libsystem_secinit.dylib
0x00007fff7186f000 	/usr/lib/system/libsystem_kernel.dylib
0x00007fff71924000 	/usr/lib/system/libsystem_platform.dylib
0x00007fff7192e000 	/usr/lib/system/libsystem_pthread.dylib
0x00007fff71941000 	/usr/lib/system/libsystem_symptoms.dylib
0x00007fff71949000 	/usr/lib/system/libsystem_trace.dylib
0x00007fff71961000 	/usr/lib/system/libunwind.dylib
0x00007fff71967000 	/usr/lib/system/libxpc.dylib
0x00007fff6e898000 	/usr/lib/libc++abi.dylib
0x00007fff6f696000 	/usr/lib/liblzma.5.dylib
0x00007fff6f310000 	/usr/lib/libfakelink.dylib
0x00007fff6e652000 	/usr/lib/libarchive.2.dylib
0x00007fff47846000 	/System/Library/Frameworks/SystemConfiguration.framework/Versions/A/SystemConfiguration
0x00007fff6dfc7000 	/usr/lib/libCRFSuite.dylib
0x00007fff387ef000 	/System/Library/Frameworks/CFNetwork.framework/Versions/A/CFNetwork
0x00007fff6e826000 	/usr/lib/libbsm.0.dylib
0x00007fff7174c000 	/usr/lib/system/libkxld.dylib
0x00007fff4d350000 	/System/Library/PrivateFrameworks/AppleFSCompression.framework/Versions/A/AppleFSCompression
0x00007fff6eba7000 	/usr/lib/libcoretls.dylib
0x00007fff6ebbe000 	/usr/lib/libcoretls_cfhelpers.dylib
0x00007fff703f3000 	/usr/lib/libpam.2.dylib
0x00007fff70526000 	/usr/lib/libsqlite3.dylib
0x00007fff70969000 	/usr/lib/libxar.1.dylib
0x00007fff6e837000 	/usr/lib/libbz2.1.0.dylib
0x00007fff6f331000 	/usr/lib/libiconv.2.dylib
0x00007fff6e8ad000 	/usr/lib/libcharset.1.dylib
0x00007fff6fe9a000 	/usr/lib/libnetwork.dylib
0x00007fff703fa000 	/usr/lib/libpcap.A.dylib
0x00007fff6e607000 	/usr/lib/libapple_nghttp2.dylib
0x00007fff3b7f7000 	/System/Library/Frameworks/CoreServices.framework/Versions/A/Frameworks/FSEvents.framework/Versions/A/FSEvents
0x00007fff3b4c7000 	/System/Library/Frameworks/CoreServices.framework/Versions/A/Frameworks/CarbonCore.framework/Versions/A/CarbonCore
0x00007fff3ba3a000 	/System/Library/Frameworks/CoreServices.framework/Versions/A/Frameworks/Metadata.framework/Versions/A/Metadata
0x00007fff3bad3000 	/System/Library/Frameworks/CoreServices.framework/Versions/A/Frameworks/OSServices.framework/Versions/A/OSServices
0x00007fff3bb01000 	/System/Library/Frameworks/CoreServices.framework/Versions/A/Frameworks/SearchKit.framework/Versions/A/SearchKit
0x00007fff3b441000 	/System/Library/Frameworks/CoreServices.framework/Versions/A/Frameworks/AE.framework/Versions/A/AE
0x00007fff3b800000 	/System/Library/Frameworks/CoreServices.framework/Versions/A/Frameworks/LaunchServices.framework/Versions/A/LaunchServices
0x00007fff3b7a9000 	/System/Library/Frameworks/CoreServices.framework/Versions/A/Frameworks/DictionaryServices.framework/Versions/A/DictionaryServices
0x00007fff3bb69000 	/System/Library/Frameworks/CoreServices.framework/Versions/A/Frameworks/SharedFileList.framework/Versions/A/SharedFileList
0x00007fff40762000 	/System/Library/Frameworks/NetFS.framework/Versions/A/NetFS
0x00007fff60c74000 	/System/Library/PrivateFrameworks/NetAuth.framework/Versions/A/NetAuth
0x00007fff6dc64000 	/System/Library/PrivateFrameworks/login.framework/Versions/A/Frameworks/loginsupport.framework/Versions/A/loginsupport
0x00007fff699e6000 	/System/Library/PrivateFrameworks/TCC.framework/Versions/A/TCC
0x00007fff51f3b000 	/System/Library/PrivateFrameworks/CoreNLP.framework/Versions/A/CoreNLP
0x00007fff60177000 	/System/Library/PrivateFrameworks/MetadataUtilities.framework/Versions/A/MetadataUtilities
0x00007fff6f76e000 	/usr/lib/libmecabra.dylib
0x00007fff6f6c6000 	/usr/lib/libmecab.dylib
0x00007fff6f321000 	/usr/lib/libgermantok.dylib
0x00007fff6e5ee000 	/usr/lib/libThaiTokenizer.dylib
0x00007fff6dfff000 	/usr/lib/libChineseTokenizer.dylib
0x00007fff35e11000 	/System/Library/Frameworks/Accelerate.framework/Versions/A/Frameworks/vImage.framework/Versions/A/vImage
0x00007fff370b4000 	/System/Library/Frameworks/Accelerate.framework/Versions/A/Frameworks/vecLib.framework/Versions/A/vecLib
0x00007fff36ff8000 	/System/Library/Frameworks/Accelerate.framework/Versions/A/Frameworks/vecLib.framework/Versions/A/libvMisc.dylib
0x00007fff36e1e000 	/System/Library/Frameworks/Accelerate.framework/Versions/A/Frameworks/vecLib.framework/Versions/A/libvDSP.dylib
0x00007fff3647d000 	/System/Library/Frameworks/Accelerate.framework/Versions/A/Frameworks/vecLib.framework/Versions/A/libBLAS.dylib
0x00007fff369d8000 	/System/Library/Frameworks/Accelerate.framework/Versions/A/Frameworks/vecLib.framework/Versions/A/libLAPACK.dylib
0x00007fff36d7e000 	/System/Library/Frameworks/Accelerate.framework/Versions/A/Frameworks/vecLib.framework/Versions/A/libLinearAlgebra.dylib
0x00007fff36e0b000 	/System/Library/Frameworks/Accelerate.framework/Versions/A/Frameworks/vecLib.framework/Versions/A/libSparseBLAS.dylib
0x00007fff36d94000 	/System/Library/Frameworks/Accelerate.framework/Versions/A/Frameworks/vecLib.framework/Versions/A/libQuadrature.dylib
0x00007fff366e7000 	/System/Library/Frameworks/Accelerate.framework/Versions/A/Frameworks/vecLib.framework/Versions/A/libBNNS.dylib
0x00007fff36d9a000 	/System/Library/Frameworks/Accelerate.framework/Versions/A/Frameworks/vecLib.framework/Versions/A/libSparse.dylib
0x00007fff5ecfb000 	/System/Library/PrivateFrameworks/LanguageModeling.framework/Versions/A/LanguageModeling
0x00007fff518d7000 	/System/Library/PrivateFrameworks/CoreEmoji.framework/Versions/A/CoreEmoji
0x00007fff5ee19000 	/System/Library/PrivateFrameworks/LinguisticData.framework/Versions/A/LinguisticData
0x00007fff5edca000 	/System/Library/PrivateFrameworks/Lexicon.framework/Versions/A/Lexicon
0x00007fff6e8ae000 	/usr/lib/libcmph.dylib
0x00007fff43334000 	/System/Library/Frameworks/OpenDirectory.framework/Versions/A/Frameworks/CFOpenDirectory.framework/Versions/A/CFOpenDirectory
0x00007fff43351000 	/System/Library/Frameworks/OpenDirectory.framework/Versions/A/OpenDirectory
0x00007fff4b61f000 	/System/Library/PrivateFrameworks/APFS.framework/Versions/A/APFS
0x00007fff469f9000 	/System/Library/Frameworks/SecurityFoundation.framework/Versions/A/SecurityFoundation
0x00007fff70965000 	/usr/lib/libutil.dylib
0x00007fff52bc4000 	/System/Library/PrivateFrameworks/CoreServicesStore.framework/Versions/A/CoreServicesStore
0x00007fff46ab1000 	/System/Library/Frameworks/ServiceManagement.framework/Versions/A/ServiceManagement
0x00007fff4eb07000 	/System/Library/PrivateFrameworks/BackgroundTaskManagement.framework/Versions/A/BackgroundTaskManagement
0x00007fff70a62000 	/usr/lib/libxslt.1.dylib
0x00007fff4d9b5000 	/System/Library/PrivateFrameworks/AppleSystemInfo.framework/Versions/A/AppleSystemInfo
0x00007fff3d19c000 	/System/Library/Frameworks/ImageIO.framework/Versions/A/Resources/libJPEG.dylib
0x00007fff3d45b000 	/System/Library/Frameworks/ImageIO.framework/Versions/A/Resources/libTIFF.dylib
0x00007fff3d43e000 	/System/Library/Frameworks/ImageIO.framework/Versions/A/Resources/libPng.dylib
0x00007fff3d0dd000 	/System/Library/Frameworks/ImageIO.framework/Versions/A/Resources/libGIF.dylib
0x00007fff3d0e1000 	/System/Library/Frameworks/ImageIO.framework/Versions/A/Resources/libJP2.dylib
0x00007fff3d459000 	/System/Library/Frameworks/ImageIO.framework/Versions/A/Resources/libRadiance.dylib
0x00007fff6f2e9000 	/usr/lib/libexpat.1.dylib
0x00007fff4d4ab000 	/System/Library/PrivateFrameworks/AppleJPEG.framework/Versions/A/AppleJPEG
0x00007fff55e31000 	/System/Library/PrivateFrameworks/FontServices.framework/libFontParser.dylib
0x00007fff6ccbb000 	/System/Library/PrivateFrameworks/WatchdogClient.framework/Versions/A/WatchdogClient
0x00007fff5e388000 	/System/Library/PrivateFrameworks/IOAccelerator.framework/Versions/A/IOAccelerator
0x00007fff3f81b000 	/System/Library/Frameworks/MetalPerformanceShaders.framework/Versions/A/MetalPerformanceShaders
0x00007fff5ab7f000 	/System/Library/PrivateFrameworks/GPUWrangler.framework/Versions/A/GPUWrangler
0x00007fff5e393000 	/System/Library/PrivateFrameworks/IOPresentment.framework/Versions/A/IOPresentment
0x00007fff538a1000 	/System/Library/PrivateFrameworks/DSExternalDisplay.framework/Versions/A/DSExternalDisplay
0x00007fff43cba000 	/System/Library/Frameworks/OpenGL.framework/Versions/A/Libraries/libCoreFSCache.dylib
0x00007fff3f56d000 	/System/Library/Frameworks/MetalPerformanceShaders.framework/Frameworks/MPSCore.framework/Versions/A/MPSCore
0x00007fff3f5aa000 	/System/Library/Frameworks/MetalPerformanceShaders.framework/Frameworks/MPSImage.framework/Versions/A/MPSImage
0x00007fff3f66c000 	/System/Library/Frameworks/MetalPerformanceShaders.framework/Frameworks/MPSNeuralNetwork.framework/Versions/A/MPSNeuralNetwork
0x00007fff3f631000 	/System/Library/Frameworks/MetalPerformanceShaders.framework/Frameworks/MPSMatrix.framework/Versions/A/MPSMatrix
0x00007fff3f7cc000 	/System/Library/Frameworks/MetalPerformanceShaders.framework/Frameworks/MPSRayIntersector.framework/Versions/A/MPSRayIntersector
0x00007fff3f656000 	/System/Library/Frameworks/MetalPerformanceShaders.framework/Frameworks/MPSNDArray.framework/Versions/A/MPSNDArray
0x00007fff601c4000 	/System/Library/PrivateFrameworks/MetalTools.framework/Versions/A/MetalTools
0x00007fff4c7d6000 	/System/Library/PrivateFrameworks/AggregateDictionary.framework/Versions/A/AggregateDictionary
0x00007fff51361000 	/System/Library/PrivateFrameworks/CoreAnalytics.framework/Versions/A/CoreAnalytics
0x00007fff4d8d3000 	/System/Library/PrivateFrameworks/AppleSauce.framework/Versions/A/AppleSauce
0x00007fff6e2bb000 	/usr/lib/libIOReport.dylib
0x00007fff3c06b000 	/System/Library/Frameworks/CoreVideo.framework/Versions/A/CoreVideo
0x00007fff5bfeb000 	/System/Library/PrivateFrameworks/GraphVisualizer.framework/Versions/A/GraphVisualizer
0x00007fff553b2000 	/System/Library/PrivateFrameworks/FaceCore.framework/Versions/A/FaceCore
0x00007fff432db000 	/System/Library/Frameworks/OpenCL.framework/Versions/A/OpenCL
0x00007fff6e0dd000 	/usr/lib/libFosl_dynamic.dylib
0x00007fff6166f000 	/System/Library/PrivateFrameworks/OTSVG.framework/Versions/A/OTSVG
0x00007fff3816a000 	/System/Library/Frameworks/ApplicationServices.framework/Versions/A/Frameworks/ATS.framework/Versions/A/Resources/libFontRegistry.dylib
0x00007fff56002000 	/System/Library/PrivateFrameworks/FontServices.framework/libhvf.dylib
0x00007fff43cc5000 	/System/Library/Frameworks/OpenGL.framework/Versions/A/Libraries/libGFXShared.dylib
0x00007fff43ea2000 	/System/Library/Frameworks/OpenGL.framework/Versions/A/Libraries/libGLU.dylib
0x00007fff43cce000 	/System/Library/Frameworks/OpenGL.framework/Versions/A/Libraries/libGL.dylib
0x00007fff43cd9000 	/System/Library/Frameworks/OpenGL.framework/Versions/A/Libraries/libGLImage.dylib
0x00007fff43cb7000 	/System/Library/Frameworks/OpenGL.framework/Versions/A/Libraries/libCVMSPluginSupport.dylib
0x00007fff43cc0000 	/System/Library/Frameworks/OpenGL.framework/Versions/A/Libraries/libCoreVMClient.dylib
0x00007fff6fd3c000 	/usr/lib/libncurses.5.4.dylib
0x00007fff38066000 	/System/Library/Frameworks/ApplicationServices.framework/Versions/A/Frameworks/ATS.framework/Versions/A/ATS
0x00007fff38233000 	/System/Library/Frameworks/ApplicationServices.framework/Versions/A/Frameworks/ColorSyncLegacy.framework/Versions/A/ColorSyncLegacy
0x00007fff382d2000 	/System/Library/Frameworks/ApplicationServices.framework/Versions/A/Frameworks/HIServices.framework/Versions/A/HIServices
0x00007fff38329000 	/System/Library/Frameworks/ApplicationServices.framework/Versions/A/Frameworks/LangAnalysis.framework/Versions/A/LangAnalysis
0x00007fff38338000 	/System/Library/Frameworks/ApplicationServices.framework/Versions/A/Frameworks/PrintCore.framework/Versions/A/PrintCore
0x00007fff3837e000 	/System/Library/Frameworks/ApplicationServices.framework/Versions/A/Frameworks/QD.framework/Versions/A/QD
0x00007fff38389000 	/System/Library/Frameworks/ApplicationServices.framework/Versions/A/Frameworks/SpeechSynthesis.framework/Versions/A/SpeechSynthesis
0x00007fff38203000 	/System/Library/Frameworks/ApplicationServices.framework/Versions/A/Frameworks/ATSUI.framework/Versions/A/ATSUI
0x00007fff6f17d000 	/usr/lib/libcups.2.dylib
0x00007fff3e8ca000 	/System/Library/Frameworks/Kerberos.framework/Versions/A/Kerberos
0x00007fff3cb4a000 	/System/Library/Frameworks/GSS.framework/Versions/A/GSS
0x00007fff704b2000 	/usr/lib/libresolv.9.dylib
0x00007fff5c18c000 	/System/Library/PrivateFrameworks/Heimdal.framework/Versions/A/Heimdal
0x00007fff3e8dd000 	/System/Library/Frameworks/Kerberos.framework/Versions/A/Libraries/libHeimdalProxy.dylib
0x00007fff6f327000 	/usr/lib/libheimdal-asn1.dylib
0x00007fff50807000 	/System/Library/PrivateFrameworks/CommonAuth.framework/Versions/A/CommonAuth
0x00007fff4da52000 	/System/Library/PrivateFrameworks/AssertionServices.framework/Versions/A/AssertionServices
0x00007fff4e5f5000 	/System/Library/PrivateFrameworks/AudioToolboxCore.framework/Versions/A/AudioToolboxCore
0x00007fff6d915000 	/System/Library/PrivateFrameworks/caulk.framework/Versions/A/caulk
0x00007fff4ebb3000 	/System/Library/PrivateFrameworks/BaseBoard.framework/Versions/A/BaseBoard
0x00007fff65783000 	/System/Library/PrivateFrameworks/RunningBoardServices.framework/Versions/A/RunningBoardServices
0x00007fff6285d000 	/System/Library/PrivateFrameworks/PersistentConnection.framework/Versions/A/PersistentConnection
0x00007fff651d2000 	/System/Library/PrivateFrameworks/ProtocolBuffer.framework/Versions/A/ProtocolBuffer
0x00007fff5082c000 	/System/Library/PrivateFrameworks/CommonUtilities.framework/Versions/A/CommonUtilities
0x00007fff4ed36000 	/System/Library/PrivateFrameworks/Bom.framework/Versions/A/Bom
0x00007fff6df8a000 	/usr/lib/libAudioToolboxUtility.dylib
0x00007fff4eb11000 	/System/Library/PrivateFrameworks/Backup.framework/Versions/A/Backup
0x00007fff53611000 	/System/Library/PrivateFrameworks/CrashReporterSupport.framework/Versions/A/CrashReporterSupport
0x00007fff6727a000 	/System/Library/PrivateFrameworks/Sharing.framework/Versions/A/Sharing
0x00007fff4d1f6000 	/System/Library/PrivateFrameworks/Apple80211.framework/Versions/A/Apple80211
0x00007fff4e833000 	/System/Library/PrivateFrameworks/AuthKit.framework/Versions/A/AuthKit
0x00007fff53341000 	/System/Library/PrivateFrameworks/CoreUtils.framework/Versions/A/CoreUtils
0x00007fff3c0b0000 	/System/Library/Frameworks/CoreWLAN.framework/Versions/A/CoreWLAN
0x00007fff3ccd5000 	/System/Library/Frameworks/IOBluetooth.framework/Versions/A/IOBluetooth
0x00007fff604c2000 	/System/Library/PrivateFrameworks/MobileKeyBag.framework/Versions/A/MobileKeyBag
0x00007fff52417000 	/System/Library/PrivateFrameworks/CorePhoneNumbers.framework/Versions/A/CorePhoneNumbers
0x00007fff4d45e000 	/System/Library/PrivateFrameworks/AppleIDAuthSupport.framework/Versions/A/AppleIDAuthSupport
0x00007fff4076f000 	/System/Library/Frameworks/Network.framework/Versions/A/Network
0x00007fff5eb83000 	/System/Library/PrivateFrameworks/KeychainCircle.framework/Versions/A/KeychainCircle
0x00007fff39b25000 	/System/Library/Frameworks/CoreBluetooth.framework/Versions/A/CoreBluetooth
0x00007fff68ef6000 	/System/Library/PrivateFrameworks/SpeechRecognitionCore.framework/Versions/A/SpeechRecognitionCore
0x0000000103a00000 	/Library/Java/JavaVirtualMachines/jdk-10.0.2.jdk/Contents/Home/lib/server/libjvm.dylib
0x00007fff70837000 	/usr/lib/libstdc++.6.dylib
0x00000001031a7000 	/Library/Java/JavaVirtualMachines/jdk-10.0.2.jdk/Contents/Home/lib/libverify.dylib
0x00000001031b4000 	/Library/Java/JavaVirtualMachines/jdk-10.0.2.jdk/Contents/Home/lib/libjava.dylib
0x00000001047a2000 	/Library/Java/JavaVirtualMachines/jdk-10.0.2.jdk/Contents/Home/lib/libinstrument.dylib
0x0000000104836000 	/Library/Java/JavaVirtualMachines/jdk-10.0.2.jdk/Contents/Home/lib/libzip.dylib
0x000000010483e000 	/Library/Java/JavaVirtualMachines/jdk-10.0.2.jdk/Contents/Home/lib/libjimage.dylib
0x000000010c959000 	/Library/Java/JavaVirtualMachines/jdk-10.0.2.jdk/Contents/Home/lib/libnio.dylib
0x000000010c969000 	/Library/Java/JavaVirtualMachines/jdk-10.0.2.jdk/Contents/Home/lib/libnet.dylib
0x000000010c821000 	/Library/Java/JavaVirtualMachines/jdk-10.0.2.jdk/Contents/Home/lib/libprism_es2.dylib
0x00007fff52b90000 	/System/Library/PrivateFrameworks/CoreServicesInternal.framework/Versions/A/CoreServicesInternal
0x00007fff4491e000 	/System/Library/Frameworks/OpenGL.framework/Versions/A/Resources/GLEngine.bundle/GLEngine
0x00007fff43d0f000 	/System/Library/Frameworks/OpenGL.framework/Versions/A/Libraries/libGLProgrammability.dylib
0x00007fff31ef5000 	/System/Library/Extensions/AppleIntelKBLGraphicsGLDriver.bundle/Contents/MacOS/AppleIntelKBLGraphicsGLDriver
0x00007fff5ab73000 	/System/Library/PrivateFrameworks/GPUSupport.framework/Versions/A/Libraries/libGPUSupportMercury.dylib
0x00007fff44a98000 	/System/Library/Frameworks/OpenGL.framework/Versions/A/Resources/GLRendererFloat.bundle/GLRendererFloat
0x00007fff432d2000 	/System/Library/Frameworks/OpenCL.framework/Versions/A/Libraries/libcldcpuengine.dylib
0x00007fff6ed62000 	/usr/lib/libcrypto.35.dylib
0x00007fff6a12f000 	/System/Library/PrivateFrameworks/TrustEvaluationAgent.framework/Versions/A/TrustEvaluationAgent
0x000000010d08b000 	/Library/Java/JavaVirtualMachines/jdk-10.0.2.jdk/Contents/Home/lib/libglass.dylib
0x00007fff3c5d7000 	/System/Library/Frameworks/FileProvider.framework/Versions/A/FileProvider
0x00007fff370b5000 	/System/Library/Frameworks/Accounts.framework/Versions/A/Accounts
0x00007fff5aea1000 	/System/Library/PrivateFrameworks/GenerationalStorage.framework/Versions/A/GenerationalStorage
0x00007fff530f5000 	/System/Library/PrivateFrameworks/CoreSymbolication.framework/Versions/A/CoreSymbolication
0x00007fff69727000 	/System/Library/PrivateFrameworks/SymptomDiagnosticReporter.framework/Versions/A/SymptomDiagnosticReporter
0x00007fff4cce7000 	/System/Library/PrivateFrameworks/AppContainer.framework/Versions/A/AppContainer
0x00007fff704cc000 	/usr/lib/libsandbox.1.dylib
0x00007fff6bc57000 	/System/Library/PrivateFrameworks/UserManagement.framework/Versions/A/UserManagement
0x00007fff4f8f8000 	/System/Library/PrivateFrameworks/ChunkingLibrary.framework/Versions/A/ChunkingLibrary
0x00007fff539d6000 	/System/Library/PrivateFrameworks/DebugSymbols.framework/Versions/A/DebugSymbols
0x00007fff4cd59000 	/System/Library/PrivateFrameworks/AppSandbox.framework/Versions/A/AppSandbox
0x00007fff67104000 	/System/Library/PrivateFrameworks/SecCodeWrapper.framework/Versions/A/SecCodeWrapper
0x00007fff6e3a1000 	/usr/lib/libMatch.1.dylib
0x00007fff2e6d5000 	/System/Library/CoreServices/RawCamera.bundle/Contents/MacOS/RawCamera
0x00007fff602ec000 	/System/Library/PrivateFrameworks/MobileAsset.framework/Versions/A/MobileAsset
0x00007fff695d5000 	/System/Library/PrivateFrameworks/StreamingZip.framework/Versions/A/StreamingZip
0x00007fff3ed46000 	/System/Library/Frameworks/MediaToolbox.framework/Versions/A/MediaToolbox
0x00007fff51310000 	/System/Library/PrivateFrameworks/CoreAVCHD.framework/Versions/A/CoreAVCHD
0x00007fff3ec70000 	/System/Library/Frameworks/MediaAccessibility.framework/Versions/A/MediaAccessibility
0x00007fff5f6b7000 	/System/Library/PrivateFrameworks/Mangrove.framework/Versions/A/Mangrove
0x00007fff3b27a000 	/System/Library/Frameworks/CoreMedia.framework/Versions/A/CoreMedia
0x00007fff5f923000 	/System/Library/PrivateFrameworks/MediaExperience.framework/Versions/A/MediaExperience
0x00007fff47b2c000 	/System/Library/Frameworks/VideoToolbox.framework/Versions/A/VideoToolbox
0x00007fff50f3a000 	/System/Library/PrivateFrameworks/CoreAUC.framework/Versions/A/CoreAUC
0x00007fff70524000 	/usr/lib/libspindump.dylib
0x00007fff4dfa0000 	/System/Library/PrivateFrameworks/AudioResourceArbitration.framework/Versions/A/AudioResourceArbitration
0x00007fff4d9b9000 	/System/Library/PrivateFrameworks/AppleVA.framework/Versions/A/AppleVA
0x00007fff35dfa000 	/System/Library/Frameworks/Accelerate.framework/Versions/A/Frameworks/vImage.framework/Versions/A/Libraries/libCGInterfaces.dylib
0x000000012a988000 	/usr/lib/libobjc-trampolines.dylib
0x00007fff6ca2b000 	/System/Library/PrivateFrameworks/ViewBridge.framework/Versions/A/ViewBridge
0x00007fff55f69000 	/System/Library/PrivateFrameworks/FontServices.framework/libTrueTypeScaler.dylib
0x00007fff32d1e000 	/System/Library/Extensions/AppleIntelKBLGraphicsMTLDriver.bundle/Contents/MacOS/AppleIntelKBLGraphicsMTLDriver
0x00007fff594d7000 	/System/Library/PrivateFrameworks/GPUCompiler.framework/Versions/3902/Libraries/libmetal_timestamp.dylib
0x000000010caa9000 	/Library/Java/JavaVirtualMachines/jdk-10.0.2.jdk/Contents/Home/lib/libjavafx_font.dylib
0x000000012d2e4000 	/Library/Java/JavaVirtualMachines/jdk-10.0.2.jdk/Contents/Home/lib/libawt.dylib
0x000000012cd1b000 	/Library/Java/JavaVirtualMachines/jdk-10.0.2.jdk/Contents/Home/lib/libmlib_image.dylib
0x00007fff3e8b3000 	/System/Library/Frameworks/JavaVM.framework/Versions/A/Frameworks/JavaNativeFoundation.framework/Versions/A/JavaNativeFoundation
0x00007fff3e8bc000 	/System/Library/Frameworks/JavaVM.framework/Versions/A/Frameworks/JavaRuntimeSupport.framework/Versions/A/JavaRuntimeSupport
0x00007fff3e8c5000 	/System/Library/Frameworks/JavaVM.framework/Versions/A/JavaVM
0x00007fff5e9e6000 	/System/Library/PrivateFrameworks/JavaLaunching.framework/Versions/A/JavaLaunching
0x00007fff38bf5000 	/System/Library/Frameworks/Carbon.framework/Versions/A/Carbon
0x00007fff38bf6000 	/System/Library/Frameworks/Carbon.framework/Versions/A/Frameworks/CommonPanels.framework/Versions/A/CommonPanels
0x00007fff38eef000 	/System/Library/Frameworks/Carbon.framework/Versions/A/Frameworks/Help.framework/Versions/A/Help
0x00007fff38ef3000 	/System/Library/Frameworks/Carbon.framework/Versions/A/Frameworks/ImageCapture.framework/Versions/A/ImageCapture
0x00007fff38efa000 	/System/Library/Frameworks/Carbon.framework/Versions/A/Frameworks/OpenScripting.framework/Versions/A/OpenScripting
0x00007fff38ef9000 	/System/Library/Frameworks/Carbon.framework/Versions/A/Frameworks/Ink.framework/Versions/A/Ink
0x00007fff38f35000 	/System/Library/Frameworks/Carbon.framework/Versions/A/Frameworks/Print.framework/Versions/A/Print
0x00007fff38f36000 	/System/Library/Frameworks/Carbon.framework/Versions/A/Frameworks/SecurityHI.framework/Versions/A/SecurityHI
0x000000012d389000 	/Library/Java/JavaVirtualMachines/jdk-10.0.2.jdk/Contents/Home/lib/libawt_lwawt.dylib
0x000000012c9f5000 	/Library/Java/JavaVirtualMachines/jdk-10.0.2.jdk/Contents/Home/lib/libosxapp.dylib
0x00007fff3c5b8000 	/System/Library/Frameworks/ExceptionHandling.framework/Versions/A/ExceptionHandling
0x000000012d449000 	/Library/Java/JavaVirtualMachines/jdk-10.0.2.jdk/Contents/Home/lib/libfontmanager.dylib
0x000000010ca42000 	/Library/Java/JavaVirtualMachines/jdk-10.0.2.jdk/Contents/Home/lib/libjavafx_iio.dylib
0x00007fff70909000 	/usr/lib/libusrtcp.dylib
0x00007fff6dc67000 	/System/Library/PrivateFrameworks/login.framework/Versions/A/login
0x00007fff697a2000 	/System/Library/PrivateFrameworks/SystemAdministration.framework/Versions/A/SystemAdministration
0x00007fff53d7d000 	/System/Library/PrivateFrameworks/DiskManagement.framework/Versions/A/DiskManagement
0x00007fff3c301000 	/System/Library/Frameworks/DirectoryService.framework/Versions/A/DirectoryService
0x00007fff53cb4000 	/System/Library/PrivateFrameworks/DiskImages.framework/Versions/A/DiskImages
0x00007fff5eec1000 	/System/Library/PrivateFrameworks/LoginUIKit.framework/Versions/A/Frameworks/LoginUICore.framework/Versions/A/LoginUICore
0x00007fff6e00a000 	/usr/lib/libCoreStorage.dylib
0x00007fff6f16a000 	/usr/lib/libcsfde.dylib
0x00007fff703e1000 	/usr/lib/libodfde.dylib
0x00007fff5f9ae000 	/System/Library/PrivateFrameworks/MediaKit.framework/Versions/A/MediaKit
0x00007fff3c30d000 	/System/Library/Frameworks/DiscRecording.framework/Versions/A/DiscRecording
0x00007fff53f2c000 	/System/Library/PrivateFrameworks/EFILogin.framework/Versions/A/EFILogin
0x00007fff65177000 	/System/Library/PrivateFrameworks/ProtectedCloudStorage.framework/Versions/A/ProtectedCloudStorage
0x00007fff6f1de000 	/usr/lib/libcurl.4.dylib
0x00007fff6f063000 	/usr/lib/libcrypto.44.dylib
0x00007fff70807000 	/usr/lib/libssl.46.dylib
0x00007fff3e8de000 	/System/Library/Frameworks/LDAP.framework/Versions/A/LDAP
0x00007fff70511000 	/usr/lib/libsasl2.2.dylib
0x00007fff5164b000 	/System/Library/PrivateFrameworks/CoreDaemon.framework/Versions/B/CoreDaemon
0x00007fff4d8ce000 	/System/Library/PrivateFrameworks/AppleSRP.framework/Versions/A/AppleSRP
0x00000001290f0000 	/Library/Java/JavaVirtualMachines/jdk-10.0.2.jdk/Contents/Home/lib/libosxui.dylib
0x0000000170552000 	/Library/Java/JavaVirtualMachines/jdk-10.0.2.jdk/Contents/Home/lib/libjavajpeg.dylib


VM Arguments:
jvm_args: -javaagent:/Applications/IntelliJ IDEA CE.app/Contents/lib/idea_rt.jar=49473:/Applications/IntelliJ IDEA CE.app/Contents/bin -Dfile.encoding=UTF-8 
java_command: MainPrincipal
java_class_path (initial): /Users/roberto/_Programacin/JavaFX-MGM/out/production/MGM:/Users/roberto/_Programacin/JavaFX-MGM/libs_mgm/ant-1.7.1.jar:/Users/roberto/_Programacin/JavaFX-MGM/libs_mgm/bsh-2.0b4.jar:/Users/roberto/_Programacin/JavaFX-MGM/libs_mgm/ecj-4.3.1.jar:/Users/roberto/_Programacin/JavaFX-MGM/libs_mgm/core-3.2.1.jar:/Users/roberto/_Programacin/JavaFX-MGM/libs_mgm/gson-2.8.5.jar:/Users/roberto/_Programacin/JavaFX-MGM/libs_mgm/icu4j-57.1.jar:/Users/roberto/_Programacin/JavaFX-MGM/libs_mgm/jxl-2.6.10.jar:/Users/roberto/_Programacin/JavaFX-MGM/libs_mgm/poi-3.10.1.jar:/Users/roberto/_Programacin/JavaFX-MGM/libs_mgm/antlr-2.7.5.jar:/Users/roberto/_Programacin/JavaFX-MGM/libs_mgm/asm-all-4.0.jar:/Users/roberto/_Programacin/JavaFX-MGM/libs_mgm/jaxen-1.1.1.jar:/Users/roberto/_Programacin/JavaFX-MGM/libs_mgm/rhino-1.7.6.jar:/Users/roberto/_Programacin/JavaFX-MGM/libs_mgm/xalan-2.7.2.jar:/Users/roberto/_Programacin/JavaFX-MGM/libs_mgm/velocity-1.7.jar:/Users/roberto/_Programacin/JavaFX-MGM/libs_mgm/barcode4j-2.1.jar:/Users/roberto/_Programacin/JavaFX-MGM/libs_mgm/batik-css-1.8.jar:/Users/roberto/_Programacin/JavaFX-MGM/libs_mgm/batik-dom-1.8.jar:/Users/roberto/_Programacin/JavaFX-MGM/libs_mgm/batik-gvt-1.8.jar:/Users/roberto/_Programacin/JavaFX-MGM/libs_mgm/jfoenix-9.0.6.jar:/Users/roberto/_Programacin/JavaFX-MGM/libs_mgm/pdfbox-2.0.13.jar:/Users/roberto/_Programacin/JavaFX-MGM/libs_mgm/xmpcore-5.1.1.jar:/Users/roberto/_Programacin/JavaFX-MGM/libs_mgm/batik-anim-1.8.jar:/Users/roberto/_Programacin/JavaFX-MGM/libs_mgm/batik-util-1.8.jar:/Users/roberto/_Programacin/JavaFX-MGM/libs_mgm/fontbox-2.0.13.jar:/Users/roberto/_Programacin/JavaFX-MGM/libs_mgm/httpcore-4.3.2.jar:/Users/roberto/_Programacin/JavaFX-MGM/libs_mgm/jcommon-1.0.23.jar:/Users/roberto/_Programacin/JavaFX-MGM/libs_mgm/ZKFingerReader.jar:/Users/roberto/_Programacin/JavaFX-MGM/libs_mgm/itext-2.1.7.js5.jar:/Users/roberto/_Programacin/JavaFX-
Launcher Type: SUN_STANDARD

Logging:
Log output configuration:
#0: stdout all=warning uptime,level,tags
#1: stderr all=off uptime,level,tags

Environment Variables:
PATH=/usr/local/bin:/usr/bin:/bin:/usr/sbin:/sbin
SHELL=/bin/zsh

Signal Handlers:
SIGSEGV: [libjvm.dylib+0x79ac14], sa_mask[0]=11111111011111110111111111111111, sa_flags=SA_ONSTACK|SA_RESTART|SA_SIGINFO
SIGBUS: [libjvm.dylib+0x79ac14], sa_mask[0]=11111111011111110111111111111111, sa_flags=SA_RESTART|SA_SIGINFO
SIGFPE: [libjvm.dylib+0x79ac14], sa_mask[0]=11111111011111110111111111111111, sa_flags=SA_RESTART|SA_SIGINFO
SIGPIPE: [libjvm.dylib+0x635960], sa_mask[0]=11111111011111110111111111111111, sa_flags=SA_RESTART|SA_SIGINFO
SIGXFSZ: [libjvm.dylib+0x635960], sa_mask[0]=11111111011111110111111111111111, sa_flags=SA_RESTART|SA_SIGINFO
SIGILL: [libjvm.dylib+0x79ac14], sa_mask[0]=11111111011111110111111111111111, sa_flags=SA_RESTART|SA_SIGINFO
SIGUSR2: [libjvm.dylib+0x6361f0], sa_mask[0]=00100000000000000000000000000000, sa_flags=SA_RESTART|SA_SIGINFO
SIGHUP: [libjvm.dylib+0x6349db], sa_mask[0]=11111111011111110111111111111111, sa_flags=SA_RESTART|SA_SIGINFO
SIGINT: [libjvm.dylib+0x6349db], sa_mask[0]=11111111011111110111111111111111, sa_flags=SA_RESTART|SA_SIGINFO
SIGTERM: [libjvm.dylib+0x6349db], sa_mask[0]=11111111011111110111111111111111, sa_flags=SA_RESTART|SA_SIGINFO
SIGQUIT: [libjvm.dylib+0x6349db], sa_mask[0]=11111111011111110111111111111111, sa_flags=SA_RESTART|SA_SIGINFO


---------------  S Y S T E M  ---------------

OS:uname:Darwin 19.2.0 Darwin Kernel Version 19.2.0: Sat Nov  9 03:47:04 PST 2019; root:xnu-6153.61.1~20/RELEASE_X86_64 x86_64
rlimit: STACK 8192k, CORE 0k, NPROC 1392, NOFILE 10240, AS infinity, DATA infinity, FSIZE infinity
load average:2.64 4.77 5.44

CPU:total 4 (initial active 4) (2 cores per cpu, 2 threads per core) family 6 model 142 stepping 9, cmov, cx8, fxsr, mmx, sse, sse2, sse3, ssse3, sse4.1, sse4.2, popcnt, avx, avx2, aes, clmul, erms, rtm, 3dnowpref, lzcnt, ht, tsc, tscinvbit, bmi1, bmi2, adx, fma

Memory: 4k page, physical 8388608k(469092k free)

vm_info: Java HotSpot(TM) 64-Bit Server VM (10.0.2+13) for bsd-amd64 JRE (10.0.2+13), built on Jun 28 2018 00:49:51 by "mach5one" with gcc 4.2.1 Compatible Apple LLVM 6.1.0 (clang-602.0.49)

END.
